commit notification 7249f36a36313c9a51e9ab994afdf243f2a6b88d
Building in workspace /var/lib/jenkins/jobs/iTrust-fuzzer-job/workspace
[WS-CLEANUP] Deleting project workspace...
[WS-CLEANUP] Done
Cloning the remote Git repository
Cloning repository https://github.ncsu.edu/dmolugu/iTrust-v23.git
 > git init /var/lib/jenkins/jobs/iTrust-fuzzer-job/workspace # timeout=10
Fetching upstream changes from https://github.ncsu.edu/dmolugu/iTrust-v23.git
 > git --version # timeout=10
using GIT_ASKPASS to set credentials Github user for RW operations
 > git fetch --tags --progress https://github.ncsu.edu/dmolugu/iTrust-v23.git +refs/heads/*:refs/remotes/origin/*
 > git config remote.origin.url https://github.ncsu.edu/dmolugu/iTrust-v23.git # timeout=10
 > git config --add remote.origin.fetch +refs/heads/*:refs/remotes/origin/* # timeout=10
 > git config remote.origin.url https://github.ncsu.edu/dmolugu/iTrust-v23.git # timeout=10
Fetching upstream changes from https://github.ncsu.edu/dmolugu/iTrust-v23.git
using GIT_ASKPASS to set credentials Github user for RW operations
 > git fetch --tags --progress https://github.ncsu.edu/dmolugu/iTrust-v23.git +refs/heads/*:refs/remotes/origin/*
 > git rev-parse 7249f36a36313c9a51e9ab994afdf243f2a6b88d^{commit} # timeout=10
 > git branch -a -v --no-abbrev --contains 7249f36a36313c9a51e9ab994afdf243f2a6b88d # timeout=10
Checking out Revision 7249f36a36313c9a51e9ab994afdf243f2a6b88d (origin/fuzzer)
 > git config core.sparsecheckout # timeout=10
 > git checkout -f 7249f36a36313c9a51e9ab994afdf243f2a6b88d
Commit message: "Fuzzing commit for master: e6c0d26948a7a44b5aeb5c290e070baec0de858c Build #57"
 > git rev-list a98d9dca0fbc05643b5069021eb8ff644179170e # timeout=10
[workspace] $ /bin/sh -xe /tmp/jenkins728475997916743715.sh
+ cd iTrust
+ mvn test
[INFO] Scanning for projects...
[WARNING] 
[WARNING] Some problems were encountered while building the effective model for iTrust:iTrust:war:23.0.0
[WARNING] 'dependencies.dependency.systemPath' for org.cewolf:cewolf:jar should not point at files within the project directory, ${project.basedir}/WebRoot/WEB-INF/lib/cewolf-1.1.jar will be unresolvable by dependent projects @ line 408, column 18
[WARNING] 
[WARNING] It is highly recommended to fix these problems because they threaten the stability of your build.
[WARNING] 
[WARNING] For this reason, future Maven versions might no longer support building such malformed projects.
[WARNING] 
[INFO]                                                                         
[INFO] ------------------------------------------------------------------------
[INFO] Building iTrust 23.0.0
[INFO] ------------------------------------------------------------------------
[WARNING] The POM for milyn:sac:jar:1.3 is missing, no dependency information available
[INFO] 
[INFO] --- jacoco-maven-plugin:0.7.8:prepare-agent (jacoco-initialize) @ iTrust ---
[INFO] argLine set to -javaagent:/var/lib/jenkins/.m2/repository/org/jacoco/org.jacoco.agent/0.7.8/org.jacoco.agent-0.7.8-runtime.jar=destfile=/var/lib/jenkins/jobs/iTrust-fuzzer-job/workspace/iTrust/target/jacoco.exec
[INFO] 
[INFO] --- maven-resources-plugin:2.6:resources (default-resources) @ iTrust ---
[INFO] Using 'UTF-8' encoding to copy filtered resources.
[INFO] Copying 4 resources
[INFO] 
[INFO] --- maven-compiler-plugin:3.3:compile (default-compile) @ iTrust ---
[INFO] Changes detected - recompiling the module!
[INFO] Compiling 306 source files to /var/lib/jenkins/jobs/iTrust-fuzzer-job/workspace/iTrust/target/classes
[INFO] /var/lib/jenkins/jobs/iTrust-fuzzer-job/workspace/iTrust/src/main/edu/ncsu/csc/itrust/webutils/SessionUtils.java: /var/lib/jenkins/jobs/iTrust-fuzzer-job/workspace/iTrust/src/main/edu/ncsu/csc/itrust/webutils/SessionUtils.java uses unchecked or unsafe operations.
[INFO] /var/lib/jenkins/jobs/iTrust-fuzzer-job/workspace/iTrust/src/main/edu/ncsu/csc/itrust/webutils/SessionUtils.java: Recompile with -Xlint:unchecked for details.
[INFO] 
[INFO] --- maven-resources-plugin:2.6:testResources (default-testResources) @ iTrust ---
[INFO] Using 'UTF-8' encoding to copy filtered resources.
[INFO] Copying 10 resources
[INFO] 
[INFO] --- maven-compiler-plugin:3.3:testCompile (default-testCompile) @ iTrust ---
[INFO] Changes detected - recompiling the module!
[INFO] Compiling 320 source files to /var/lib/jenkins/jobs/iTrust-fuzzer-job/workspace/iTrust/target/test-classes
[INFO] /var/lib/jenkins/jobs/iTrust-fuzzer-job/workspace/iTrust/src/test/java/edu/ncsu/csc/itrust/unit/serverutils/MockHttpSession.java: /var/lib/jenkins/jobs/iTrust-fuzzer-job/workspace/iTrust/src/test/java/edu/ncsu/csc/itrust/unit/serverutils/MockHttpSession.java uses or overrides a deprecated API.
[INFO] /var/lib/jenkins/jobs/iTrust-fuzzer-job/workspace/iTrust/src/test/java/edu/ncsu/csc/itrust/unit/serverutils/MockHttpSession.java: Recompile with -Xlint:deprecation for details.
[INFO] 
[INFO] --- exec-maven-plugin:1.4.0:java (BuildDB) @ iTrust ---
[INFO] 
[INFO] --- exec-maven-plugin:1.4.0:java (GenerateTestData) @ iTrust ---
[INFO] 
[INFO] --- maven-surefire-plugin:2.19:test (default-test) @ iTrust ---

-------------------------------------------------------
 T E S T S
-------------------------------------------------------
Running edu.ncsu.csc.itrust.logger.TransactionLoggerTest
Tests run: 2, Failures: 0, Errors: 0, Skipped: 0, Time elapsed: 0.244 sec - in edu.ncsu.csc.itrust.logger.TransactionLoggerTest
Running edu.ncsu.csc.itrust.model.labtechnician.LabTechnicianControllerTest
Tests run: 1, Failures: 0, Errors: 0, Skipped: 0, Time elapsed: 5.836 sec - in edu.ncsu.csc.itrust.model.labtechnician.LabTechnicianControllerTest
Running edu.ncsu.csc.itrust.unit.bean.HospitalBeanTest
Tests run: 2, Failures: 0, Errors: 0, Skipped: 0, Time elapsed: 0 sec - in edu.ncsu.csc.itrust.unit.bean.HospitalBeanTest
Running edu.ncsu.csc.itrust.unit.bean.PatientBeanTest
Tests run: 3, Failures: 0, Errors: 0, Skipped: 0, Time elapsed: 0.006 sec - in edu.ncsu.csc.itrust.unit.bean.PatientBeanTest
Running edu.ncsu.csc.itrust.unit.bean.RecordsReleaseBeanTest
Tests run: 12, Failures: 0, Errors: 0, Skipped: 0, Time elapsed: 0 sec - in edu.ncsu.csc.itrust.unit.bean.RecordsReleaseBeanTest
Running edu.ncsu.csc.itrust.unit.bean.ReviewsBeanLoaderTest
Tests run: 3, Failures: 0, Errors: 0, Skipped: 0, Time elapsed: 0.113 sec - in edu.ncsu.csc.itrust.unit.bean.ReviewsBeanLoaderTest
Running edu.ncsu.csc.itrust.unit.bean.SurveyResultBeanTest
Tests run: 1, Failures: 0, Errors: 0, Skipped: 0, Time elapsed: 0.001 sec - in edu.ncsu.csc.itrust.unit.bean.SurveyResultBeanTest
Running edu.ncsu.csc.itrust.unit.bean.VisitFlagBeanTest
Tests run: 1, Failures: 0, Errors: 0, Skipped: 0, Time elapsed: 0 sec - in edu.ncsu.csc.itrust.unit.bean.VisitFlagBeanTest
Running edu.ncsu.csc.itrust.unit.bean.SurveyBeanTest
Tests run: 1, Failures: 0, Errors: 0, Skipped: 0, Time elapsed: 0.001 sec - in edu.ncsu.csc.itrust.unit.bean.SurveyBeanTest
Running edu.ncsu.csc.itrust.unit.bean.EmailBeanTest
Tests run: 5, Failures: 0, Errors: 0, Skipped: 0, Time elapsed: 0.002 sec - in edu.ncsu.csc.itrust.unit.bean.EmailBeanTest
Running edu.ncsu.csc.itrust.unit.bean.ZipCodeLoaderTest
Tests run: 2, Failures: 0, Errors: 0, Skipped: 0, Time elapsed: 0.006 sec - in edu.ncsu.csc.itrust.unit.bean.ZipCodeLoaderTest
Running edu.ncsu.csc.itrust.unit.bean.WardBeanLoaderTest
Tests run: 3, Failures: 0, Errors: 0, Skipped: 0, Time elapsed: 0.002 sec - in edu.ncsu.csc.itrust.unit.bean.WardBeanLoaderTest
Running edu.ncsu.csc.itrust.unit.bean.DistanceComparatorTest
edu.ncsu.csc.itrust.exception.DBException: A database exception has occurred. Please see the log in the console for stacktrace
	at edu.ncsu.csc.itrust.model.old.dao.mysql.ZipCodeDAO.getZipCode(ZipCodeDAO.java:40)
	at edu.ncsu.csc.itrust.action.ZipCodeAction.calcDistance(ZipCodeAction.java:49)
	at edu.ncsu.csc.itrust.model.old.beans.DistanceComparator.compare(DistanceComparator.java:16)
	at edu.ncsu.csc.itrust.unit.bean.DistanceComparatorTest.testComparatorEvil(DistanceComparatorTest.java:84)
	at sun.reflect.NativeMethodAccessorImpl.invoke0(Native Method)
	at sun.reflect.NativeMethodAccessorImpl.invoke(NativeMethodAccessorImpl.java:62)
	at sun.reflect.DelegatingMethodAccessorImpl.invoke(DelegatingMethodAccessorImpl.java:43)
	at java.lang.reflect.Method.invoke(Method.java:498)
	at junit.framework.TestCase.runTest(TestCase.java:176)
	at junit.framework.TestCase.runBare(TestCase.java:141)
	at junit.framework.TestResult$1.protect(TestResult.java:122)
	at junit.framework.TestResult.runProtected(TestResult.java:142)
	at junit.framework.TestResult.run(TestResult.java:125)
	at junit.framework.TestCase.run(TestCase.java:129)
	at junit.framework.TestSuite.runTest(TestSuite.java:252)
	at junit.framework.TestSuite.run(TestSuite.java:247)
	at org.junit.internal.runners.JUnit38ClassRunner.run(JUnit38ClassRunner.java:86)
	at org.apache.maven.surefire.junit4.JUnit4Provider.execute(JUnit4Provider.java:344)
	at org.apache.maven.surefire.junit4.JUnit4Provider.executeWithRerun(JUnit4Provider.java:269)
	at org.apache.maven.surefire.junit4.JUnit4Provider.executeTestSet(JUnit4Provider.java:240)
	at org.apache.maven.surefire.junit4.JUnit4Provider.invoke(JUnit4Provider.java:184)
	at org.apache.maven.surefire.booter.ForkedBooter.invokeProviderInSameClassLoader(ForkedBooter.java:286)
	at org.apache.maven.surefire.booter.ForkedBooter.runSuitesInProcess(ForkedBooter.java:240)
	at org.apache.maven.surefire.booter.ForkedBooter.main(ForkedBooter.java:121)
Tests run: 3, Failures: 0, Errors: 0, Skipped: 0, Time elapsed: 1.114 sec - in edu.ncsu.csc.itrust.unit.bean.DistanceComparatorTest
Running edu.ncsu.csc.itrust.unit.bean.GroupReportBeanTest
Tests run: 4, Failures: 0, Errors: 0, Skipped: 0, Time elapsed: 1.036 sec - in edu.ncsu.csc.itrust.unit.bean.GroupReportBeanTest
Running edu.ncsu.csc.itrust.unit.bean.AllergyBeanTest
Tests run: 3, Failures: 0, Errors: 0, Skipped: 0, Time elapsed: 0.001 sec - in edu.ncsu.csc.itrust.unit.bean.AllergyBeanTest
Running edu.ncsu.csc.itrust.unit.bean.WardBeanTest
Tests run: 4, Failures: 0, Errors: 0, Skipped: 0, Time elapsed: 0 sec - in edu.ncsu.csc.itrust.unit.bean.WardBeanTest
Running edu.ncsu.csc.itrust.unit.bean.ReportRequestBeanTest
Tests run: 2, Failures: 0, Errors: 2, Skipped: 0, Time elapsed: 0.008 sec <<< FAILURE! - in edu.ncsu.csc.itrust.unit.bean.ReportRequestBeanTest
testReportRequestBean(edu.ncsu.csc.itrust.unit.bean.ReportRequestBeanTest)  Time elapsed: 0.008 sec  <<< ERROR!
java.lang.ExceptionInInitializerError
	at edu.ncsu.csc.itrust.unit.bean.ReportRequestBeanTest.testReportRequestBean(ReportRequestBeanTest.java:9)
Caused by: java.lang.NullPointerException
	at edu.ncsu.csc.itrust.unit.bean.ReportRequestBeanTest.testReportRequestBean(ReportRequestBeanTest.java:9)

testBadRequestedDate(edu.ncsu.csc.itrust.unit.bean.ReportRequestBeanTest)  Time elapsed: 0 sec  <<< ERROR!
java.lang.NoClassDefFoundError: Could not initialize class edu.ncsu.csc.itrust.model.old.beans.ReportRequestBean
	at edu.ncsu.csc.itrust.unit.bean.ReportRequestBeanTest.testBadRequestedDate(ReportRequestBeanTest.java:29)

Running edu.ncsu.csc.itrust.unit.bean.PersonnelBeanTest
Tests run: 1, Failures: 0, Errors: 0, Skipped: 0, Time elapsed: 0 sec - in edu.ncsu.csc.itrust.unit.bean.PersonnelBeanTest
Running edu.ncsu.csc.itrust.unit.bean.WardRoomBeanLoaderTest
Tests run: 3, Failures: 0, Errors: 0, Skipped: 0, Time elapsed: 0.001 sec - in edu.ncsu.csc.itrust.unit.bean.WardRoomBeanLoaderTest
Running edu.ncsu.csc.itrust.unit.bean.BeanLoaderTest
Tests run: 1, Failures: 0, Errors: 0, Skipped: 0, Time elapsed: 0.001 sec - in edu.ncsu.csc.itrust.unit.bean.BeanLoaderTest
Running edu.ncsu.csc.itrust.unit.bean.MedicationBeanTest
Tests run: 3, Failures: 0, Errors: 0, Skipped: 0, Time elapsed: 0 sec - in edu.ncsu.csc.itrust.unit.bean.MedicationBeanTest
Running edu.ncsu.csc.itrust.unit.bean.TelemedicineBeanTest
Tests run: 3, Failures: 0, Errors: 0, Skipped: 0, Time elapsed: 0 sec - in edu.ncsu.csc.itrust.unit.bean.TelemedicineBeanTest
Running edu.ncsu.csc.itrust.unit.bean.WardRoomBeanTest
Tests run: 6, Failures: 0, Errors: 0, Skipped: 0, Time elapsed: 0.001 sec - in edu.ncsu.csc.itrust.unit.bean.WardRoomBeanTest
Running edu.ncsu.csc.itrust.unit.bean.BillingBeanLoaderTest
Tests run: 3, Failures: 0, Errors: 0, Skipped: 0, Time elapsed: 0.003 sec - in edu.ncsu.csc.itrust.unit.bean.BillingBeanLoaderTest
Running edu.ncsu.csc.itrust.unit.bean.ZipCodeBeanTest
Tests run: 1, Failures: 0, Errors: 0, Skipped: 0, Time elapsed: 0 sec - in edu.ncsu.csc.itrust.unit.bean.ZipCodeBeanTest
Running edu.ncsu.csc.itrust.unit.bean.ApptRequestBeanTest
Tests run: 3, Failures: 0, Errors: 0, Skipped: 0, Time elapsed: 0.001 sec - in edu.ncsu.csc.itrust.unit.bean.ApptRequestBeanTest
Running edu.ncsu.csc.itrust.unit.bean.OverrideReasonBeanTest
Tests run: 1, Failures: 0, Errors: 0, Skipped: 0, Time elapsed: 0.001 sec - in edu.ncsu.csc.itrust.unit.bean.OverrideReasonBeanTest
Running edu.ncsu.csc.itrust.unit.bean.HCPLinkBeanTest
Tests run: 3, Failures: 0, Errors: 0, Skipped: 0, Time elapsed: 0 sec - in edu.ncsu.csc.itrust.unit.bean.HCPLinkBeanTest
Running edu.ncsu.csc.itrust.unit.bean.RatingComparatorTest
Tests run: 1, Failures: 0, Errors: 0, Skipped: 0, Time elapsed: 0.229 sec - in edu.ncsu.csc.itrust.unit.bean.RatingComparatorTest
Running edu.ncsu.csc.itrust.unit.db.DBBuilderTest
Tests run: 1, Failures: 0, Errors: 0, Skipped: 0, Time elapsed: 0.334 sec - in edu.ncsu.csc.itrust.unit.db.DBBuilderTest
Running edu.ncsu.csc.itrust.unit.db.DBUtilTest
Tests run: 2, Failures: 0, Errors: 0, Skipped: 0, Time elapsed: 0 sec - in edu.ncsu.csc.itrust.unit.db.DBUtilTest
Running edu.ncsu.csc.itrust.unit.report.MedicalReportFilterTest
Tests run: 7, Failures: 1, Errors: 0, Skipped: 0, Time elapsed: 1.538 sec <<< FAILURE! - in edu.ncsu.csc.itrust.unit.report.MedicalReportFilterTest
testToString(edu.ncsu.csc.itrust.unit.report.MedicalReportFilterTest)  Time elapsed: 0.231 sec  <<< FAILURE!
junit.framework.ComparisonFailure: expected:<[Filter by ALLERGY with value ]val> but was:<[OfD5_HxlmAALLERGYOfD5_HxlmA]val>
	at edu.ncsu.csc.itrust.unit.report.MedicalReportFilterTest.testToString(MedicalReportFilterTest.java:46)

Running edu.ncsu.csc.itrust.unit.report.PersonnelReportFilterTest
Tests run: 6, Failures: 0, Errors: 0, Skipped: 0, Time elapsed: 1.117 sec - in edu.ncsu.csc.itrust.unit.report.PersonnelReportFilterTest
Running edu.ncsu.csc.itrust.unit.report.DemographicReportFilterTest
Tests run: 62, Failures: 2, Errors: 0, Skipped: 0, Time elapsed: 12.406 sec <<< FAILURE! - in edu.ncsu.csc.itrust.unit.report.DemographicReportFilterTest
testToString(edu.ncsu.csc.itrust.unit.report.DemographicReportFilterTest)  Time elapsed: 0.202 sec  <<< FAILURE!
junit.framework.ComparisonFailure: expected:<Filter by [PHONE #] with value val> but was:<Filter by [ah1mlBOse3] with value val>
	at edu.ncsu.csc.itrust.unit.report.DemographicReportFilterTest.testToString(DemographicReportFilterTest.java:511)

testFilterByInvalidUpperAge(edu.ncsu.csc.itrust.unit.report.DemographicReportFilterTest)  Time elapsed: 0.203 sec  <<< FAILURE!
junit.framework.AssertionFailedError
	at edu.ncsu.csc.itrust.unit.report.DemographicReportFilterTest.testFilterByInvalidUpperAge(DemographicReportFilterTest.java:589)

Running edu.ncsu.csc.itrust.unit.model.diagnosis.DiagnosisTest
Tests run: 1, Failures: 0, Errors: 0, Skipped: 0, Time elapsed: 0 sec - in edu.ncsu.csc.itrust.unit.model.diagnosis.DiagnosisTest
Running edu.ncsu.csc.itrust.unit.model.diagnosis.DiagnosisFormTest
Tests run: 1, Failures: 0, Errors: 0, Skipped: 0, Time elapsed: 0.198 sec - in edu.ncsu.csc.itrust.unit.model.diagnosis.DiagnosisFormTest
Running edu.ncsu.csc.itrust.unit.model.diagnosis.DiagnosisMySQLTest
Tests run: 8, Failures: 2, Errors: 0, Skipped: 0, Time elapsed: 0.794 sec <<< FAILURE! - in edu.ncsu.csc.itrust.unit.model.diagnosis.DiagnosisMySQLTest
testAdd(edu.ncsu.csc.itrust.unit.model.diagnosis.DiagnosisMySQLTest)  Time elapsed: 0.093 sec  <<< FAILURE!
junit.framework.AssertionFailedError: Cannot add null ICDCode
	at edu.ncsu.csc.itrust.unit.model.diagnosis.DiagnosisMySQLTest.testAdd(DiagnosisMySQLTest.java:64)

testUpdate(edu.ncsu.csc.itrust.unit.model.diagnosis.DiagnosisMySQLTest)  Time elapsed: 0.073 sec  <<< FAILURE!
junit.framework.AssertionFailedError: Cannot update null ICDCode
	at edu.ncsu.csc.itrust.unit.model.diagnosis.DiagnosisMySQLTest.testUpdate(DiagnosisMySQLTest.java:84)

Running edu.ncsu.csc.itrust.unit.model.diagnosis.DiagnosisControllerTest
Tests run: 1, Failures: 0, Errors: 0, Skipped: 0, Time elapsed: 0.156 sec - in edu.ncsu.csc.itrust.unit.model.diagnosis.DiagnosisControllerTest
Running edu.ncsu.csc.itrust.unit.model.user.UserDataTest
Tests run: 2, Failures: 0, Errors: 0, Skipped: 0, Time elapsed: 0.033 sec - in edu.ncsu.csc.itrust.unit.model.user.UserDataTest
Running edu.ncsu.csc.itrust.unit.model.user.UserTest
Tests run: 6, Failures: 0, Errors: 0, Skipped: 0, Time elapsed: 0 sec - in edu.ncsu.csc.itrust.unit.model.user.UserTest
Running edu.ncsu.csc.itrust.unit.model.emergencyRecord.EmergencyRecordTest
Tests run: 10, Failures: 0, Errors: 0, Skipped: 0, Time elapsed: 0.002 sec - in edu.ncsu.csc.itrust.unit.model.emergencyRecord.EmergencyRecordTest
Running edu.ncsu.csc.itrust.unit.model.emergencyRecord.EmergencyRecordMySQLTest
Tests run: 5, Failures: 0, Errors: 0, Skipped: 0, Time elapsed: 0.632 sec - in edu.ncsu.csc.itrust.unit.model.emergencyRecord.EmergencyRecordMySQLTest
Running edu.ncsu.csc.itrust.unit.model.labProcedure.LabProcedureMySQLTest
Tests run: 9, Failures: 1, Errors: 1, Skipped: 0, Time elapsed: 1.878 sec <<< FAILURE! - in edu.ncsu.csc.itrust.unit.model.labProcedure.LabProcedureMySQLTest
testUpdateInvalid(edu.ncsu.csc.itrust.unit.model.labProcedure.LabProcedureMySQLTest)  Time elapsed: 0.191 sec  <<< FAILURE!
java.lang.AssertionError: Should throw exception when updating invalid lab procedure
	at edu.ncsu.csc.itrust.unit.model.labProcedure.LabProcedureMySQLTest.testUpdateInvalid(LabProcedureMySQLTest.java:253)

testAddInvalid(edu.ncsu.csc.itrust.unit.model.labProcedure.LabProcedureMySQLTest)  Time elapsed: 0.189 sec  <<< ERROR!
java.lang.NullPointerException
	at edu.ncsu.csc.itrust.unit.model.labProcedure.LabProcedureMySQLTest.testAddInvalid(LabProcedureMySQLTest.java:208)

Running edu.ncsu.csc.itrust.unit.model.labProcedure.LabProcedureTest
Tests run: 25, Failures: 0, Errors: 0, Skipped: 0, Time elapsed: 0.007 sec - in edu.ncsu.csc.itrust.unit.model.labProcedure.LabProcedureTest
Running edu.ncsu.csc.itrust.unit.model.labProcedure.LabProcedureFormTest
Tests run: 19, Failures: 2, Errors: 6, Skipped: 0, Time elapsed: 1.817 sec <<< FAILURE! - in edu.ncsu.csc.itrust.unit.model.labProcedure.LabProcedureFormTest
testSubmitReassignment(edu.ncsu.csc.itrust.unit.model.labProcedure.LabProcedureFormTest)  Time elapsed: 0.08 sec  <<< ERROR!
java.lang.NullPointerException
	at edu.ncsu.csc.itrust.unit.model.labProcedure.LabProcedureFormTest.testSubmitReassignment(LabProcedureFormTest.java:251)

testLabProcedureFormLabProcedureControllerNullLabProcedure(edu.ncsu.csc.itrust.unit.model.labProcedure.LabProcedureFormTest)  Time elapsed: 0.108 sec  <<< ERROR!
java.lang.NullPointerException
	at edu.ncsu.csc.itrust.unit.model.labProcedure.LabProcedureFormTest.testLabProcedureFormLabProcedureControllerNullLabProcedure(LabProcedureFormTest.java:116)

testRemoveLabProcedure(edu.ncsu.csc.itrust.unit.model.labProcedure.LabProcedureFormTest)  Time elapsed: 0.092 sec  <<< FAILURE!
org.mockito.exceptions.verification.WantedButNotInvoked: 

Wanted but not invoked:
labProcedureController.remove("8");
-> at edu.ncsu.csc.itrust.unit.model.labProcedure.LabProcedureFormTest.testRemoveLabProcedure(LabProcedureFormTest.java:210)

However, there were other interactions with this mock:
-> at edu.ncsu.csc.itrust.unit.model.labProcedure.LabProcedureFormTest.setUp(LabProcedureFormTest.java:72)

	at edu.ncsu.csc.itrust.unit.model.labProcedure.LabProcedureFormTest.testRemoveLabProcedure(LabProcedureFormTest.java:210)

testRecordResultsDBException(edu.ncsu.csc.itrust.unit.model.labProcedure.LabProcedureFormTest)  Time elapsed: 0.089 sec  <<< ERROR!
java.lang.NullPointerException
	at edu.ncsu.csc.itrust.unit.model.labProcedure.LabProcedureFormTest.testRecordResultsDBException(LabProcedureFormTest.java:281)

testIsLabProcedureCreated(edu.ncsu.csc.itrust.unit.model.labProcedure.LabProcedureFormTest)  Time elapsed: 0.078 sec  <<< ERROR!
java.lang.NullPointerException
	at edu.ncsu.csc.itrust.unit.model.labProcedure.LabProcedureFormTest.testIsLabProcedureCreated(LabProcedureFormTest.java:261)

testLabProcedureFormLabProcedureController(edu.ncsu.csc.itrust.unit.model.labProcedure.LabProcedureFormTest)  Time elapsed: 0.089 sec  <<< ERROR!
java.lang.NullPointerException
	at edu.ncsu.csc.itrust.unit.model.labProcedure.LabProcedureFormTest.testLabProcedureFormLabProcedureController(LabProcedureFormTest.java:107)

testGetSelectedLabProcedure(edu.ncsu.csc.itrust.unit.model.labProcedure.LabProcedureFormTest)  Time elapsed: 0.078 sec  <<< FAILURE!
java.lang.AssertionError
	at edu.ncsu.csc.itrust.unit.model.labProcedure.LabProcedureFormTest.testGetSelectedLabProcedure(LabProcedureFormTest.java:129)

testRecordResults(edu.ncsu.csc.itrust.unit.model.labProcedure.LabProcedureFormTest)  Time elapsed: 0.083 sec  <<< ERROR!
java.lang.NullPointerException
	at edu.ncsu.csc.itrust.unit.model.labProcedure.LabProcedureFormTest.testRecordResults(LabProcedureFormTest.java:271)

Running edu.ncsu.csc.itrust.unit.model.labProcedure.LabProcedureValidatorTest
Tests run: 13, Failures: 12, Errors: 0, Skipped: 0, Time elapsed: 0.004 sec <<< FAILURE! - in edu.ncsu.csc.itrust.unit.model.labProcedure.LabProcedureValidatorTest
testInvalidResults(edu.ncsu.csc.itrust.unit.model.labProcedure.LabProcedureValidatorTest)  Time elapsed: 0 sec  <<< FAILURE!
java.lang.AssertionError: Validator should catch invalid field results
	at edu.ncsu.csc.itrust.unit.model.labProcedure.LabProcedureValidatorTest.tryValidateWithInvalidField(LabProcedureValidatorTest.java:203)
	at edu.ncsu.csc.itrust.unit.model.labProcedure.LabProcedureValidatorTest.testInvalidResults(LabProcedureValidatorTest.java:143)

testInvalidLabTechnicianID(edu.ncsu.csc.itrust.unit.model.labProcedure.LabProcedureValidatorTest)  Time elapsed: 0 sec  <<< FAILURE!
java.lang.AssertionError: Validator should catch invalid field lab technician ID
	at edu.ncsu.csc.itrust.unit.model.labProcedure.LabProcedureValidatorTest.tryValidateWithInvalidField(LabProcedureValidatorTest.java:203)
	at edu.ncsu.csc.itrust.unit.model.labProcedure.LabProcedureValidatorTest.testInvalidLabTechnicianID(LabProcedureValidatorTest.java:127)

testInvalidHcpMID(edu.ncsu.csc.itrust.unit.model.labProcedure.LabProcedureValidatorTest)  Time elapsed: 0 sec  <<< FAILURE!
java.lang.AssertionError: Validator should catch invalid field HCP MID
	at edu.ncsu.csc.itrust.unit.model.labProcedure.LabProcedureValidatorTest.tryValidateWithInvalidField(LabProcedureValidatorTest.java:203)
	at edu.ncsu.csc.itrust.unit.model.labProcedure.LabProcedureValidatorTest.testInvalidHcpMID(LabProcedureValidatorTest.java:180)

testInvalidCommentary(edu.ncsu.csc.itrust.unit.model.labProcedure.LabProcedureValidatorTest)  Time elapsed: 0.001 sec  <<< FAILURE!
java.lang.AssertionError: Validator should catch invalid field commentary
	at edu.ncsu.csc.itrust.unit.model.labProcedure.LabProcedureValidatorTest.tryValidateWithInvalidField(LabProcedureValidatorTest.java:203)
	at edu.ncsu.csc.itrust.unit.model.labProcedure.LabProcedureValidatorTest.testInvalidCommentary(LabProcedureValidatorTest.java:74)

testInvalidConfidenceIntervalLower(edu.ncsu.csc.itrust.unit.model.labProcedure.LabProcedureValidatorTest)  Time elapsed: 0 sec  <<< FAILURE!
java.lang.AssertionError: Validator should catch invalid field confidence interval lower
	at edu.ncsu.csc.itrust.unit.model.labProcedure.LabProcedureValidatorTest.tryValidateWithInvalidField(LabProcedureValidatorTest.java:203)
	at edu.ncsu.csc.itrust.unit.model.labProcedure.LabProcedureValidatorTest.testInvalidConfidenceIntervalLower(LabProcedureValidatorTest.java:80)

testInvalidConfidenceIntervalUpper(edu.ncsu.csc.itrust.unit.model.labProcedure.LabProcedureValidatorTest)  Time elapsed: 0 sec  <<< FAILURE!
java.lang.AssertionError: Validator should catch invalid field confidence interval upper
	at edu.ncsu.csc.itrust.unit.model.labProcedure.LabProcedureValidatorTest.tryValidateWithInvalidField(LabProcedureValidatorTest.java:203)
	at edu.ncsu.csc.itrust.unit.model.labProcedure.LabProcedureValidatorTest.testInvalidConfidenceIntervalUpper(LabProcedureValidatorTest.java:88)

testInvalidStatus(edu.ncsu.csc.itrust.unit.model.labProcedure.LabProcedureValidatorTest)  Time elapsed: 0.001 sec  <<< FAILURE!
java.lang.AssertionError: Validator should catch invalid status
	at edu.ncsu.csc.itrust.unit.model.labProcedure.LabProcedureValidatorTest.testInvalidStatus(LabProcedureValidatorTest.java:165)

testInvalidLabProcedureCode(edu.ncsu.csc.itrust.unit.model.labProcedure.LabProcedureValidatorTest)  Time elapsed: 0 sec  <<< FAILURE!
java.lang.AssertionError: Validator should catch invalid field lab procedure code
	at edu.ncsu.csc.itrust.unit.model.labProcedure.LabProcedureValidatorTest.tryValidateWithInvalidField(LabProcedureValidatorTest.java:203)
	at edu.ncsu.csc.itrust.unit.model.labProcedure.LabProcedureValidatorTest.testInvalidLabProcedureCode(LabProcedureValidatorTest.java:96)

testInvalidUpdatedDate(edu.ncsu.csc.itrust.unit.model.labProcedure.LabProcedureValidatorTest)  Time elapsed: 0 sec  <<< FAILURE!
java.lang.AssertionError: Validator should catch invalid field updated date
	at edu.ncsu.csc.itrust.unit.model.labProcedure.LabProcedureValidatorTest.tryValidateWithInvalidField(LabProcedureValidatorTest.java:203)
	at edu.ncsu.csc.itrust.unit.model.labProcedure.LabProcedureValidatorTest.testInvalidUpdatedDate(LabProcedureValidatorTest.java:174)

testInvalidLabProcedureID(edu.ncsu.csc.itrust.unit.model.labProcedure.LabProcedureValidatorTest)  Time elapsed: 0 sec  <<< FAILURE!
java.lang.AssertionError: Validator should catch invalid field lab procedure ID
	at edu.ncsu.csc.itrust.unit.model.labProcedure.LabProcedureValidatorTest.tryValidateWithInvalidField(LabProcedureValidatorTest.java:203)
	at edu.ncsu.csc.itrust.unit.model.labProcedure.LabProcedureValidatorTest.testInvalidLabProcedureID(LabProcedureValidatorTest.java:106)

testInvalidPriority(edu.ncsu.csc.itrust.unit.model.labProcedure.LabProcedureValidatorTest)  Time elapsed: 0 sec  <<< FAILURE!
java.lang.AssertionError: Validator should catch invalid field priority
	at edu.ncsu.csc.itrust.unit.model.labProcedure.LabProcedureValidatorTest.tryValidateWithInvalidField(LabProcedureValidatorTest.java:203)
	at edu.ncsu.csc.itrust.unit.model.labProcedure.LabProcedureValidatorTest.testInvalidPriority(LabProcedureValidatorTest.java:135)

testInvalidOfficeVisitID(edu.ncsu.csc.itrust.unit.model.labProcedure.LabProcedureValidatorTest)  Time elapsed: 0.001 sec  <<< FAILURE!
java.lang.AssertionError: Validator should catch invalid field office visit ID
	at edu.ncsu.csc.itrust.unit.model.labProcedure.LabProcedureValidatorTest.tryValidateWithInvalidField(LabProcedureValidatorTest.java:203)
	at edu.ncsu.csc.itrust.unit.model.labProcedure.LabProcedureValidatorTest.testInvalidOfficeVisitID(LabProcedureValidatorTest.java:119)

Running edu.ncsu.csc.itrust.unit.model.prescription.PrescriptionMySQLTest
Tests run: 9, Failures: 0, Errors: 0, Skipped: 0, Time elapsed: 0.97 sec - in edu.ncsu.csc.itrust.unit.model.prescription.PrescriptionMySQLTest
Running edu.ncsu.csc.itrust.unit.model.prescription.PrescriptionTest
Tests run: 1, Failures: 0, Errors: 0, Skipped: 0, Time elapsed: 0 sec - in edu.ncsu.csc.itrust.unit.model.prescription.PrescriptionTest
Running edu.ncsu.csc.itrust.unit.model.ndcode.NDCCodeMySQLTest
Tests run: 2, Failures: 1, Errors: 0, Skipped: 0, Time elapsed: 0.097 sec <<< FAILURE! - in edu.ncsu.csc.itrust.unit.model.ndcode.NDCCodeMySQLTest
testNDCodeMySQL(edu.ncsu.csc.itrust.unit.model.ndcode.NDCCodeMySQLTest)  Time elapsed: 0.094 sec  <<< FAILURE!
junit.framework.AssertionFailedError: Record should not have been added
	at edu.ncsu.csc.itrust.unit.model.ndcode.NDCCodeMySQLTest.testNDCodeMySQL(NDCCodeMySQLTest.java:69)

Running edu.ncsu.csc.itrust.unit.model.ndcode.NDCCodeTest
Tests run: 1, Failures: 0, Errors: 0, Skipped: 0, Time elapsed: 0 sec - in edu.ncsu.csc.itrust.unit.model.ndcode.NDCCodeTest
Running edu.ncsu.csc.itrust.unit.model.medicalProcedure.MedicalProcedureTest
Tests run: 1, Failures: 0, Errors: 0, Skipped: 0, Time elapsed: 0 sec - in edu.ncsu.csc.itrust.unit.model.medicalProcedure.MedicalProcedureTest
Running edu.ncsu.csc.itrust.unit.model.medicalProcedure.MedicalProcedureMySQLTest
Tests run: 1, Failures: 0, Errors: 0, Skipped: 0, Time elapsed: 0.108 sec - in edu.ncsu.csc.itrust.unit.model.medicalProcedure.MedicalProcedureMySQLTest
Running edu.ncsu.csc.itrust.unit.model.loinccode.LOINCCodeMySQLTest
Tests run: 7, Failures: 0, Errors: 0, Skipped: 0, Time elapsed: 0.74 sec - in edu.ncsu.csc.itrust.unit.model.loinccode.LOINCCodeMySQLTest
Running edu.ncsu.csc.itrust.unit.model.loinccode.LOINCCodeTest
Tests run: 2, Failures: 0, Errors: 0, Skipped: 0, Time elapsed: 0 sec - in edu.ncsu.csc.itrust.unit.model.loinccode.LOINCCodeTest
Running edu.ncsu.csc.itrust.unit.model.officeVisit.OfficeVisitSQLLoaderTest
Tests run: 4, Failures: 0, Errors: 0, Skipped: 0, Time elapsed: 0.051 sec - in edu.ncsu.csc.itrust.unit.model.officeVisit.OfficeVisitSQLLoaderTest
Running edu.ncsu.csc.itrust.unit.model.officeVisit.OfficeVisitValidatorTest
Tests run: 16, Failures: 12, Errors: 0, Skipped: 0, Time elapsed: 1.85 sec <<< FAILURE! - in edu.ncsu.csc.itrust.unit.model.officeVisit.OfficeVisitValidatorTest
testInvalidHeadCircumference(edu.ncsu.csc.itrust.unit.model.officeVisit.OfficeVisitValidatorTest)  Time elapsed: 0.113 sec  <<< FAILURE!
java.lang.AssertionError: No error thrown
	at edu.ncsu.csc.itrust.unit.model.officeVisit.OfficeVisitValidatorTest.testInvalidHeadCircumference(OfficeVisitValidatorTest.java:550)

testInvalidTriglyceride(edu.ncsu.csc.itrust.unit.model.officeVisit.OfficeVisitValidatorTest)  Time elapsed: 0.097 sec  <<< FAILURE!
java.lang.AssertionError: No error thrown
	at edu.ncsu.csc.itrust.unit.model.officeVisit.OfficeVisitValidatorTest.testInvalidTriglyceride(OfficeVisitValidatorTest.java:418)

testInvalidApptID(edu.ncsu.csc.itrust.unit.model.officeVisit.OfficeVisitValidatorTest)  Time elapsed: 0.101 sec  <<< FAILURE!
java.lang.AssertionError: No error thrown
	at edu.ncsu.csc.itrust.unit.model.officeVisit.OfficeVisitValidatorTest.testInvalidApptID(OfficeVisitValidatorTest.java:113)

testInvalidHeight(edu.ncsu.csc.itrust.unit.model.officeVisit.OfficeVisitValidatorTest)  Time elapsed: 0.108 sec  <<< FAILURE!
java.lang.AssertionError: No error thrown
	at edu.ncsu.csc.itrust.unit.model.officeVisit.OfficeVisitValidatorTest.testInvalidHeight(OfficeVisitValidatorTest.java:243)

testInvalidLength(edu.ncsu.csc.itrust.unit.model.officeVisit.OfficeVisitValidatorTest)  Time elapsed: 0.119 sec  <<< FAILURE!
java.lang.AssertionError: No error thrown
	at edu.ncsu.csc.itrust.unit.model.officeVisit.OfficeVisitValidatorTest.testInvalidLength(OfficeVisitValidatorTest.java:519)

testInvalidWeight(edu.ncsu.csc.itrust.unit.model.officeVisit.OfficeVisitValidatorTest)  Time elapsed: 0.115 sec  <<< FAILURE!
java.lang.AssertionError: No error thrown
	at edu.ncsu.csc.itrust.unit.model.officeVisit.OfficeVisitValidatorTest.testInvalidWeight(OfficeVisitValidatorTest.java:208)

testInvalidBloodPressure(edu.ncsu.csc.itrust.unit.model.officeVisit.OfficeVisitValidatorTest)  Time elapsed: 0.093 sec  <<< FAILURE!
java.lang.AssertionError: No error thrown
	at edu.ncsu.csc.itrust.unit.model.officeVisit.OfficeVisitValidatorTest.testInvalidBloodPressure(OfficeVisitValidatorTest.java:348)

testSetInvalidHospital(edu.ncsu.csc.itrust.unit.model.officeVisit.OfficeVisitValidatorTest)  Time elapsed: 0.198 sec  <<< FAILURE!
java.lang.AssertionError: No error thrown
	at edu.ncsu.csc.itrust.unit.model.officeVisit.OfficeVisitValidatorTest.testSetInvalidHospital(OfficeVisitValidatorTest.java:142)

testInvalidHDL(edu.ncsu.csc.itrust.unit.model.officeVisit.OfficeVisitValidatorTest)  Time elapsed: 0.133 sec  <<< FAILURE!
java.lang.AssertionError: No error thrown
	at edu.ncsu.csc.itrust.unit.model.officeVisit.OfficeVisitValidatorTest.testInvalidHDL(OfficeVisitValidatorTest.java:383)

testInvalidHSS(edu.ncsu.csc.itrust.unit.model.officeVisit.OfficeVisitValidatorTest)  Time elapsed: 0.12 sec  <<< FAILURE!
java.lang.AssertionError: No error thrown
	at edu.ncsu.csc.itrust.unit.model.officeVisit.OfficeVisitValidatorTest.testInvalidHSS(OfficeVisitValidatorTest.java:278)

testInvalidLDL(edu.ncsu.csc.itrust.unit.model.officeVisit.OfficeVisitValidatorTest)  Time elapsed: 0.101 sec  <<< FAILURE!
java.lang.AssertionError: No error thrown
	at edu.ncsu.csc.itrust.unit.model.officeVisit.OfficeVisitValidatorTest.testInvalidLDL(OfficeVisitValidatorTest.java:453)

testInvalidPSS(edu.ncsu.csc.itrust.unit.model.officeVisit.OfficeVisitValidatorTest)  Time elapsed: 0.114 sec  <<< FAILURE!
java.lang.AssertionError: No error thrown
	at edu.ncsu.csc.itrust.unit.model.officeVisit.OfficeVisitValidatorTest.testInvalidPSS(OfficeVisitValidatorTest.java:313)

Running edu.ncsu.csc.itrust.unit.model.officeVisit.OfficeVisitTest
Tests run: 21, Failures: 0, Errors: 0, Skipped: 0, Time elapsed: 0.089 sec - in edu.ncsu.csc.itrust.unit.model.officeVisit.OfficeVisitTest
Running edu.ncsu.csc.itrust.unit.model.officeVisit.OfficeVisitMySQLTest
Tests run: 3, Failures: 0, Errors: 0, Skipped: 0, Time elapsed: 0.313 sec - in edu.ncsu.csc.itrust.unit.model.officeVisit.OfficeVisitMySQLTest
Running edu.ncsu.csc.itrust.unit.model.patient.PatientDataTest
Tests run: 2, Failures: 0, Errors: 0, Skipped: 0, Time elapsed: 0.03 sec - in edu.ncsu.csc.itrust.unit.model.patient.PatientDataTest
Running edu.ncsu.csc.itrust.unit.model.immunization.ImmunizationValidatorTest
Tests run: 3, Failures: 2, Errors: 0, Skipped: 0, Time elapsed: 0.014 sec <<< FAILURE! - in edu.ncsu.csc.itrust.unit.model.immunization.ImmunizationValidatorTest
testValidationBadCodeZeroLength(edu.ncsu.csc.itrust.unit.model.immunization.ImmunizationValidatorTest)  Time elapsed: 0.005 sec  <<< FAILURE!
java.lang.AssertionError
	at edu.ncsu.csc.itrust.unit.model.immunization.ImmunizationValidatorTest.testValidationBadCodeZeroLength(ImmunizationValidatorTest.java:62)

testValidationBadCodeLength(edu.ncsu.csc.itrust.unit.model.immunization.ImmunizationValidatorTest)  Time elapsed: 0.004 sec  <<< FAILURE!
java.lang.AssertionError
	at edu.ncsu.csc.itrust.unit.model.immunization.ImmunizationValidatorTest.testValidationBadCodeLength(ImmunizationValidatorTest.java:49)

Running edu.ncsu.csc.itrust.unit.model.immunization.ImmunizationTest
Tests run: 3, Failures: 0, Errors: 0, Skipped: 0, Time elapsed: 0 sec - in edu.ncsu.csc.itrust.unit.model.immunization.ImmunizationTest
Running edu.ncsu.csc.itrust.unit.model.immunization.ImmunizationMySQLTest
Tests run: 6, Failures: 1, Errors: 0, Skipped: 0, Time elapsed: 0.625 sec <<< FAILURE! - in edu.ncsu.csc.itrust.unit.model.immunization.ImmunizationMySQLTest
testUpdate(edu.ncsu.csc.itrust.unit.model.immunization.ImmunizationMySQLTest)  Time elapsed: 0.103 sec  <<< FAILURE!
junit.framework.AssertionFailedError: Exception should be thrown
	at edu.ncsu.csc.itrust.unit.model.immunization.ImmunizationMySQLTest.testUpdate(ImmunizationMySQLTest.java:149)

Running edu.ncsu.csc.itrust.unit.model.icdcode.ICDCodeMySQLTest
Tests run: 3, Failures: 1, Errors: 0, Skipped: 0, Time elapsed: 0.22 sec <<< FAILURE! - in edu.ncsu.csc.itrust.unit.model.icdcode.ICDCodeMySQLTest
testDiabolicals(edu.ncsu.csc.itrust.unit.model.icdcode.ICDCodeMySQLTest)  Time elapsed: 0.108 sec  <<< FAILURE!
junit.framework.AssertionFailedError
	at edu.ncsu.csc.itrust.unit.model.icdcode.ICDCodeMySQLTest.testDiabolicals(ICDCodeMySQLTest.java:111)

Running edu.ncsu.csc.itrust.unit.model.icdcode.ICDCodeTest
Tests run: 1, Failures: 0, Errors: 0, Skipped: 0, Time elapsed: 0 sec - in edu.ncsu.csc.itrust.unit.model.icdcode.ICDCodeTest
Running edu.ncsu.csc.itrust.unit.model.cptcode.CPTCodeValidatorTest
Tests run: 3, Failures: 0, Errors: 0, Skipped: 0, Time elapsed: 0 sec - in edu.ncsu.csc.itrust.unit.model.cptcode.CPTCodeValidatorTest
Running edu.ncsu.csc.itrust.unit.model.cptcode.CPTCodeTest
Tests run: 2, Failures: 0, Errors: 0, Skipped: 0, Time elapsed: 0.001 sec - in edu.ncsu.csc.itrust.unit.model.cptcode.CPTCodeTest
Running edu.ncsu.csc.itrust.unit.model.cptcode.CPTCodeMySQLTest
Tests run: 3, Failures: 1, Errors: 0, Skipped: 0, Time elapsed: 0.197 sec <<< FAILURE! - in edu.ncsu.csc.itrust.unit.model.cptcode.CPTCodeMySQLTest
testDiabolicals(edu.ncsu.csc.itrust.unit.model.cptcode.CPTCodeMySQLTest)  Time elapsed: 0.085 sec  <<< FAILURE!
junit.framework.AssertionFailedError
	at edu.ncsu.csc.itrust.unit.model.cptcode.CPTCodeMySQLTest.testDiabolicals(CPTCodeMySQLTest.java:111)

Running edu.ncsu.csc.itrust.unit.BeanBuilderTest
Tests run: 6, Failures: 1, Errors: 3, Skipped: 0, Time elapsed: 0.019 sec <<< FAILURE! - in edu.ncsu.csc.itrust.unit.BeanBuilderTest
testEmptyPatientDateOfBirth(edu.ncsu.csc.itrust.unit.BeanBuilderTest)  Time elapsed: 0.014 sec  <<< ERROR!
java.lang.NullPointerException
	at edu.ncsu.csc.itrust.unit.BeanBuilderTest.testEmptyPatientDateOfBirth(BeanBuilderTest.java:15)

testEqualsOkayToBeOverloaded(edu.ncsu.csc.itrust.unit.BeanBuilderTest)  Time elapsed: 0.002 sec  <<< FAILURE!
junit.framework.ComparisonFailure: expected:<[test text]> but was:<[]>
	at edu.ncsu.csc.itrust.unit.BeanBuilderTest.testEqualsOkayToBeOverloaded(BeanBuilderTest.java:59)

testOverloadedConstructor(edu.ncsu.csc.itrust.unit.BeanBuilderTest)  Time elapsed: 0.002 sec  <<< ERROR!
java.lang.NullPointerException
	at edu.ncsu.csc.itrust.unit.BeanBuilderTest.testOverloadedConstructor(BeanBuilderTest.java:51)

testPartialPatient(edu.ncsu.csc.itrust.unit.BeanBuilderTest)  Time elapsed: 0 sec  <<< ERROR!
java.lang.NullPointerException
	at edu.ncsu.csc.itrust.unit.BeanBuilderTest.testPartialPatient(BeanBuilderTest.java:28)

Running edu.ncsu.csc.itrust.unit.action.AddApptActionTest
Tests run: 6, Failures: 0, Errors: 3, Skipped: 0, Time elapsed: 1.552 sec <<< FAILURE! - in edu.ncsu.csc.itrust.unit.action.AddApptActionTest
testAddAppt(edu.ncsu.csc.itrust.unit.action.AddApptActionTest)  Time elapsed: 0.199 sec  <<< ERROR!
java.lang.NullPointerException
	at edu.ncsu.csc.itrust.unit.action.AddApptActionTest.testAddAppt(AddApptActionTest.java:45)

testAddConflicts(edu.ncsu.csc.itrust.unit.action.AddApptActionTest)  Time elapsed: 0.32 sec  <<< ERROR!
java.lang.NullPointerException
	at edu.ncsu.csc.itrust.unit.action.AddApptActionTest.testAddConflicts(AddApptActionTest.java:88)

testGetConflicts(edu.ncsu.csc.itrust.unit.action.AddApptActionTest)  Time elapsed: 0.352 sec  <<< ERROR!
java.lang.NullPointerException
	at edu.ncsu.csc.itrust.unit.action.AddApptActionTest.testGetConflicts(AddApptActionTest.java:115)

Running edu.ncsu.csc.itrust.unit.action.ViewPatientActionTest
Tests run: 2, Failures: 0, Errors: 2, Skipped: 0, Time elapsed: 0.177 sec <<< FAILURE! - in edu.ncsu.csc.itrust.unit.action.ViewPatientActionTest
testGetViewablePatients(edu.ncsu.csc.itrust.unit.action.ViewPatientActionTest)  Time elapsed: 0.088 sec  <<< ERROR!
java.lang.NullPointerException
	at edu.ncsu.csc.itrust.unit.action.ViewPatientActionTest.setUp(ViewPatientActionTest.java:27)

testGetPatient(edu.ncsu.csc.itrust.unit.action.ViewPatientActionTest)  Time elapsed: 0.089 sec  <<< ERROR!
java.lang.NullPointerException
	at edu.ncsu.csc.itrust.unit.action.ViewPatientActionTest.setUp(ViewPatientActionTest.java:27)

Running edu.ncsu.csc.itrust.unit.action.DeclareHCPActionExceptionTest
Tests run: 2, Failures: 0, Errors: 0, Skipped: 0, Time elapsed: 0 sec - in edu.ncsu.csc.itrust.unit.action.DeclareHCPActionExceptionTest
Running edu.ncsu.csc.itrust.unit.action.AddPatientActionTest
Tests run: 1, Failures: 0, Errors: 1, Skipped: 0, Time elapsed: 0.019 sec <<< FAILURE! - in edu.ncsu.csc.itrust.unit.action.AddPatientActionTest
testAddPatient(edu.ncsu.csc.itrust.unit.action.AddPatientActionTest)  Time elapsed: 0.019 sec  <<< ERROR!
java.lang.NullPointerException
	at edu.ncsu.csc.itrust.unit.action.AddPatientActionTest.testAddPatient(AddPatientActionTest.java:45)

Running edu.ncsu.csc.itrust.unit.action.GenerateCalendarActionTest
Tests run: 3, Failures: 0, Errors: 3, Skipped: 0, Time elapsed: 0.74 sec <<< FAILURE! - in edu.ncsu.csc.itrust.unit.action.GenerateCalendarActionTest
testGetSend(edu.ncsu.csc.itrust.unit.action.GenerateCalendarActionTest)  Time elapsed: 0.204 sec  <<< ERROR!
java.lang.NullPointerException
	at edu.ncsu.csc.itrust.unit.action.GenerateCalendarActionTest.setUp(GenerateCalendarActionTest.java:37)

testGetApptsTable(edu.ncsu.csc.itrust.unit.action.GenerateCalendarActionTest)  Time elapsed: 0.268 sec  <<< ERROR!
java.lang.NullPointerException
	at edu.ncsu.csc.itrust.unit.action.GenerateCalendarActionTest.setUp(GenerateCalendarActionTest.java:37)

testGetConflicts(edu.ncsu.csc.itrust.unit.action.GenerateCalendarActionTest)  Time elapsed: 0.268 sec  <<< ERROR!
java.lang.NullPointerException
	at edu.ncsu.csc.itrust.unit.action.GenerateCalendarActionTest.setUp(GenerateCalendarActionTest.java:37)

Running edu.ncsu.csc.itrust.unit.action.ViewMyBillingActionTest
Tests run: 2, Failures: 0, Errors: 1, Skipped: 0, Time elapsed: 0.542 sec <<< FAILURE! - in edu.ncsu.csc.itrust.unit.action.ViewMyBillingActionTest
testGetAllMyBills(edu.ncsu.csc.itrust.unit.action.ViewMyBillingActionTest)  Time elapsed: 0.285 sec  <<< ERROR!
java.lang.NullPointerException
	at edu.ncsu.csc.itrust.unit.action.ViewMyBillingActionTest.testGetAllMyBills(ViewMyBillingActionTest.java:31)

Running edu.ncsu.csc.itrust.unit.action.ViewMyAccessLogActionTest
Tests run: 8, Failures: 2, Errors: 6, Skipped: 0, Time elapsed: 0.943 sec <<< FAILURE! - in edu.ncsu.csc.itrust.unit.action.ViewMyAccessLogActionTest
testDefaultNoList(edu.ncsu.csc.itrust.unit.action.ViewMyAccessLogActionTest)  Time elapsed: 0.11 sec  <<< ERROR!
java.lang.IllegalArgumentException: Illegal pattern character 'e'
	at edu.ncsu.csc.itrust.unit.action.ViewMyAccessLogActionTest.testDefaultNoList(ViewMyAccessLogActionTest.java:111)

testGetAccessesIllegalUser(edu.ncsu.csc.itrust.unit.action.ViewMyAccessLogActionTest)  Time elapsed: 0.108 sec  <<< FAILURE!
junit.framework.AssertionFailedError: expected:<1> but was:<0>
	at edu.ncsu.csc.itrust.unit.action.ViewMyAccessLogActionTest.testGetAccessesIllegalUser(ViewMyAccessLogActionTest.java:57)

testNoProblems(edu.ncsu.csc.itrust.unit.action.ViewMyAccessLogActionTest)  Time elapsed: 0.108 sec  <<< ERROR!
edu.ncsu.csc.itrust.exception.FormValidationException: This form has not been validated correctly. The following field are not properly filled in: []
	at edu.ncsu.csc.itrust.unit.action.ViewMyAccessLogActionTest.testNoProblems(ViewMyAccessLogActionTest.java:39)

testDLHCPAccessesHidden(edu.ncsu.csc.itrust.unit.action.ViewMyAccessLogActionTest)  Time elapsed: 0.133 sec  <<< ERROR!
edu.ncsu.csc.itrust.exception.FormValidationException: This form has not been validated correctly. The following field are not properly filled in: []
	at edu.ncsu.csc.itrust.unit.action.ViewMyAccessLogActionTest.testDLHCPAccessesHidden(ViewMyAccessLogActionTest.java:103)

testDefaultWithList(edu.ncsu.csc.itrust.unit.action.ViewMyAccessLogActionTest)  Time elapsed: 0.114 sec  <<< ERROR!
java.lang.IllegalArgumentException: Illegal pattern character 'g'
	at edu.ncsu.csc.itrust.unit.action.ViewMyAccessLogActionTest.testDefaultWithList(ViewMyAccessLogActionTest.java:121)

testGetAccessesBadData(edu.ncsu.csc.itrust.unit.action.ViewMyAccessLogActionTest)  Time elapsed: 0.133 sec  <<< FAILURE!
junit.framework.AssertionFailedError: expected:<1> but was:<0>
	at edu.ncsu.csc.itrust.unit.action.ViewMyAccessLogActionTest.testGetAccessesBadData(ViewMyAccessLogActionTest.java:77)

testNoProblemsDependentLog(edu.ncsu.csc.itrust.unit.action.ViewMyAccessLogActionTest)  Time elapsed: 0.122 sec  <<< ERROR!
edu.ncsu.csc.itrust.exception.FormValidationException: This form has not been validated correctly. The following field are not properly filled in: []
	at edu.ncsu.csc.itrust.unit.action.ViewMyAccessLogActionTest.testNoProblemsDependentLog(ViewMyAccessLogActionTest.java:46)

testGetAccessesByRole(edu.ncsu.csc.itrust.unit.action.ViewMyAccessLogActionTest)  Time elapsed: 0.115 sec  <<< ERROR!
edu.ncsu.csc.itrust.exception.FormValidationException: This form has not been validated correctly. The following field are not properly filled in: []
	at edu.ncsu.csc.itrust.unit.action.ViewMyAccessLogActionTest.testGetAccessesByRole(ViewMyAccessLogActionTest.java:85)

Running edu.ncsu.csc.itrust.unit.action.EditRepresentativesActionTest
edu.ncsu.csc.itrust.exception.DBException: A database exception has occurred. Please see the log in the console for stacktrace
	at edu.ncsu.csc.itrust.model.old.dao.mysql.PatientDAO.checkIfPatientIsActive(PatientDAO.java:433)
	at edu.ncsu.csc.itrust.action.EditRepresentativesAction.checkIfPatientIsActive(EditRepresentativesAction.java:121)
	at edu.ncsu.csc.itrust.unit.action.EditRepresentativesActionTest.testCheckIfPatientIsActive(EditRepresentativesActionTest.java:87)
	at sun.reflect.NativeMethodAccessorImpl.invoke0(Native Method)
	at sun.reflect.NativeMethodAccessorImpl.invoke(NativeMethodAccessorImpl.java:62)
	at sun.reflect.DelegatingMethodAccessorImpl.invoke(DelegatingMethodAccessorImpl.java:43)
	at java.lang.reflect.Method.invoke(Method.java:498)
	at junit.framework.TestCase.runTest(TestCase.java:176)
	at junit.framework.TestCase.runBare(TestCase.java:141)
	at junit.framework.TestResult$1.protect(TestResult.java:122)
	at junit.framework.TestResult.runProtected(TestResult.java:142)
	at junit.framework.TestResult.run(TestResult.java:125)
	at junit.framework.TestCase.run(TestCase.java:129)
	at junit.framework.TestSuite.runTest(TestSuite.java:252)
	at junit.framework.TestSuite.run(TestSuite.java:247)
	at org.junit.internal.runners.JUnit38ClassRunner.run(JUnit38ClassRunner.java:86)
	at org.apache.maven.surefire.junit4.JUnit4Provider.execute(JUnit4Provider.java:344)
	at org.apache.maven.surefire.junit4.JUnit4Provider.executeWithRerun(JUnit4Provider.java:269)
	at org.apache.maven.surefire.junit4.JUnit4Provider.executeTestSet(JUnit4Provider.java:240)
	at org.apache.maven.surefire.junit4.JUnit4Provider.invoke(JUnit4Provider.java:184)
	at org.apache.maven.surefire.booter.ForkedBooter.invokeProviderInSameClassLoader(ForkedBooter.java:286)
	at org.apache.maven.surefire.booter.ForkedBooter.runSuitesInProcess(ForkedBooter.java:240)
	at org.apache.maven.surefire.booter.ForkedBooter.main(ForkedBooter.java:121)
Tests run: 10, Failures: 0, Errors: 2, Skipped: 0, Time elapsed: 1.082 sec <<< FAILURE! - in edu.ncsu.csc.itrust.unit.action.EditRepresentativesActionTest
testAddRepresentee(edu.ncsu.csc.itrust.unit.action.EditRepresentativesActionTest)  Time elapsed: 0.115 sec  <<< ERROR!
java.lang.NullPointerException
	at edu.ncsu.csc.itrust.unit.action.EditRepresentativesActionTest.testAddRepresentee(EditRepresentativesActionTest.java:38)

testRemoveRepresentee(edu.ncsu.csc.itrust.unit.action.EditRepresentativesActionTest)  Time elapsed: 0.113 sec  <<< ERROR!
java.lang.NullPointerException
	at edu.ncsu.csc.itrust.unit.action.EditRepresentativesActionTest.testRemoveRepresentee(EditRepresentativesActionTest.java:46)

Running edu.ncsu.csc.itrust.unit.action.EditPersonnelActionTest
Tests run: 6, Failures: 1, Errors: 1, Skipped: 0, Time elapsed: 0.864 sec <<< FAILURE! - in edu.ncsu.csc.itrust.unit.action.EditPersonnelActionTest
testUpdateInformation(edu.ncsu.csc.itrust.unit.action.EditPersonnelActionTest)  Time elapsed: 0.109 sec  <<< ERROR!
java.lang.NullPointerException
	at edu.ncsu.csc.itrust.unit.action.EditPersonnelActionTest.testUpdateInformation(EditPersonnelActionTest.java:73)

testNotAuthorized(edu.ncsu.csc.itrust.unit.action.EditPersonnelActionTest)  Time elapsed: 0.282 sec  <<< FAILURE!
junit.framework.ComparisonFailure: expected:<[You can only edit your own demographics!]> but was:<[prPeI8cFYQ]>
	at edu.ncsu.csc.itrust.unit.action.EditPersonnelActionTest.testNotAuthorized(EditPersonnelActionTest.java:28)

Running edu.ncsu.csc.itrust.unit.action.ActivityFeedActionTest
Tests run: 3, Failures: 0, Errors: 1, Skipped: 0, Time elapsed: 0.749 sec <<< FAILURE! - in edu.ncsu.csc.itrust.unit.action.ActivityFeedActionTest
testGetMessageAsSentence(edu.ncsu.csc.itrust.unit.action.ActivityFeedActionTest)  Time elapsed: 0.184 sec  <<< ERROR!
java.lang.IllegalArgumentException: Illegal pattern character 'v'
	at edu.ncsu.csc.itrust.unit.action.ActivityFeedActionTest.testGetMessageAsSentence(ActivityFeedActionTest.java:54)

Running edu.ncsu.csc.itrust.unit.action.ViewClaimsActionTest
edu.ncsu.csc.itrust.exception.DBException: A database exception has occurred. Please see the log in the console for stacktrace
	at edu.ncsu.csc.itrust.model.old.dao.mysql.BillingDAO.getInsuranceBills(BillingDAO.java:171)
	at edu.ncsu.csc.itrust.action.ViewClaimsAction.getClaims(ViewClaimsAction.java:39)
	at edu.ncsu.csc.itrust.unit.action.ViewClaimsActionTest.testEvilAction(ViewClaimsActionTest.java:110)
	at sun.reflect.NativeMethodAccessorImpl.invoke0(Native Method)
	at sun.reflect.NativeMethodAccessorImpl.invoke(NativeMethodAccessorImpl.java:62)
	at sun.reflect.DelegatingMethodAccessorImpl.invoke(DelegatingMethodAccessorImpl.java:43)
	at java.lang.reflect.Method.invoke(Method.java:498)
	at junit.framework.TestCase.runTest(TestCase.java:176)
	at junit.framework.TestCase.runBare(TestCase.java:141)
	at junit.framework.TestResult$1.protect(TestResult.java:122)
	at junit.framework.TestResult.runProtected(TestResult.java:142)
	at junit.framework.TestResult.run(TestResult.java:125)
	at junit.framework.TestCase.run(TestCase.java:129)
	at junit.framework.TestSuite.runTest(TestSuite.java:252)
	at junit.framework.TestSuite.run(TestSuite.java:247)
	at org.junit.internal.runners.JUnit38ClassRunner.run(JUnit38ClassRunner.java:86)
	at org.apache.maven.surefire.junit4.JUnit4Provider.execute(JUnit4Provider.java:344)
	at org.apache.maven.surefire.junit4.JUnit4Provider.executeWithRerun(JUnit4Provider.java:269)
	at org.apache.maven.surefire.junit4.JUnit4Provider.executeTestSet(JUnit4Provider.java:240)
	at org.apache.maven.surefire.junit4.JUnit4Provider.invoke(JUnit4Provider.java:184)
	at org.apache.maven.surefire.booter.ForkedBooter.invokeProviderInSameClassLoader(ForkedBooter.java:286)
	at org.apache.maven.surefire.booter.ForkedBooter.runSuitesInProcess(ForkedBooter.java:240)
	at org.apache.maven.surefire.booter.ForkedBooter.main(ForkedBooter.java:121)
edu.ncsu.csc.itrust.exception.DBException: A database exception has occurred. Please see the log in the console for stacktrace
	at edu.ncsu.csc.itrust.model.old.dao.mysql.PatientDAO.getName(PatientDAO.java:75)
	at edu.ncsu.csc.itrust.action.ViewClaimsAction.getSubmitter(ViewClaimsAction.java:54)
	at edu.ncsu.csc.itrust.unit.action.ViewClaimsActionTest.testEvilAction(ViewClaimsActionTest.java:111)
	at sun.reflect.NativeMethodAccessorImpl.invoke0(Native Method)
	at sun.reflect.NativeMethodAccessorImpl.invoke(NativeMethodAccessorImpl.java:62)
	at sun.reflect.DelegatingMethodAccessorImpl.invoke(DelegatingMethodAccessorImpl.java:43)
	at java.lang.reflect.Method.invoke(Method.java:498)
	at junit.framework.TestCase.runTest(TestCase.java:176)
	at junit.framework.TestCase.runBare(TestCase.java:141)
	at junit.framework.TestResult$1.protect(TestResult.java:122)
	at junit.framework.TestResult.runProtected(TestResult.java:142)
	at junit.framework.TestResult.run(TestResult.java:125)
	at junit.framework.TestCase.run(TestCase.java:129)
	at junit.framework.TestSuite.runTest(TestSuite.java:252)
	at junit.framework.TestSuite.run(TestSuite.java:247)
	at org.junit.internal.runners.JUnit38ClassRunner.run(JUnit38ClassRunner.java:86)
	at org.apache.maven.surefire.junit4.JUnit4Provider.execute(JUnit4Provider.java:344)
	at org.apache.maven.surefire.junit4.JUnit4Provider.executeWithRerun(JUnit4Provider.java:269)
	at org.apache.maven.surefire.junit4.JUnit4Provider.executeTestSet(JUnit4Provider.java:240)
	at org.apache.maven.surefire.junit4.JUnit4Provider.invoke(JUnit4Provider.java:184)
	at org.apache.maven.surefire.booter.ForkedBooter.invokeProviderInSameClassLoader(ForkedBooter.java:286)
	at org.apache.maven.surefire.booter.ForkedBooter.runSuitesInProcess(ForkedBooter.java:240)
	at org.apache.maven.surefire.booter.ForkedBooter.main(ForkedBooter.java:121)
Tests run: 4, Failures: 0, Errors: 0, Skipped: 0, Time elapsed: 0.829 sec - in edu.ncsu.csc.itrust.unit.action.ViewClaimsActionTest
Running edu.ncsu.csc.itrust.unit.action.ZipCodeActionTest
Begin testGetExperts
Tests run: 1, Failures: 0, Errors: 1, Skipped: 0, Time elapsed: 0.247 sec <<< FAILURE! - in edu.ncsu.csc.itrust.unit.action.ZipCodeActionTest
testGetExperts(edu.ncsu.csc.itrust.unit.action.ZipCodeActionTest)  Time elapsed: 0.247 sec  <<< ERROR!
java.lang.NullPointerException
	at edu.ncsu.csc.itrust.unit.action.ZipCodeActionTest.testGetExperts(ZipCodeActionTest.java:30)

Running edu.ncsu.csc.itrust.unit.action.ResetPasswordActionTest
Tests run: 13, Failures: 0, Errors: 6, Skipped: 0, Time elapsed: 1.155 sec <<< FAILURE! - in edu.ncsu.csc.itrust.unit.action.ResetPasswordActionTest
testResetForHCP(edu.ncsu.csc.itrust.unit.action.ResetPasswordActionTest)  Time elapsed: 0.09 sec  <<< ERROR!
java.lang.NullPointerException
	at edu.ncsu.csc.itrust.unit.action.ResetPasswordActionTest.testResetForHCP(ResetPasswordActionTest.java:114)

testValidatePasswordEmpty(edu.ncsu.csc.itrust.unit.action.ResetPasswordActionTest)  Time elapsed: 0.104 sec  <<< ERROR!
java.lang.NullPointerException
	at edu.ncsu.csc.itrust.unit.action.ResetPasswordActionTest.testValidatePasswordEmpty(ResetPasswordActionTest.java:135)

testValidatePasswordWrong(edu.ncsu.csc.itrust.unit.action.ResetPasswordActionTest)  Time elapsed: 0.097 sec  <<< ERROR!
java.lang.NullPointerException
	at edu.ncsu.csc.itrust.unit.action.ResetPasswordActionTest.testValidatePasswordWrong(ResetPasswordActionTest.java:146)

testValidatePasswordNull(edu.ncsu.csc.itrust.unit.action.ResetPasswordActionTest)  Time elapsed: 0.125 sec  <<< ERROR!
java.lang.NullPointerException
	at edu.ncsu.csc.itrust.unit.action.ResetPasswordActionTest.testValidatePasswordNull(ResetPasswordActionTest.java:124)

testGetSecurityQuestion(edu.ncsu.csc.itrust.unit.action.ResetPasswordActionTest)  Time elapsed: 0.079 sec  <<< ERROR!
edu.ncsu.csc.itrust.exception.ITrustException: No security question or answer for this user has been set.
	at edu.ncsu.csc.itrust.unit.action.ResetPasswordActionTest.testGetSecurityQuestion(ResetPasswordActionTest.java:81)

testResetPassword(edu.ncsu.csc.itrust.unit.action.ResetPasswordActionTest)  Time elapsed: 0.089 sec  <<< ERROR!
java.lang.NullPointerException
	at edu.ncsu.csc.itrust.unit.action.ResetPasswordActionTest.testResetPassword(ResetPasswordActionTest.java:102)

Running edu.ncsu.csc.itrust.unit.action.AddRemoteMonitoringDataActionTest
Tests run: 15, Failures: 1, Errors: 0, Skipped: 0, Time elapsed: 1.386 sec <<< FAILURE! - in edu.ncsu.csc.itrust.unit.action.AddRemoteMonitoringDataActionTest
testAddBadRemoteMonitoringData(edu.ncsu.csc.itrust.unit.action.AddRemoteMonitoringDataActionTest)  Time elapsed: 0.083 sec  <<< FAILURE!
junit.framework.AssertionFailedError
	at edu.ncsu.csc.itrust.unit.action.AddRemoteMonitoringDataActionTest.testAddBadRemoteMonitoringData(AddRemoteMonitoringDataActionTest.java:209)

Running edu.ncsu.csc.itrust.unit.action.AddApptRequestActionTest
Tests run: 2, Failures: 0, Errors: 1, Skipped: 0, Time elapsed: 0.426 sec <<< FAILURE! - in edu.ncsu.csc.itrust.unit.action.AddApptRequestActionTest
testAddApptRequest(edu.ncsu.csc.itrust.unit.action.AddApptRequestActionTest)  Time elapsed: 0.194 sec  <<< ERROR!
java.lang.NullPointerException
	at edu.ncsu.csc.itrust.unit.action.AddApptRequestActionTest.testAddApptRequest(AddApptRequestActionTest.java:54)

Running edu.ncsu.csc.itrust.unit.action.GroupReportActionTest
Tests run: 3, Failures: 0, Errors: 3, Skipped: 0, Time elapsed: 0.635 sec <<< FAILURE! - in edu.ncsu.csc.itrust.unit.action.GroupReportActionTest
testGetComprehensiveMedicalInfo(edu.ncsu.csc.itrust.unit.action.GroupReportActionTest)  Time elapsed: 0.23 sec  <<< ERROR!
java.lang.NullPointerException
	at edu.ncsu.csc.itrust.unit.action.GroupReportActionTest.setUp(GroupReportActionTest.java:29)

testGenerateReport(edu.ncsu.csc.itrust.unit.action.GroupReportActionTest)  Time elapsed: 0.211 sec  <<< ERROR!
java.lang.NullPointerException
	at edu.ncsu.csc.itrust.unit.action.GroupReportActionTest.setUp(GroupReportActionTest.java:29)

testGetComprehensiveDemographicInfo(edu.ncsu.csc.itrust.unit.action.GroupReportActionTest)  Time elapsed: 0.194 sec  <<< ERROR!
java.lang.NullPointerException
	at edu.ncsu.csc.itrust.unit.action.GroupReportActionTest.setUp(GroupReportActionTest.java:29)

Running edu.ncsu.csc.itrust.unit.action.EditMonitoringListActionTest
Tests run: 2, Failures: 0, Errors: 0, Skipped: 0, Time elapsed: 0.197 sec - in edu.ncsu.csc.itrust.unit.action.EditMonitoringListActionTest
Running edu.ncsu.csc.itrust.unit.action.PatientBaseActionTest
Tests run: 1, Failures: 0, Errors: 0, Skipped: 0, Time elapsed: 0 sec - in edu.ncsu.csc.itrust.unit.action.PatientBaseActionTest
Running edu.ncsu.csc.itrust.unit.action.ViewApptRequestsActionTest
Tests run: 3, Failures: 0, Errors: 3, Skipped: 0, Time elapsed: 0.559 sec <<< FAILURE! - in edu.ncsu.csc.itrust.unit.action.ViewApptRequestsActionTest
testRejectApptRequest(edu.ncsu.csc.itrust.unit.action.ViewApptRequestsActionTest)  Time elapsed: 0.176 sec  <<< ERROR!
java.lang.NullPointerException
	at edu.ncsu.csc.itrust.unit.action.ViewApptRequestsActionTest.setUp(ViewApptRequestsActionTest.java:24)

testAcceptApptRequest(edu.ncsu.csc.itrust.unit.action.ViewApptRequestsActionTest)  Time elapsed: 0.2 sec  <<< ERROR!
java.lang.NullPointerException
	at edu.ncsu.csc.itrust.unit.action.ViewApptRequestsActionTest.setUp(ViewApptRequestsActionTest.java:24)

testGetApptRequests(edu.ncsu.csc.itrust.unit.action.ViewApptRequestsActionTest)  Time elapsed: 0.183 sec  <<< ERROR!
java.lang.NullPointerException
	at edu.ncsu.csc.itrust.unit.action.ViewApptRequestsActionTest.setUp(ViewApptRequestsActionTest.java:24)

Running edu.ncsu.csc.itrust.unit.action.DrugInteractionActionTest
Tests run: 7, Failures: 0, Errors: 0, Skipped: 0, Time elapsed: 0.748 sec - in edu.ncsu.csc.itrust.unit.action.DrugInteractionActionTest
Running edu.ncsu.csc.itrust.unit.action.ViewMyReportRequestsActionTest
Tests run: 8, Failures: 0, Errors: 5, Skipped: 0, Time elapsed: 0.814 sec <<< FAILURE! - in edu.ncsu.csc.itrust.unit.action.ViewMyReportRequestsActionTest
testInsertReport2(edu.ncsu.csc.itrust.unit.action.ViewMyReportRequestsActionTest)  Time elapsed: 0.084 sec  <<< ERROR!
java.lang.NoClassDefFoundError: Could not initialize class edu.ncsu.csc.itrust.model.old.beans.ReportRequestBean
	at edu.ncsu.csc.itrust.unit.action.ViewMyReportRequestsActionTest.testInsertReport2(ViewMyReportRequestsActionTest.java:84)

testGetReportRequests3(edu.ncsu.csc.itrust.unit.action.ViewMyReportRequestsActionTest)  Time elapsed: 0.108 sec  <<< ERROR!
java.lang.NoClassDefFoundError: Could not initialize class edu.ncsu.csc.itrust.model.old.beans.ReportRequestBean
	at edu.ncsu.csc.itrust.unit.action.ViewMyReportRequestsActionTest.testGetReportRequests3(ViewMyReportRequestsActionTest.java:34)

testGetLongStatus(edu.ncsu.csc.itrust.unit.action.ViewMyReportRequestsActionTest)  Time elapsed: 0.105 sec  <<< ERROR!
java.lang.NoClassDefFoundError: Could not initialize class edu.ncsu.csc.itrust.model.old.beans.ReportRequestBean
	at edu.ncsu.csc.itrust.unit.action.ViewMyReportRequestsActionTest.testGetLongStatus(ViewMyReportRequestsActionTest.java:105)

testGetReportRequestForID3(edu.ncsu.csc.itrust.unit.action.ViewMyReportRequestsActionTest)  Time elapsed: 0.097 sec  <<< ERROR!
java.lang.NoClassDefFoundError: Could not initialize class edu.ncsu.csc.itrust.model.old.beans.ReportRequestBean
	at edu.ncsu.csc.itrust.unit.action.ViewMyReportRequestsActionTest.testGetReportRequestForID3(ViewMyReportRequestsActionTest.java:52)

testGetReportRequestForID4(edu.ncsu.csc.itrust.unit.action.ViewMyReportRequestsActionTest)  Time elapsed: 0.109 sec  <<< ERROR!
java.lang.NoClassDefFoundError: Could not initialize class edu.ncsu.csc.itrust.model.old.beans.ReportRequestBean
	at edu.ncsu.csc.itrust.unit.action.ViewMyReportRequestsActionTest.testGetReportRequestForID4(ViewMyReportRequestsActionTest.java:61)

Running edu.ncsu.csc.itrust.unit.action.ViewMyMessagesActionTest
Tests run: 16, Failures: 0, Errors: 16, Skipped: 0, Time elapsed: 2.95 sec <<< FAILURE! - in edu.ncsu.csc.itrust.unit.action.ViewMyMessagesActionTest
testAddMessage(edu.ncsu.csc.itrust.unit.action.ViewMyMessagesActionTest)  Time elapsed: 0.169 sec  <<< ERROR!
java.lang.NullPointerException
	at edu.ncsu.csc.itrust.unit.action.ViewMyMessagesActionTest.setUp(ViewMyMessagesActionTest.java:42)

testFilterMessages(edu.ncsu.csc.itrust.unit.action.ViewMyMessagesActionTest)  Time elapsed: 0.207 sec  <<< ERROR!
java.lang.NullPointerException
	at edu.ncsu.csc.itrust.unit.action.ViewMyMessagesActionTest.setUp(ViewMyMessagesActionTest.java:42)

testGetAllMySentMessages(edu.ncsu.csc.itrust.unit.action.ViewMyMessagesActionTest)  Time elapsed: 0.161 sec  <<< ERROR!
java.lang.NullPointerException
	at edu.ncsu.csc.itrust.unit.action.ViewMyMessagesActionTest.setUp(ViewMyMessagesActionTest.java:42)

testGetPatientName(edu.ncsu.csc.itrust.unit.action.ViewMyMessagesActionTest)  Time elapsed: 0.177 sec  <<< ERROR!
java.lang.NullPointerException
	at edu.ncsu.csc.itrust.unit.action.ViewMyMessagesActionTest.setUp(ViewMyMessagesActionTest.java:42)

testGetAllMyMessagesFromTimeAscending(edu.ncsu.csc.itrust.unit.action.ViewMyMessagesActionTest)  Time elapsed: 0.174 sec  <<< ERROR!
java.lang.NullPointerException
	at edu.ncsu.csc.itrust.unit.action.ViewMyMessagesActionTest.setUp(ViewMyMessagesActionTest.java:42)

testGetAllMyMessagesFromNameDescending(edu.ncsu.csc.itrust.unit.action.ViewMyMessagesActionTest)  Time elapsed: 0.174 sec  <<< ERROR!
java.lang.NullPointerException
	at edu.ncsu.csc.itrust.unit.action.ViewMyMessagesActionTest.setUp(ViewMyMessagesActionTest.java:42)

testUpdateRead(edu.ncsu.csc.itrust.unit.action.ViewMyMessagesActionTest)  Time elapsed: 0.161 sec  <<< ERROR!
java.lang.NullPointerException
	at edu.ncsu.csc.itrust.unit.action.ViewMyMessagesActionTest.setUp(ViewMyMessagesActionTest.java:42)

testGetCCdMessages(edu.ncsu.csc.itrust.unit.action.ViewMyMessagesActionTest)  Time elapsed: 0.21 sec  <<< ERROR!
java.lang.NullPointerException
	at edu.ncsu.csc.itrust.unit.action.ViewMyMessagesActionTest.setUp(ViewMyMessagesActionTest.java:42)

testGetAllMyMessagesFromNameAscending(edu.ncsu.csc.itrust.unit.action.ViewMyMessagesActionTest)  Time elapsed: 0.205 sec  <<< ERROR!
java.lang.NullPointerException
	at edu.ncsu.csc.itrust.unit.action.ViewMyMessagesActionTest.setUp(ViewMyMessagesActionTest.java:42)

testThrowsExceptions(edu.ncsu.csc.itrust.unit.action.ViewMyMessagesActionTest)  Time elapsed: 0.176 sec  <<< ERROR!
java.lang.NullPointerException
	at edu.ncsu.csc.itrust.unit.action.ViewMyMessagesActionTest.setUp(ViewMyMessagesActionTest.java:42)

testGetAllMyMessagesTimeAscending(edu.ncsu.csc.itrust.unit.action.ViewMyMessagesActionTest)  Time elapsed: 0.189 sec  <<< ERROR!
java.lang.NullPointerException
	at edu.ncsu.csc.itrust.unit.action.ViewMyMessagesActionTest.setUp(ViewMyMessagesActionTest.java:42)

testGetAllMyMessagesNameDescending(edu.ncsu.csc.itrust.unit.action.ViewMyMessagesActionTest)  Time elapsed: 0.196 sec  <<< ERROR!
java.lang.NullPointerException
	at edu.ncsu.csc.itrust.unit.action.ViewMyMessagesActionTest.setUp(ViewMyMessagesActionTest.java:42)

testGetAllMyMessagesNameAscending(edu.ncsu.csc.itrust.unit.action.ViewMyMessagesActionTest)  Time elapsed: 0.162 sec  <<< ERROR!
java.lang.NullPointerException
	at edu.ncsu.csc.itrust.unit.action.ViewMyMessagesActionTest.setUp(ViewMyMessagesActionTest.java:42)

testGetPersonnelName(edu.ncsu.csc.itrust.unit.action.ViewMyMessagesActionTest)  Time elapsed: 0.194 sec  <<< ERROR!
java.lang.NullPointerException
	at edu.ncsu.csc.itrust.unit.action.ViewMyMessagesActionTest.setUp(ViewMyMessagesActionTest.java:42)

testGetUnreadCount(edu.ncsu.csc.itrust.unit.action.ViewMyMessagesActionTest)  Time elapsed: 0.209 sec  <<< ERROR!
java.lang.NullPointerException
	at edu.ncsu.csc.itrust.unit.action.ViewMyMessagesActionTest.setUp(ViewMyMessagesActionTest.java:42)

testGetAllMyMessages(edu.ncsu.csc.itrust.unit.action.ViewMyMessagesActionTest)  Time elapsed: 0.186 sec  <<< ERROR!
java.lang.NullPointerException
	at edu.ncsu.csc.itrust.unit.action.ViewMyMessagesActionTest.setUp(ViewMyMessagesActionTest.java:42)

Running edu.ncsu.csc.itrust.unit.action.ViewPersonnelActionTest
Tests run: 3, Failures: 0, Errors: 2, Skipped: 0, Time elapsed: 0.268 sec <<< FAILURE! - in edu.ncsu.csc.itrust.unit.action.ViewPersonnelActionTest
testNotANumber(edu.ncsu.csc.itrust.unit.action.ViewPersonnelActionTest)  Time elapsed: 0.076 sec  <<< ERROR!
java.lang.NoClassDefFoundError: Could not initialize class edu.ncsu.csc.itrust.Messages
	at edu.ncsu.csc.itrust.unit.action.ViewPersonnelActionTest.testNotANumber(ViewPersonnelActionTest.java:44)

testNoPersonnel(edu.ncsu.csc.itrust.unit.action.ViewPersonnelActionTest)  Time elapsed: 0.091 sec  <<< ERROR!
java.lang.NoClassDefFoundError: Could not initialize class edu.ncsu.csc.itrust.Messages
	at edu.ncsu.csc.itrust.unit.action.ViewPersonnelActionTest.testNoPersonnel(ViewPersonnelActionTest.java:34)

Running edu.ncsu.csc.itrust.unit.action.AddUAPActionTest
Tests run: 1, Failures: 0, Errors: 1, Skipped: 0, Time elapsed: 0.09 sec <<< FAILURE! - in edu.ncsu.csc.itrust.unit.action.AddUAPActionTest
testAddUAP(edu.ncsu.csc.itrust.unit.action.AddUAPActionTest)  Time elapsed: 0.09 sec  <<< ERROR!
java.lang.NullPointerException
	at edu.ncsu.csc.itrust.unit.action.AddUAPActionTest.testAddUAP(AddUAPActionTest.java:40)

Running edu.ncsu.csc.itrust.unit.action.AddPatientFileActionTest
Tests run: 5, Failures: 0, Errors: 5, Skipped: 0, Time elapsed: 0.004 sec <<< FAILURE! - in edu.ncsu.csc.itrust.unit.action.AddPatientFileActionTest
testInvalidData(edu.ncsu.csc.itrust.unit.action.AddPatientFileActionTest)  Time elapsed: 0.002 sec  <<< ERROR!
java.lang.NullPointerException
	at edu.ncsu.csc.itrust.unit.action.AddPatientFileActionTest.testInvalidData(AddPatientFileActionTest.java:56)

testDuplicateField(edu.ncsu.csc.itrust.unit.action.AddPatientFileActionTest)  Time elapsed: 0.001 sec  <<< ERROR!
java.lang.NullPointerException
	at edu.ncsu.csc.itrust.unit.action.AddPatientFileActionTest.testDuplicateField(AddPatientFileActionTest.java:75)

testRequiredFieldMissing(edu.ncsu.csc.itrust.unit.action.AddPatientFileActionTest)  Time elapsed: 0 sec  <<< ERROR!
java.lang.NullPointerException
	at edu.ncsu.csc.itrust.unit.action.AddPatientFileActionTest.testRequiredFieldMissing(AddPatientFileActionTest.java:118)

testValidData(edu.ncsu.csc.itrust.unit.action.AddPatientFileActionTest)  Time elapsed: 0.001 sec  <<< ERROR!
java.lang.NullPointerException
	at edu.ncsu.csc.itrust.unit.action.AddPatientFileActionTest.testValidData(AddPatientFileActionTest.java:40)

testInvalidHeader(edu.ncsu.csc.itrust.unit.action.AddPatientFileActionTest)  Time elapsed: 0 sec  <<< ERROR!
java.lang.NullPointerException
	at edu.ncsu.csc.itrust.unit.action.AddPatientFileActionTest.testInvalidHeader(AddPatientFileActionTest.java:97)

Running edu.ncsu.csc.itrust.unit.action.EditApptActionTest
Tests run: 6, Failures: 0, Errors: 6, Skipped: 0, Time elapsed: 0.63 sec <<< FAILURE! - in edu.ncsu.csc.itrust.unit.action.EditApptActionTest
testEditAppt(edu.ncsu.csc.itrust.unit.action.EditApptActionTest)  Time elapsed: 0.108 sec  <<< ERROR!
java.lang.NullPointerException
	at edu.ncsu.csc.itrust.unit.action.EditApptActionTest.setUp(EditApptActionTest.java:43)

testEditApptConflict(edu.ncsu.csc.itrust.unit.action.EditApptActionTest)  Time elapsed: 0.103 sec  <<< ERROR!
java.lang.NullPointerException
	at edu.ncsu.csc.itrust.unit.action.EditApptActionTest.setUp(EditApptActionTest.java:43)

testGetAppt(edu.ncsu.csc.itrust.unit.action.EditApptActionTest)  Time elapsed: 0.1 sec  <<< ERROR!
java.lang.NullPointerException
	at edu.ncsu.csc.itrust.unit.action.EditApptActionTest.setUp(EditApptActionTest.java:43)

testGetName(edu.ncsu.csc.itrust.unit.action.EditApptActionTest)  Time elapsed: 0.092 sec  <<< ERROR!
java.lang.NullPointerException
	at edu.ncsu.csc.itrust.unit.action.EditApptActionTest.setUp(EditApptActionTest.java:43)

testEvilFactory(edu.ncsu.csc.itrust.unit.action.EditApptActionTest)  Time elapsed: 0.107 sec  <<< ERROR!
java.lang.NullPointerException
	at edu.ncsu.csc.itrust.unit.action.EditApptActionTest.setUp(EditApptActionTest.java:43)

testRemoveAppt(edu.ncsu.csc.itrust.unit.action.EditApptActionTest)  Time elapsed: 0.12 sec  <<< ERROR!
java.lang.NullPointerException
	at edu.ncsu.csc.itrust.unit.action.EditApptActionTest.setUp(EditApptActionTest.java:43)

Running edu.ncsu.csc.itrust.unit.action.ApptBeanTest
Tests run: 1, Failures: 0, Errors: 0, Skipped: 0, Time elapsed: 0 sec - in edu.ncsu.csc.itrust.unit.action.ApptBeanTest
Running edu.ncsu.csc.itrust.unit.action.UpdateORCListActionTest
Tests run: 5, Failures: 0, Errors: 0, Skipped: 0, Time elapsed: 0.484 sec - in edu.ncsu.csc.itrust.unit.action.UpdateORCListActionTest
Running edu.ncsu.csc.itrust.unit.action.ReviewsActionTest
Tests run: 5, Failures: 0, Errors: 0, Skipped: 0, Time elapsed: 0.871 sec - in edu.ncsu.csc.itrust.unit.action.ReviewsActionTest
Running edu.ncsu.csc.itrust.unit.action.AddLTActionTest
Tests run: 1, Failures: 0, Errors: 0, Skipped: 0, Time elapsed: 0.172 sec - in edu.ncsu.csc.itrust.unit.action.AddLTActionTest
Running edu.ncsu.csc.itrust.unit.action.UpdateReasonCodeListActionTest
Tests run: 5, Failures: 2, Errors: 0, Skipped: 0, Time elapsed: 0.482 sec <<< FAILURE! - in edu.ncsu.csc.itrust.unit.action.UpdateReasonCodeListActionTest
testUpdateNDInformation0(edu.ncsu.csc.itrust.unit.action.UpdateReasonCodeListActionTest)  Time elapsed: 0.089 sec  <<< FAILURE!
junit.framework.ComparisonFailure: expected:<[Success: 1 row(s) updated]> but was:<[Error: Code not found.]>
	at edu.ncsu.csc.itrust.unit.action.UpdateReasonCodeListActionTest.testUpdateNDInformation0(UpdateReasonCodeListActionTest.java:106)

testUpdateNonExistent(edu.ncsu.csc.itrust.unit.action.UpdateReasonCodeListActionTest)  Time elapsed: 0.094 sec  <<< FAILURE!
junit.framework.ComparisonFailure: expected:<[Error: Code not found.]> but was:<[Success: 0 row(s) updated]>
	at edu.ncsu.csc.itrust.unit.action.UpdateReasonCodeListActionTest.testUpdateNonExistent(UpdateReasonCodeListActionTest.java:119)

Running edu.ncsu.csc.itrust.unit.action.AddERespActionTest
Tests run: 1, Failures: 0, Errors: 1, Skipped: 0, Time elapsed: 0.272 sec <<< FAILURE! - in edu.ncsu.csc.itrust.unit.action.AddERespActionTest
testAddER(edu.ncsu.csc.itrust.unit.action.AddERespActionTest)  Time elapsed: 0.272 sec  <<< ERROR!
java.lang.NullPointerException
	at edu.ncsu.csc.itrust.unit.action.AddERespActionTest.testAddER(AddERespActionTest.java:44)

Running edu.ncsu.csc.itrust.unit.action.PatientRoomAssignmentActionTest
Tests run: 1, Failures: 0, Errors: 0, Skipped: 0, Time elapsed: 0.213 sec - in edu.ncsu.csc.itrust.unit.action.PatientRoomAssignmentActionTest
Running edu.ncsu.csc.itrust.unit.action.EventLoggingActionTest
Tests run: 1, Failures: 0, Errors: 0, Skipped: 0, Time elapsed: 0.091 sec - in edu.ncsu.csc.itrust.unit.action.EventLoggingActionTest
Running edu.ncsu.csc.itrust.unit.action.FindExpertActionTest
Tests run: 3, Failures: 0, Errors: 0, Skipped: 0, Time elapsed: 0.301 sec - in edu.ncsu.csc.itrust.unit.action.FindExpertActionTest
Running edu.ncsu.csc.itrust.unit.action.EditPatientActionTest
Tests run: 11, Failures: 0, Errors: 5, Skipped: 0, Time elapsed: 1.08 sec <<< FAILURE! - in edu.ncsu.csc.itrust.unit.action.EditPatientActionTest
testNull(edu.ncsu.csc.itrust.unit.action.EditPatientActionTest)  Time elapsed: 0.092 sec  <<< ERROR!
java.lang.NullPointerException
	at edu.ncsu.csc.itrust.unit.action.EditPatientActionTest.testNull(EditPatientActionTest.java:109)

testEditRepresentatives(edu.ncsu.csc.itrust.unit.action.EditPatientActionTest)  Time elapsed: 0.099 sec  <<< ERROR!
java.lang.NullPointerException
	at edu.ncsu.csc.itrust.unit.action.EditPatientActionTest.testEditRepresentatives(EditPatientActionTest.java:48)

testSetDependent(edu.ncsu.csc.itrust.unit.action.EditPatientActionTest)  Time elapsed: 0.097 sec  <<< ERROR!
java.lang.NullPointerException
	at edu.ncsu.csc.itrust.unit.action.EditPatientActionTest.testSetDependent(EditPatientActionTest.java:157)

testInvalidDates(edu.ncsu.csc.itrust.unit.action.EditPatientActionTest)  Time elapsed: 0.108 sec  <<< ERROR!
java.lang.NullPointerException
	at edu.ncsu.csc.itrust.unit.action.EditPatientActionTest.testInvalidDates(EditPatientActionTest.java:82)

testEditCOD(edu.ncsu.csc.itrust.unit.action.EditPatientActionTest)  Time elapsed: 0.083 sec  <<< ERROR!
java.lang.NullPointerException
	at edu.ncsu.csc.itrust.unit.action.EditPatientActionTest.testEditCOD(EditPatientActionTest.java:66)

Running edu.ncsu.csc.itrust.unit.action.SendMessageActionTest
Tests run: 7, Failures: 0, Errors: 1, Skipped: 0, Time elapsed: 1.384 sec <<< FAILURE! - in edu.ncsu.csc.itrust.unit.action.SendMessageActionTest
testSendMessage(edu.ncsu.csc.itrust.unit.action.SendMessageActionTest)  Time elapsed: 0.231 sec  <<< ERROR!
java.lang.NullPointerException
	at edu.ncsu.csc.itrust.unit.action.SendMessageActionTest.testSendMessage(SendMessageActionTest.java:57)

Running edu.ncsu.csc.itrust.unit.action.VerifyClaimActionTest
edu.ncsu.csc.itrust.exception.DBException: A database exception has occurred. Please see the log in the console for stacktrace
	at edu.ncsu.csc.itrust.model.old.dao.mysql.BillingDAO.getBillId(BillingDAO.java:81)
	at edu.ncsu.csc.itrust.action.VerifyClaimAction.<init>(VerifyClaimAction.java:26)
	at edu.ncsu.csc.itrust.unit.action.VerifyClaimActionTest.testEvilAction(VerifyClaimActionTest.java:92)
	at sun.reflect.NativeMethodAccessorImpl.invoke0(Native Method)
	at sun.reflect.NativeMethodAccessorImpl.invoke(NativeMethodAccessorImpl.java:62)
	at sun.reflect.DelegatingMethodAccessorImpl.invoke(DelegatingMethodAccessorImpl.java:43)
	at java.lang.reflect.Method.invoke(Method.java:498)
	at org.junit.runners.model.FrameworkMethod$1.runReflectiveCall(FrameworkMethod.java:50)
	at org.junit.internal.runners.model.ReflectiveCallable.run(ReflectiveCallable.java:12)
	at org.junit.runners.model.FrameworkMethod.invokeExplosively(FrameworkMethod.java:47)
	at org.junit.internal.runners.statements.InvokeMethod.evaluate(InvokeMethod.java:17)
	at org.junit.internal.runners.statements.RunBefores.evaluate(RunBefores.java:26)
	at org.junit.internal.runners.statements.RunAfters.evaluate(RunAfters.java:27)
	at org.junit.runners.ParentRunner.runLeaf(ParentRunner.java:325)
	at org.junit.runners.BlockJUnit4ClassRunner.runChild(BlockJUnit4ClassRunner.java:78)
	at org.junit.runners.BlockJUnit4ClassRunner.runChild(BlockJUnit4ClassRunner.java:57)
	at org.junit.runners.ParentRunner$3.run(ParentRunner.java:290)
	at org.junit.runners.ParentRunner$1.schedule(ParentRunner.java:71)
	at org.junit.runners.ParentRunner.runChildren(ParentRunner.java:288)
	at org.junit.runners.ParentRunner.access$000(ParentRunner.java:58)
	at org.junit.runners.ParentRunner$2.evaluate(ParentRunner.java:268)
	at org.junit.runners.ParentRunner.run(ParentRunner.java:363)
	at org.apache.maven.surefire.junit4.JUnit4Provider.execute(JUnit4Provider.java:344)
	at org.apache.maven.surefire.junit4.JUnit4Provider.executeWithRerun(JUnit4Provider.java:269)
	at org.apache.maven.surefire.junit4.JUnit4Provider.executeTestSet(JUnit4Provider.java:240)
	at org.apache.maven.surefire.junit4.JUnit4Provider.invoke(JUnit4Provider.java:184)
	at org.apache.maven.surefire.booter.ForkedBooter.invokeProviderInSameClassLoader(ForkedBooter.java:286)
	at org.apache.maven.surefire.booter.ForkedBooter.runSuitesInProcess(ForkedBooter.java:240)
	at org.apache.maven.surefire.booter.ForkedBooter.main(ForkedBooter.java:121)
Tests run: 4, Failures: 0, Errors: 0, Skipped: 0, Time elapsed: 0.398 sec - in edu.ncsu.csc.itrust.unit.action.VerifyClaimActionTest
Running edu.ncsu.csc.itrust.unit.action.AddPHAActionTest
Tests run: 1, Failures: 0, Errors: 1, Skipped: 0, Time elapsed: 0.106 sec <<< FAILURE! - in edu.ncsu.csc.itrust.unit.action.AddPHAActionTest
testAddPHA(edu.ncsu.csc.itrust.unit.action.AddPHAActionTest)  Time elapsed: 0.106 sec  <<< ERROR!
java.lang.NullPointerException
	at edu.ncsu.csc.itrust.unit.action.AddPHAActionTest.testAddPHA(AddPHAActionTest.java:47)

Running edu.ncsu.csc.itrust.unit.action.AddHCPActionTest
Tests run: 1, Failures: 0, Errors: 1, Skipped: 0, Time elapsed: 0.004 sec <<< FAILURE! - in edu.ncsu.csc.itrust.unit.action.AddHCPActionTest
testAddHCP(edu.ncsu.csc.itrust.unit.action.AddHCPActionTest)  Time elapsed: 0.004 sec  <<< ERROR!
java.lang.NullPointerException
	at edu.ncsu.csc.itrust.unit.action.AddHCPActionTest.testAddHCP(AddHCPActionTest.java:57)

Running edu.ncsu.csc.itrust.unit.action.ViewMyApptsActionTest
Tests run: 3, Failures: 0, Errors: 3, Skipped: 0, Time elapsed: 0.57 sec <<< FAILURE! - in edu.ncsu.csc.itrust.unit.action.ViewMyApptsActionTest
testGetName2(edu.ncsu.csc.itrust.unit.action.ViewMyApptsActionTest)  Time elapsed: 0.18 sec  <<< ERROR!
java.lang.NullPointerException
	at edu.ncsu.csc.itrust.unit.action.ViewMyApptsActionTest.setUp(ViewMyApptsActionTest.java:26)

testGetMyAppointments(edu.ncsu.csc.itrust.unit.action.ViewMyApptsActionTest)  Time elapsed: 0.19 sec  <<< ERROR!
java.lang.NullPointerException
	at edu.ncsu.csc.itrust.unit.action.ViewMyApptsActionTest.setUp(ViewMyApptsActionTest.java:26)

testGetName(edu.ncsu.csc.itrust.unit.action.ViewMyApptsActionTest)  Time elapsed: 0.2 sec  <<< ERROR!
java.lang.NullPointerException
	at edu.ncsu.csc.itrust.unit.action.ViewMyApptsActionTest.setUp(ViewMyApptsActionTest.java:26)

Running edu.ncsu.csc.itrust.unit.action.ManageHospitalAssignmentsActionTest
Tests run: 20, Failures: 1, Errors: 4, Skipped: 0, Time elapsed: 1.617 sec <<< FAILURE! - in edu.ncsu.csc.itrust.unit.action.ManageHospitalAssignmentsActionTest
testAssignHCPToHospital(edu.ncsu.csc.itrust.unit.action.ManageHospitalAssignmentsActionTest)  Time elapsed: 0.071 sec  <<< ERROR!
java.lang.NullPointerException
	at edu.ncsu.csc.itrust.unit.action.ManageHospitalAssignmentsActionTest.doAssignment(ManageHospitalAssignmentsActionTest.java:45)
	at edu.ncsu.csc.itrust.unit.action.ManageHospitalAssignmentsActionTest.testAssignHCPToHospital(ManageHospitalAssignmentsActionTest.java:58)

testCheckLTHospital(edu.ncsu.csc.itrust.unit.action.ManageHospitalAssignmentsActionTest)  Time elapsed: 0.076 sec  <<< FAILURE!
junit.framework.AssertionFailedError
	at edu.ncsu.csc.itrust.unit.action.ManageHospitalAssignmentsActionTest.testCheckLTHospital(ManageHospitalAssignmentsActionTest.java:274)

testRemovePersonnelAssignmentToHospital(edu.ncsu.csc.itrust.unit.action.ManageHospitalAssignmentsActionTest)  Time elapsed: 0.104 sec  <<< ERROR!
java.lang.NullPointerException
	at edu.ncsu.csc.itrust.unit.action.ManageHospitalAssignmentsActionTest.doAssignment(ManageHospitalAssignmentsActionTest.java:45)
	at edu.ncsu.csc.itrust.unit.action.ManageHospitalAssignmentsActionTest.testRemovePersonnelAssignmentToHospital(ManageHospitalAssignmentsActionTest.java:99)

testAssignDuplicate(edu.ncsu.csc.itrust.unit.action.ManageHospitalAssignmentsActionTest)  Time elapsed: 0.075 sec  <<< ERROR!
java.lang.NullPointerException
	at edu.ncsu.csc.itrust.unit.action.ManageHospitalAssignmentsActionTest.doAssignment(ManageHospitalAssignmentsActionTest.java:45)
	at edu.ncsu.csc.itrust.unit.action.ManageHospitalAssignmentsActionTest.testAssignDuplicate(ManageHospitalAssignmentsActionTest.java:84)

testRemoveAll(edu.ncsu.csc.itrust.unit.action.ManageHospitalAssignmentsActionTest)  Time elapsed: 0.081 sec  <<< ERROR!
java.lang.NullPointerException
	at edu.ncsu.csc.itrust.unit.action.ManageHospitalAssignmentsActionTest.doAssignment(ManageHospitalAssignmentsActionTest.java:45)
	at edu.ncsu.csc.itrust.unit.action.ManageHospitalAssignmentsActionTest.testRemoveAll(ManageHospitalAssignmentsActionTest.java:120)

Running edu.ncsu.csc.itrust.unit.action.SearchUsersActionTest
Tests run: 14, Failures: 1, Errors: 0, Skipped: 0, Time elapsed: 2.339 sec <<< FAILURE! - in edu.ncsu.csc.itrust.unit.action.SearchUsersActionTest
testFuzzySearchForExpert(edu.ncsu.csc.itrust.unit.action.SearchUsersActionTest)  Time elapsed: 0.169 sec  <<< FAILURE!
junit.framework.AssertionFailedError: expected:<1> but was:<0>
	at edu.ncsu.csc.itrust.unit.action.SearchUsersActionTest.testFuzzySearchForExpert(SearchUsersActionTest.java:159)

Running edu.ncsu.csc.itrust.unit.action.ChangeSessionTimeoutActionTest
Tests run: 3, Failures: 2, Errors: 0, Skipped: 0, Time elapsed: 0.003 sec <<< FAILURE! - in edu.ncsu.csc.itrust.unit.action.ChangeSessionTimeoutActionTest
testNotANumber(edu.ncsu.csc.itrust.unit.action.ChangeSessionTimeoutActionTest)  Time elapsed: 0 sec  <<< FAILURE!
junit.framework.AssertionFailedError: expected:<1> but was:<0>
	at edu.ncsu.csc.itrust.unit.action.ChangeSessionTimeoutActionTest.testNotANumber(ChangeSessionTimeoutActionTest.java:17)

testBadNumber(edu.ncsu.csc.itrust.unit.action.ChangeSessionTimeoutActionTest)  Time elapsed: 0 sec  <<< FAILURE!
junit.framework.AssertionFailedError: expected:<1> but was:<0>
	at edu.ncsu.csc.itrust.unit.action.ChangeSessionTimeoutActionTest.testBadNumber(ChangeSessionTimeoutActionTest.java:27)

Running edu.ncsu.csc.itrust.unit.action.ChangePasswordActionTest
Tests run: 1, Failures: 0, Errors: 1, Skipped: 0, Time elapsed: 0.162 sec <<< FAILURE! - in edu.ncsu.csc.itrust.unit.action.ChangePasswordActionTest
testChangePassword(edu.ncsu.csc.itrust.unit.action.ChangePasswordActionTest)  Time elapsed: 0.162 sec  <<< ERROR!
java.lang.NullPointerException
	at edu.ncsu.csc.itrust.unit.action.ChangePasswordActionTest.testChangePassword(ChangePasswordActionTest.java:24)

Running edu.ncsu.csc.itrust.unit.action.UpdateNDCodeListActionTest
Tests run: 7, Failures: 2, Errors: 0, Skipped: 0, Time elapsed: 0.552 sec <<< FAILURE! - in edu.ncsu.csc.itrust.unit.action.UpdateNDCodeListActionTest
testUpdateNDInformation0(edu.ncsu.csc.itrust.unit.action.UpdateNDCodeListActionTest)  Time elapsed: 0.076 sec  <<< FAILURE!
junit.framework.ComparisonFailure: expected:<[Success: 1 row(s) updated]> but was:<[Error: Code not found.]>
	at edu.ncsu.csc.itrust.unit.action.UpdateNDCodeListActionTest.testUpdateNDInformation0(UpdateNDCodeListActionTest.java:113)

testUpdateNonExistent(edu.ncsu.csc.itrust.unit.action.UpdateNDCodeListActionTest)  Time elapsed: 0.078 sec  <<< FAILURE!
junit.framework.ComparisonFailure: expected:<[Error: Code not found.]> but was:<[Success: 0 row(s) updated]>
	at edu.ncsu.csc.itrust.unit.action.UpdateNDCodeListActionTest.testUpdateNonExistent(UpdateNDCodeListActionTest.java:126)

Running edu.ncsu.csc.itrust.unit.action.GroupReportGeneratorActionTest
Tests run: 2, Failures: 1, Errors: 1, Skipped: 0, Time elapsed: 0.38 sec <<< FAILURE! - in edu.ncsu.csc.itrust.unit.action.GroupReportGeneratorActionTest
testParseFilters(edu.ncsu.csc.itrust.unit.action.GroupReportGeneratorActionTest)  Time elapsed: 0.195 sec  <<< FAILURE!
java.lang.AssertionError: 

  Unexpected method call getParameter("1pUEnetDu6"):
	at edu.ncsu.csc.itrust.unit.action.GroupReportGeneratorActionTest.testParseFilters(GroupReportGeneratorActionTest.java:73)

testGenerateReport(edu.ncsu.csc.itrust.unit.action.GroupReportGeneratorActionTest)  Time elapsed: 0.185 sec  <<< ERROR!
java.lang.NullPointerException
	at edu.ncsu.csc.itrust.unit.action.GroupReportGeneratorActionTest.testGenerateReport(GroupReportGeneratorActionTest.java:42)

Running edu.ncsu.csc.itrust.unit.action.PayBillActionTest
Tests run: 2, Failures: 0, Errors: 2, Skipped: 0, Time elapsed: 0.378 sec <<< FAILURE! - in edu.ncsu.csc.itrust.unit.action.PayBillActionTest
testPayBillWithCC(edu.ncsu.csc.itrust.unit.action.PayBillActionTest)  Time elapsed: 0.19 sec  <<< ERROR!
java.lang.NullPointerException
	at edu.ncsu.csc.itrust.unit.action.PayBillActionTest.setUp(PayBillActionTest.java:26)

testPayBillWithIns(edu.ncsu.csc.itrust.unit.action.PayBillActionTest)  Time elapsed: 0.188 sec  <<< ERROR!
java.lang.NullPointerException
	at edu.ncsu.csc.itrust.unit.action.PayBillActionTest.setUp(PayBillActionTest.java:26)

Running edu.ncsu.csc.itrust.unit.action.ViewMyRemoteMonitoringListActionTest
Tests run: 5, Failures: 0, Errors: 5, Skipped: 0, Time elapsed: 0.441 sec <<< FAILURE! - in edu.ncsu.csc.itrust.unit.action.ViewMyRemoteMonitoringListActionTest
testGetPatientDataByDate(edu.ncsu.csc.itrust.unit.action.ViewMyRemoteMonitoringListActionTest)  Time elapsed: 0.099 sec  <<< ERROR!
java.lang.NullPointerException
	at edu.ncsu.csc.itrust.unit.action.ViewMyRemoteMonitoringListActionTest.setUp(ViewMyRemoteMonitoringListActionTest.java:26)

testGetPatientDataByType(edu.ncsu.csc.itrust.unit.action.ViewMyRemoteMonitoringListActionTest)  Time elapsed: 0.093 sec  <<< ERROR!
java.lang.NullPointerException
	at edu.ncsu.csc.itrust.unit.action.ViewMyRemoteMonitoringListActionTest.setUp(ViewMyRemoteMonitoringListActionTest.java:26)

testGetPatientData(edu.ncsu.csc.itrust.unit.action.ViewMyRemoteMonitoringListActionTest)  Time elapsed: 0.084 sec  <<< ERROR!
java.lang.NullPointerException
	at edu.ncsu.csc.itrust.unit.action.ViewMyRemoteMonitoringListActionTest.setUp(ViewMyRemoteMonitoringListActionTest.java:26)

testGetPatientName(edu.ncsu.csc.itrust.unit.action.ViewMyRemoteMonitoringListActionTest)  Time elapsed: 0.08 sec  <<< ERROR!
java.lang.NullPointerException
	at edu.ncsu.csc.itrust.unit.action.ViewMyRemoteMonitoringListActionTest.setUp(ViewMyRemoteMonitoringListActionTest.java:26)

testIllegalGetPatientDataByDate1(edu.ncsu.csc.itrust.unit.action.ViewMyRemoteMonitoringListActionTest)  Time elapsed: 0.085 sec  <<< ERROR!
java.lang.NullPointerException
	at edu.ncsu.csc.itrust.unit.action.ViewMyRemoteMonitoringListActionTest.setUp(ViewMyRemoteMonitoringListActionTest.java:26)

Running edu.ncsu.csc.itrust.unit.action.EditApptTypeTest
Tests run: 7, Failures: 0, Errors: 7, Skipped: 0, Time elapsed: 1.398 sec <<< FAILURE! - in edu.ncsu.csc.itrust.unit.action.EditApptTypeTest
testAddApptType2(edu.ncsu.csc.itrust.unit.action.EditApptTypeTest)  Time elapsed: 0.176 sec  <<< ERROR!
java.lang.NullPointerException
	at edu.ncsu.csc.itrust.unit.action.EditApptTypeTest.setUp(EditApptTypeTest.java:27)

testGetApptTypes(edu.ncsu.csc.itrust.unit.action.EditApptTypeTest)  Time elapsed: 0.192 sec  <<< ERROR!
java.lang.NullPointerException
	at edu.ncsu.csc.itrust.unit.action.EditApptTypeTest.setUp(EditApptTypeTest.java:27)

testEditNonExistentApptType(edu.ncsu.csc.itrust.unit.action.EditApptTypeTest)  Time elapsed: 0.186 sec  <<< ERROR!
java.lang.NullPointerException
	at edu.ncsu.csc.itrust.unit.action.EditApptTypeTest.setUp(EditApptTypeTest.java:27)

testAddApptType(edu.ncsu.csc.itrust.unit.action.EditApptTypeTest)  Time elapsed: 0.193 sec  <<< ERROR!
java.lang.NullPointerException
	at edu.ncsu.csc.itrust.unit.action.EditApptTypeTest.setUp(EditApptTypeTest.java:27)

testAddApptTypeLengthZero(edu.ncsu.csc.itrust.unit.action.EditApptTypeTest)  Time elapsed: 0.241 sec  <<< ERROR!
java.lang.NullPointerException
	at edu.ncsu.csc.itrust.unit.action.EditApptTypeTest.setUp(EditApptTypeTest.java:27)

testEditApptType(edu.ncsu.csc.itrust.unit.action.EditApptTypeTest)  Time elapsed: 0.198 sec  <<< ERROR!
java.lang.NullPointerException
	at edu.ncsu.csc.itrust.unit.action.EditApptTypeTest.setUp(EditApptTypeTest.java:27)

testEditApptType2(edu.ncsu.csc.itrust.unit.action.EditApptTypeTest)  Time elapsed: 0.212 sec  <<< ERROR!
java.lang.NullPointerException
	at edu.ncsu.csc.itrust.unit.action.EditApptTypeTest.setUp(EditApptTypeTest.java:27)

Running edu.ncsu.csc.itrust.unit.action.UpdateHospitalListActionTest
Tests run: 9, Failures: 0, Errors: 6, Skipped: 0, Time elapsed: 0.844 sec <<< FAILURE! - in edu.ncsu.csc.itrust.unit.action.UpdateHospitalListActionTest
testAddHospital(edu.ncsu.csc.itrust.unit.action.UpdateHospitalListActionTest)  Time elapsed: 0.092 sec  <<< ERROR!
java.lang.NullPointerException
	at edu.ncsu.csc.itrust.unit.action.UpdateHospitalListActionTest.testAddHospital(UpdateHospitalListActionTest.java:80)

testUpdateAddress(edu.ncsu.csc.itrust.unit.action.UpdateHospitalListActionTest)  Time elapsed: 0.083 sec  <<< ERROR!
java.lang.NullPointerException
	at edu.ncsu.csc.itrust.unit.action.UpdateHospitalListActionTest.addEmpty(UpdateHospitalListActionTest.java:66)
	at edu.ncsu.csc.itrust.unit.action.UpdateHospitalListActionTest.testUpdateAddress(UpdateHospitalListActionTest.java:169)

testUpdateICDInformation0(edu.ncsu.csc.itrust.unit.action.UpdateHospitalListActionTest)  Time elapsed: 0.091 sec  <<< ERROR!
java.lang.NullPointerException
	at edu.ncsu.csc.itrust.unit.action.UpdateHospitalListActionTest.addEmpty(UpdateHospitalListActionTest.java:66)
	at edu.ncsu.csc.itrust.unit.action.UpdateHospitalListActionTest.testUpdateICDInformation0(UpdateHospitalListActionTest.java:124)

testAddAddress(edu.ncsu.csc.itrust.unit.action.UpdateHospitalListActionTest)  Time elapsed: 0.089 sec  <<< ERROR!
java.lang.NullPointerException
	at edu.ncsu.csc.itrust.unit.action.UpdateHospitalListActionTest.testAddAddress(UpdateHospitalListActionTest.java:152)

testAddHospital2(edu.ncsu.csc.itrust.unit.action.UpdateHospitalListActionTest)  Time elapsed: 0.105 sec  <<< ERROR!
java.lang.NullPointerException
	at edu.ncsu.csc.itrust.unit.action.UpdateHospitalListActionTest.testAddHospital2(UpdateHospitalListActionTest.java:94)

testAddDuplicate(edu.ncsu.csc.itrust.unit.action.UpdateHospitalListActionTest)  Time elapsed: 0.091 sec  <<< ERROR!
java.lang.NullPointerException
	at edu.ncsu.csc.itrust.unit.action.UpdateHospitalListActionTest.testAddDuplicate(UpdateHospitalListActionTest.java:108)

Running edu.ncsu.csc.itrust.unit.action.LoginFailureActionTest
Denying access due to DBException
Tests run: 6, Failures: 0, Errors: 0, Skipped: 0, Time elapsed: 0.578 sec - in edu.ncsu.csc.itrust.unit.action.LoginFailureActionTest
Running edu.ncsu.csc.itrust.unit.action.ViewReportActionTest
Tests run: 3, Failures: 3, Errors: 0, Skipped: 0, Time elapsed: 0.001 sec <<< FAILURE! - in edu.ncsu.csc.itrust.unit.action.ViewReportActionTest
warning(junit.framework.TestSuite$1)  Time elapsed: 0.001 sec  <<< FAILURE!
junit.framework.AssertionFailedError: 
Exception in constructor: testGetPatientl (java.lang.NullPointerException
	at edu.ncsu.csc.itrust.action.ViewReportAction.<init>(ViewReportAction.java:26)
	at edu.ncsu.csc.itrust.action.ViewReportAction.<init>(ViewReportAction.java:35)
	at edu.ncsu.csc.itrust.unit.action.ViewReportActionTest.<init>(ViewReportActionTest.java:17)
	at sun.reflect.NativeConstructorAccessorImpl.newInstance0(Native Method)
	at sun.reflect.NativeConstructorAccessorImpl.newInstance(NativeConstructorAccessorImpl.java:62)
	at sun.reflect.DelegatingConstructorAccessorImpl.newInstance(DelegatingConstructorAccessorImpl.java:45)
	at java.lang.reflect.Constructor.newInstance(Constructor.java:423)
	at junit.framework.TestSuite.createTest(TestSuite.java:60)
	at junit.framework.TestSuite.addTestMethod(TestSuite.java:307)
	at junit.framework.TestSuite.addTestsFromTestCase(TestSuite.java:150)
	at junit.framework.TestSuite.<init>(TestSuite.java:129)
	at org.junit.internal.runners.JUnit38ClassRunner.<init>(JUnit38ClassRunner.java:74)
	at org.junit.internal.builders.JUnit3Builder.runnerForClass(JUnit3Builder.java:11)
	at org.junit.runners.model.RunnerBuilder.safeRunnerForClass(RunnerBuilder.java:59)
	at org.junit.internal.builders.AllDefaultPossibilitiesBuilder.runnerForClass(AllDefaultPossibilitiesBuilder.java:26)
	at org.junit.runners.model.RunnerBuilder.safeRunnerForClass(RunnerBuilder.java:59)
	at org.junit.internal.requests.ClassRequest.getRunner(ClassRequest.java:33)
	at org.junit.internal.requests.FilterRequest.getRunner(FilterRequest.java:36)
	at org.apache.maven.surefire.junit4.JUnit4Provider.execute(JUnit4Provider.java:341)
	at org.apache.maven.surefire.junit4.JUnit4Provider.executeWithRerun(JUnit4Provider.java:269)
	at org.apache.maven.surefire.junit4.JUnit4Provider.executeTestSet(JUnit4Provider.java:240)
	at org.apache.maven.surefire.junit4.JUnit4Provider.invoke(JUnit4Provider.java:184)
	at org.apache.maven.surefire.booter.ForkedBooter.invokeProviderInSameClassLoader(ForkedBooter.java:286)
	at org.apache.maven.surefire.booter.ForkedBooter.runSuitesInProcess(ForkedBooter.java:240)
	at org.apache.maven.surefire.booter.ForkedBooter.main(ForkedBooter.java:121)
)
	at junit.framework.TestSuite$1.runTest(TestSuite.java:97)

warning(junit.framework.TestSuite$1)  Time elapsed: 0 sec  <<< FAILURE!
junit.framework.AssertionFailedError: 
Exception in constructor: testGetDeclaredHCPs (java.lang.NullPointerException
	at edu.ncsu.csc.itrust.action.ViewReportAction.<init>(ViewReportAction.java:26)
	at edu.ncsu.csc.itrust.action.ViewReportAction.<init>(ViewReportAction.java:35)
	at edu.ncsu.csc.itrust.unit.action.ViewReportActionTest.<init>(ViewReportActionTest.java:17)
	at sun.reflect.NativeConstructorAccessorImpl.newInstance0(Native Method)
	at sun.reflect.NativeConstructorAccessorImpl.newInstance(NativeConstructorAccessorImpl.java:62)
	at sun.reflect.DelegatingConstructorAccessorImpl.newInstance(DelegatingConstructorAccessorImpl.java:45)
	at java.lang.reflect.Constructor.newInstance(Constructor.java:423)
	at junit.framework.TestSuite.createTest(TestSuite.java:60)
	at junit.framework.TestSuite.addTestMethod(TestSuite.java:307)
	at junit.framework.TestSuite.addTestsFromTestCase(TestSuite.java:150)
	at junit.framework.TestSuite.<init>(TestSuite.java:129)
	at org.junit.internal.runners.JUnit38ClassRunner.<init>(JUnit38ClassRunner.java:74)
	at org.junit.internal.builders.JUnit3Builder.runnerForClass(JUnit3Builder.java:11)
	at org.junit.runners.model.RunnerBuilder.safeRunnerForClass(RunnerBuilder.java:59)
	at org.junit.internal.builders.AllDefaultPossibilitiesBuilder.runnerForClass(AllDefaultPossibilitiesBuilder.java:26)
	at org.junit.runners.model.RunnerBuilder.safeRunnerForClass(RunnerBuilder.java:59)
	at org.junit.internal.requests.ClassRequest.getRunner(ClassRequest.java:33)
	at org.junit.internal.requests.FilterRequest.getRunner(FilterRequest.java:36)
	at org.apache.maven.surefire.junit4.JUnit4Provider.execute(JUnit4Provider.java:341)
	at org.apache.maven.surefire.junit4.JUnit4Provider.executeWithRerun(JUnit4Provider.java:269)
	at org.apache.maven.surefire.junit4.JUnit4Provider.executeTestSet(JUnit4Provider.java:240)
	at org.apache.maven.surefire.junit4.JUnit4Provider.invoke(JUnit4Provider.java:184)
	at org.apache.maven.surefire.booter.ForkedBooter.invokeProviderInSameClassLoader(ForkedBooter.java:286)
	at org.apache.maven.surefire.booter.ForkedBooter.runSuitesInProcess(ForkedBooter.java:240)
	at org.apache.maven.surefire.booter.ForkedBooter.main(ForkedBooter.java:121)
)
	at junit.framework.TestSuite$1.runTest(TestSuite.java:97)

warning(junit.framework.TestSuite$1)  Time elapsed: 0 sec  <<< FAILURE!
junit.framework.AssertionFailedError: 
Exception in constructor: testGetPersonnel (java.lang.NullPointerException
	at edu.ncsu.csc.itrust.action.ViewReportAction.<init>(ViewReportAction.java:26)
	at edu.ncsu.csc.itrust.action.ViewReportAction.<init>(ViewReportAction.java:35)
	at edu.ncsu.csc.itrust.unit.action.ViewReportActionTest.<init>(ViewReportActionTest.java:17)
	at sun.reflect.NativeConstructorAccessorImpl.newInstance0(Native Method)
	at sun.reflect.NativeConstructorAccessorImpl.newInstance(NativeConstructorAccessorImpl.java:62)
	at sun.reflect.DelegatingConstructorAccessorImpl.newInstance(DelegatingConstructorAccessorImpl.java:45)
	at java.lang.reflect.Constructor.newInstance(Constructor.java:423)
	at junit.framework.TestSuite.createTest(TestSuite.java:60)
	at junit.framework.TestSuite.addTestMethod(TestSuite.java:307)
	at junit.framework.TestSuite.addTestsFromTestCase(TestSuite.java:150)
	at junit.framework.TestSuite.<init>(TestSuite.java:129)
	at org.junit.internal.runners.JUnit38ClassRunner.<init>(JUnit38ClassRunner.java:74)
	at org.junit.internal.builders.JUnit3Builder.runnerForClass(JUnit3Builder.java:11)
	at org.junit.runners.model.RunnerBuilder.safeRunnerForClass(RunnerBuilder.java:59)
	at org.junit.internal.builders.AllDefaultPossibilitiesBuilder.runnerForClass(AllDefaultPossibilitiesBuilder.java:26)
	at org.junit.runners.model.RunnerBuilder.safeRunnerForClass(RunnerBuilder.java:59)
	at org.junit.internal.requests.ClassRequest.getRunner(ClassRequest.java:33)
	at org.junit.internal.requests.FilterRequest.getRunner(FilterRequest.java:36)
	at org.apache.maven.surefire.junit4.JUnit4Provider.execute(JUnit4Provider.java:341)
	at org.apache.maven.surefire.junit4.JUnit4Provider.executeWithRerun(JUnit4Provider.java:269)
	at org.apache.maven.surefire.junit4.JUnit4Provider.executeTestSet(JUnit4Provider.java:240)
	at org.apache.maven.surefire.junit4.JUnit4Provider.invoke(JUnit4Provider.java:184)
	at org.apache.maven.surefire.booter.ForkedBooter.invokeProviderInSameClassLoader(ForkedBooter.java:286)
	at org.apache.maven.surefire.booter.ForkedBooter.runSuitesInProcess(ForkedBooter.java:240)
	at org.apache.maven.surefire.booter.ForkedBooter.main(ForkedBooter.java:121)
)
	at junit.framework.TestSuite$1.runTest(TestSuite.java:97)

Running edu.ncsu.csc.itrust.unit.action.SetSecurityQuestionTest
Tests run: 4, Failures: 0, Errors: 0, Skipped: 0, Time elapsed: 0.374 sec - in edu.ncsu.csc.itrust.unit.action.SetSecurityQuestionTest
Running edu.ncsu.csc.itrust.unit.action.GetUserNameActionTest
Tests run: 2, Failures: 0, Errors: 0, Skipped: 0, Time elapsed: 0.14 sec - in edu.ncsu.csc.itrust.unit.action.GetUserNameActionTest
Running edu.ncsu.csc.itrust.unit.action.AddDrugListActionTest
Tests run: 2, Failures: 0, Errors: 0, Skipped: 0, Time elapsed: 0.151 sec - in edu.ncsu.csc.itrust.unit.action.AddDrugListActionTest
Running edu.ncsu.csc.itrust.unit.action.ViewHelperActionTest
Tests run: 1, Failures: 0, Errors: 0, Skipped: 0, Time elapsed: 0.001 sec - in edu.ncsu.csc.itrust.unit.action.ViewHelperActionTest
Running edu.ncsu.csc.itrust.unit.action.ViewNumberOfPendingAppointmentsActionTest
Tests run: 1, Failures: 0, Errors: 1, Skipped: 0, Time elapsed: 0.165 sec <<< FAILURE! - in edu.ncsu.csc.itrust.unit.action.ViewNumberOfPendingAppointmentsActionTest
testGetNumRequest(edu.ncsu.csc.itrust.unit.action.ViewNumberOfPendingAppointmentsActionTest)  Time elapsed: 0.165 sec  <<< ERROR!
java.lang.NullPointerException
	at edu.ncsu.csc.itrust.unit.action.ViewNumberOfPendingAppointmentsActionTest.setUp(ViewNumberOfPendingAppointmentsActionTest.java:30)

Running edu.ncsu.csc.itrust.unit.action.DeclareHCPActionTest
Tests run: 6, Failures: 2, Errors: 1, Skipped: 0, Time elapsed: 0.559 sec <<< FAILURE! - in edu.ncsu.csc.itrust.unit.action.DeclareHCPActionTest
testDeclareAdmin(edu.ncsu.csc.itrust.unit.action.DeclareHCPActionTest)  Time elapsed: 0.082 sec  <<< FAILURE!
junit.framework.AssertionFailedError: exception should have been thrown
	at edu.ncsu.csc.itrust.unit.action.DeclareHCPActionTest.testDeclareAdmin(DeclareHCPActionTest.java:76)

testDeclareAlreadyDeclared(edu.ncsu.csc.itrust.unit.action.DeclareHCPActionTest)  Time elapsed: 0.078 sec  <<< FAILURE!
junit.framework.ComparisonFailure: expected:<[HCP 9000000003 has already been declared for patient 2]> but was:<[This user is not a licensed healthcare professional!]>
	at edu.ncsu.csc.itrust.unit.action.DeclareHCPActionTest.testDeclareAlreadyDeclared(DeclareHCPActionTest.java:53)

testDeclareNormal(edu.ncsu.csc.itrust.unit.action.DeclareHCPActionTest)  Time elapsed: 0.097 sec  <<< ERROR!
edu.ncsu.csc.itrust.exception.ITrustException: This user is not a licensed healthcare professional!
	at edu.ncsu.csc.itrust.unit.action.DeclareHCPActionTest.testDeclareNormal(DeclareHCPActionTest.java:35)

Running edu.ncsu.csc.itrust.unit.enums.StateTest
Tests run: 1, Failures: 0, Errors: 0, Skipped: 0, Time elapsed: 0 sec - in edu.ncsu.csc.itrust.unit.enums.StateTest
Running edu.ncsu.csc.itrust.unit.enums.BloodTypeTest
Tests run: 1, Failures: 0, Errors: 0, Skipped: 0, Time elapsed: 0 sec - in edu.ncsu.csc.itrust.unit.enums.BloodTypeTest
Running edu.ncsu.csc.itrust.unit.enums.TransactionTypeTest
Tests run: 2, Failures: 0, Errors: 0, Skipped: 0, Time elapsed: 0.001 sec - in edu.ncsu.csc.itrust.unit.enums.TransactionTypeTest
Running edu.ncsu.csc.itrust.unit.enums.EthnicityTest
Tests run: 1, Failures: 0, Errors: 0, Skipped: 0, Time elapsed: 0 sec - in edu.ncsu.csc.itrust.unit.enums.EthnicityTest
Running edu.ncsu.csc.itrust.unit.webutils.SessionUtilsTest
Tests run: 12, Failures: 0, Errors: 8, Skipped: 0, Time elapsed: 0.015 sec <<< FAILURE! - in edu.ncsu.csc.itrust.unit.webutils.SessionUtilsTest
testGetCurrentOfficeVisitId(edu.ncsu.csc.itrust.unit.webutils.SessionUtilsTest)  Time elapsed: 0.01 sec  <<< ERROR!
java.lang.NullPointerException
	at edu.ncsu.csc.itrust.unit.webutils.SessionUtilsTest.testGetCurrentOfficeVisitId(SessionUtilsTest.java:110)

testGetRepresenteeList(edu.ncsu.csc.itrust.unit.webutils.SessionUtilsTest)  Time elapsed: 0.001 sec  <<< ERROR!
java.lang.NullPointerException
	at edu.ncsu.csc.itrust.unit.webutils.SessionUtilsTest.testGetRepresenteeList(SessionUtilsTest.java:117)

testGetCurrentPatientMID(edu.ncsu.csc.itrust.unit.webutils.SessionUtilsTest)  Time elapsed: 0.001 sec  <<< ERROR!
java.lang.NullPointerException
	at edu.ncsu.csc.itrust.unit.webutils.SessionUtilsTest.testGetCurrentPatientMID(SessionUtilsTest.java:86)

testGetSessionLoggedInMIDLong(edu.ncsu.csc.itrust.unit.webutils.SessionUtilsTest)  Time elapsed: 0.001 sec  <<< ERROR!
java.lang.NullPointerException
	at edu.ncsu.csc.itrust.unit.webutils.SessionUtilsTest.testGetSessionLoggedInMIDLong(SessionUtilsTest.java:79)

testGetSessionPID(edu.ncsu.csc.itrust.unit.webutils.SessionUtilsTest)  Time elapsed: 0 sec  <<< ERROR!
java.lang.NullPointerException
	at edu.ncsu.csc.itrust.unit.webutils.SessionUtilsTest.testGetSessionPID(SessionUtilsTest.java:65)

testGetSessionUserRole(edu.ncsu.csc.itrust.unit.webutils.SessionUtilsTest)  Time elapsed: 0 sec  <<< ERROR!
java.lang.NullPointerException
	at edu.ncsu.csc.itrust.unit.webutils.SessionUtilsTest.testGetSessionUserRole(SessionUtilsTest.java:58)

testGetCurrentPatientMIDLong(edu.ncsu.csc.itrust.unit.webutils.SessionUtilsTest)  Time elapsed: 0.001 sec  <<< ERROR!
java.lang.NullPointerException
	at edu.ncsu.csc.itrust.unit.webutils.SessionUtilsTest.testGetCurrentPatientMIDLong(SessionUtilsTest.java:98)

testGetSessionLoggedInMID(edu.ncsu.csc.itrust.unit.webutils.SessionUtilsTest)  Time elapsed: 0 sec  <<< ERROR!
java.lang.NullPointerException
	at edu.ncsu.csc.itrust.unit.webutils.SessionUtilsTest.testGetSessionLoggedInMID(SessionUtilsTest.java:72)

Running edu.ncsu.csc.itrust.unit.MessagesTest
Tests run: 1, Failures: 0, Errors: 1, Skipped: 0, Time elapsed: 0 sec <<< FAILURE! - in edu.ncsu.csc.itrust.unit.MessagesTest
testGetString(edu.ncsu.csc.itrust.unit.MessagesTest)  Time elapsed: 0 sec  <<< ERROR!
java.lang.NoClassDefFoundError: Could not initialize class edu.ncsu.csc.itrust.Messages
	at edu.ncsu.csc.itrust.unit.MessagesTest.testGetString(MessagesTest.java:9)

Running edu.ncsu.csc.itrust.unit.validate.bean.SecurityQuestionValidatorTest
Tests run: 5, Failures: 4, Errors: 0, Skipped: 0, Time elapsed: 0 sec <<< FAILURE! - in edu.ncsu.csc.itrust.unit.validate.bean.SecurityQuestionValidatorTest
testMatchWrongFormat(edu.ncsu.csc.itrust.unit.validate.bean.SecurityQuestionValidatorTest)  Time elapsed: 0 sec  <<< FAILURE!
junit.framework.AssertionFailedError: exception should have been thrown
	at edu.ncsu.csc.itrust.unit.validate.bean.SecurityQuestionValidatorTest.testMatchWrongFormat(SecurityQuestionValidatorTest.java:38)

testNullForm(edu.ncsu.csc.itrust.unit.validate.bean.SecurityQuestionValidatorTest)  Time elapsed: 0 sec  <<< FAILURE!
junit.framework.AssertionFailedError: expected:<1> but was:<0>
	at edu.ncsu.csc.itrust.unit.validate.bean.SecurityQuestionValidatorTest.testNullForm(SecurityQuestionValidatorTest.java:64)

testNoMatch(edu.ncsu.csc.itrust.unit.validate.bean.SecurityQuestionValidatorTest)  Time elapsed: 0 sec  <<< FAILURE!
junit.framework.AssertionFailedError: expected:<1> but was:<0>
	at edu.ncsu.csc.itrust.unit.validate.bean.SecurityQuestionValidatorTest.testNoMatch(SecurityQuestionValidatorTest.java:27)

testNullConfirm(edu.ncsu.csc.itrust.unit.validate.bean.SecurityQuestionValidatorTest)  Time elapsed: 0 sec  <<< FAILURE!
junit.framework.AssertionFailedError: expected:<1> but was:<0>
	at edu.ncsu.csc.itrust.unit.validate.bean.SecurityQuestionValidatorTest.testNullConfirm(SecurityQuestionValidatorTest.java:54)

Running edu.ncsu.csc.itrust.unit.validate.bean.HospitalBeanValidatorTest
Tests run: 2, Failures: 1, Errors: 0, Skipped: 0, Time elapsed: 0 sec <<< FAILURE! - in edu.ncsu.csc.itrust.unit.validate.bean.HospitalBeanValidatorTest
testHospitalAllErrors(edu.ncsu.csc.itrust.unit.validate.bean.HospitalBeanValidatorTest)  Time elapsed: 0 sec  <<< FAILURE!
junit.framework.AssertionFailedError: exception should have been thrown
	at edu.ncsu.csc.itrust.unit.validate.bean.HospitalBeanValidatorTest.testHospitalAllErrors(HospitalBeanValidatorTest.java:31)

Running edu.ncsu.csc.itrust.unit.validate.bean.AddPatientValidatorTest
Tests run: 2, Failures: 1, Errors: 0, Skipped: 0, Time elapsed: 0 sec <<< FAILURE! - in edu.ncsu.csc.itrust.unit.validate.bean.AddPatientValidatorTest
testPatientAllErrors(edu.ncsu.csc.itrust.unit.validate.bean.AddPatientValidatorTest)  Time elapsed: 0 sec  <<< FAILURE!
junit.framework.AssertionFailedError: exception should have been thrown
	at edu.ncsu.csc.itrust.unit.validate.bean.AddPatientValidatorTest.testPatientAllErrors(AddPatientValidatorTest.java:28)

Running edu.ncsu.csc.itrust.unit.validate.bean.AddPersonnelValidatorTest
Tests run: 2, Failures: 1, Errors: 0, Skipped: 0, Time elapsed: 0 sec <<< FAILURE! - in edu.ncsu.csc.itrust.unit.validate.bean.AddPersonnelValidatorTest
testPatientAllErrors(edu.ncsu.csc.itrust.unit.validate.bean.AddPersonnelValidatorTest)  Time elapsed: 0 sec  <<< FAILURE!
junit.framework.AssertionFailedError: exception should have been thrown
	at edu.ncsu.csc.itrust.unit.validate.bean.AddPersonnelValidatorTest.testPatientAllErrors(AddPersonnelValidatorTest.java:27)

Running edu.ncsu.csc.itrust.unit.validate.bean.AllergyBeanValidatorTest
Tests run: 2, Failures: 1, Errors: 0, Skipped: 0, Time elapsed: 0.001 sec <<< FAILURE! - in edu.ncsu.csc.itrust.unit.validate.bean.AllergyBeanValidatorTest
testWrongFormat(edu.ncsu.csc.itrust.unit.validate.bean.AllergyBeanValidatorTest)  Time elapsed: 0.001 sec  <<< FAILURE!
junit.framework.AssertionFailedError: exception should have been thrown
	at edu.ncsu.csc.itrust.unit.validate.bean.AllergyBeanValidatorTest.testWrongFormat(AllergyBeanValidatorTest.java:22)

Running edu.ncsu.csc.itrust.unit.validate.bean.PatientValidatorTest
Tests run: 9, Failures: 6, Errors: 1, Skipped: 0, Time elapsed: 0.007 sec <<< FAILURE! - in edu.ncsu.csc.itrust.unit.validate.bean.PatientValidatorTest
testPatientAllErrors(edu.ncsu.csc.itrust.unit.validate.bean.PatientValidatorTest)  Time elapsed: 0.001 sec  <<< FAILURE!
junit.framework.AssertionFailedError: exception should have been thrown
	at edu.ncsu.csc.itrust.unit.validate.bean.PatientValidatorTest.testPatientAllErrors(PatientValidatorTest.java:98)

testPatientWithBadCardNumbers(edu.ncsu.csc.itrust.unit.validate.bean.PatientValidatorTest)  Time elapsed: 0.002 sec  <<< FAILURE!
junit.framework.AssertionFailedError: Invalid card number should have thrown exception
	at edu.ncsu.csc.itrust.unit.validate.bean.PatientValidatorTest.testPatientWithBadCardNumbers(PatientValidatorTest.java:425)

testFutureBirthError(edu.ncsu.csc.itrust.unit.validate.bean.PatientValidatorTest)  Time elapsed: 0.001 sec  <<< FAILURE!
junit.framework.AssertionFailedError: exception should have been thrown
	at edu.ncsu.csc.itrust.unit.validate.bean.PatientValidatorTest.testFutureBirthError(PatientValidatorTest.java:174)

testPatientWithValidCardNumbers(edu.ncsu.csc.itrust.unit.validate.bean.PatientValidatorTest)  Time elapsed: 0.001 sec  <<< ERROR!
edu.ncsu.csc.itrust.exception.FormValidationException: This form has not been validated correctly. The following field are not properly filled in: [null]
	at edu.ncsu.csc.itrust.unit.validate.bean.PatientValidatorTest.testPatientWithValidCardNumbers(PatientValidatorTest.java:363)

testCauseOfDeathValidation(edu.ncsu.csc.itrust.unit.validate.bean.PatientValidatorTest)  Time elapsed: 0.001 sec  <<< FAILURE!
junit.framework.AssertionFailedError: exception should have been thrown
	at edu.ncsu.csc.itrust.unit.validate.bean.PatientValidatorTest.testCauseOfDeathValidation(PatientValidatorTest.java:217)

testMFWithPersonnelMID(edu.ncsu.csc.itrust.unit.validate.bean.PatientValidatorTest)  Time elapsed: 0 sec  <<< FAILURE!
junit.framework.AssertionFailedError: exception should have been thrown
	at edu.ncsu.csc.itrust.unit.validate.bean.PatientValidatorTest.testMFWithPersonnelMID(PatientValidatorTest.java:500)

testPatientWithLongLastName(edu.ncsu.csc.itrust.unit.validate.bean.PatientValidatorTest)  Time elapsed: 0.001 sec  <<< FAILURE!
junit.framework.AssertionFailedError
	at edu.ncsu.csc.itrust.unit.validate.bean.PatientValidatorTest.testPatientWithLongLastName(PatientValidatorTest.java:312)

Running edu.ncsu.csc.itrust.unit.validate.bean.MedicationBeanValidatorTest
Tests run: 2, Failures: 1, Errors: 0, Skipped: 0, Time elapsed: 0 sec <<< FAILURE! - in edu.ncsu.csc.itrust.unit.validate.bean.MedicationBeanValidatorTest
testPatientAllErrors(edu.ncsu.csc.itrust.unit.validate.bean.MedicationBeanValidatorTest)  Time elapsed: 0 sec  <<< FAILURE!
junit.framework.AssertionFailedError: exception should have been thrown
	at edu.ncsu.csc.itrust.unit.validate.bean.MedicationBeanValidatorTest.testPatientAllErrors(MedicationBeanValidatorTest.java:26)

Running edu.ncsu.csc.itrust.unit.validate.BeanValidatorTest
Tests run: 10, Failures: 0, Errors: 0, Skipped: 0, Time elapsed: 0.001 sec - in edu.ncsu.csc.itrust.unit.validate.BeanValidatorTest
Running edu.ncsu.csc.itrust.unit.validate.regex.PasswordValidatorTest
Tests run: 3, Failures: 0, Errors: 0, Skipped: 0, Time elapsed: 0 sec - in edu.ncsu.csc.itrust.unit.validate.regex.PasswordValidatorTest
Running edu.ncsu.csc.itrust.unit.validate.regex.BloodTypeValidatorTest
Tests run: 6, Failures: 0, Errors: 0, Skipped: 0, Time elapsed: 0 sec - in edu.ncsu.csc.itrust.unit.validate.regex.BloodTypeValidatorTest
Running edu.ncsu.csc.itrust.unit.validate.regex.NameValidatorTest
Tests run: 4, Failures: 0, Errors: 0, Skipped: 0, Time elapsed: 0 sec - in edu.ncsu.csc.itrust.unit.validate.regex.NameValidatorTest
Running edu.ncsu.csc.itrust.unit.validate.regex.DateValidatorTest
Tests run: 2, Failures: 0, Errors: 0, Skipped: 0, Time elapsed: 0 sec - in edu.ncsu.csc.itrust.unit.validate.regex.DateValidatorTest
Running edu.ncsu.csc.itrust.unit.validate.regex.ZipcodeValidatorTest
Tests run: 4, Failures: 0, Errors: 0, Skipped: 0, Time elapsed: 0 sec - in edu.ncsu.csc.itrust.unit.validate.regex.ZipcodeValidatorTest
Running edu.ncsu.csc.itrust.unit.validate.regex.CPTCodeValidatorTest
Tests run: 3, Failures: 0, Errors: 0, Skipped: 0, Time elapsed: 0 sec - in edu.ncsu.csc.itrust.unit.validate.regex.CPTCodeValidatorTest
Running edu.ncsu.csc.itrust.unit.validate.regex.NotesValidatorTest
Tests run: 2, Failures: 0, Errors: 0, Skipped: 0, Time elapsed: 0 sec - in edu.ncsu.csc.itrust.unit.validate.regex.NotesValidatorTest
Running edu.ncsu.csc.itrust.unit.validate.regex.NDCodeValidatorTest
Tests run: 3, Failures: 0, Errors: 0, Skipped: 0, Time elapsed: 0 sec - in edu.ncsu.csc.itrust.unit.validate.regex.NDCodeValidatorTest
Running edu.ncsu.csc.itrust.unit.validate.regex.StateValidatorTest
Tests run: 4, Failures: 0, Errors: 0, Skipped: 0, Time elapsed: 0 sec - in edu.ncsu.csc.itrust.unit.validate.regex.StateValidatorTest
Running edu.ncsu.csc.itrust.unit.validate.regex.HospitalIDValidatorTest
Tests run: 5, Failures: 0, Errors: 0, Skipped: 0, Time elapsed: 0 sec - in edu.ncsu.csc.itrust.unit.validate.regex.HospitalIDValidatorTest
Running edu.ncsu.csc.itrust.unit.validate.regex.HospitalNameValidatorTest
Tests run: 4, Failures: 0, Errors: 0, Skipped: 0, Time elapsed: 0 sec - in edu.ncsu.csc.itrust.unit.validate.regex.HospitalNameValidatorTest
Running edu.ncsu.csc.itrust.unit.validate.regex.InsuranceIDValidatorTest
Tests run: 4, Failures: 0, Errors: 0, Skipped: 0, Time elapsed: 0 sec - in edu.ncsu.csc.itrust.unit.validate.regex.InsuranceIDValidatorTest
Running edu.ncsu.csc.itrust.unit.validate.regex.ICD9CMValidatorTest
Tests run: 7, Failures: 0, Errors: 0, Skipped: 0, Time elapsed: 0 sec - in edu.ncsu.csc.itrust.unit.validate.regex.ICD9CMValidatorTest
Running edu.ncsu.csc.itrust.unit.validate.regex.EmailValidatorTest
Tests run: 6, Failures: 0, Errors: 0, Skipped: 0, Time elapsed: 0.001 sec - in edu.ncsu.csc.itrust.unit.validate.regex.EmailValidatorTest
Running edu.ncsu.csc.itrust.unit.validate.regex.CityValidatorTest
Tests run: 3, Failures: 0, Errors: 0, Skipped: 0, Time elapsed: 0 sec - in edu.ncsu.csc.itrust.unit.validate.regex.CityValidatorTest
Running edu.ncsu.csc.itrust.unit.validate.regex.QuestionValidatorTest
Tests run: 3, Failures: 0, Errors: 0, Skipped: 0, Time elapsed: 0 sec - in edu.ncsu.csc.itrust.unit.validate.regex.QuestionValidatorTest
Running edu.ncsu.csc.itrust.unit.validate.regex.MIDValidatorTest
Tests run: 4, Failures: 0, Errors: 0, Skipped: 0, Time elapsed: 0 sec - in edu.ncsu.csc.itrust.unit.validate.regex.MIDValidatorTest
Running edu.ncsu.csc.itrust.unit.validate.regex.AnswerValidatorTest
Tests run: 3, Failures: 0, Errors: 0, Skipped: 0, Time elapsed: 0 sec - in edu.ncsu.csc.itrust.unit.validate.regex.AnswerValidatorTest
Running edu.ncsu.csc.itrust.unit.validate.regex.GenderValidatorTest
Tests run: 3, Failures: 0, Errors: 0, Skipped: 0, Time elapsed: 0 sec - in edu.ncsu.csc.itrust.unit.validate.regex.GenderValidatorTest
Running edu.ncsu.csc.itrust.unit.validate.regex.CodeDescriptionValidatorTest
Tests run: 2, Failures: 0, Errors: 0, Skipped: 0, Time elapsed: 0 sec - in edu.ncsu.csc.itrust.unit.validate.regex.CodeDescriptionValidatorTest
Running edu.ncsu.csc.itrust.unit.validate.regex.PhoneValidatorTest
Tests run: 3, Failures: 0, Errors: 0, Skipped: 0, Time elapsed: 0 sec - in edu.ncsu.csc.itrust.unit.validate.regex.PhoneValidatorTest
Running edu.ncsu.csc.itrust.unit.validate.TestMailValidator
Tests run: 1, Failures: 0, Errors: 0, Skipped: 0, Time elapsed: 0.026 sec - in edu.ncsu.csc.itrust.unit.validate.TestMailValidator
Running edu.ncsu.csc.itrust.unit.CSVParserTest
Tests run: 6, Failures: 2, Errors: 0, Skipped: 0, Time elapsed: 0.004 sec <<< FAILURE! - in edu.ncsu.csc.itrust.unit.CSVParserTest
testWrongNumberFields(edu.ncsu.csc.itrust.unit.CSVParserTest)  Time elapsed: 0.002 sec  <<< FAILURE!
junit.framework.AssertionFailedError
	at edu.ncsu.csc.itrust.unit.CSVParserTest.testWrongNumberFields(CSVParserTest.java:72)

testCSVEndsWhileInQuote(edu.ncsu.csc.itrust.unit.CSVParserTest)  Time elapsed: 0 sec  <<< FAILURE!
junit.framework.ComparisonFailure: expected:<[[Line ended while inside quotes on line 2]]> but was:<[[]]>
	at edu.ncsu.csc.itrust.unit.CSVParserTest.testCSVEndsWhileInQuote(CSVParserTest.java:102)

Running edu.ncsu.csc.itrust.unit.HtmlEncoderTest
Tests run: 2, Failures: 1, Errors: 0, Skipped: 0, Time elapsed: 0 sec <<< FAILURE! - in edu.ncsu.csc.itrust.unit.HtmlEncoderTest
testEscapeCharacters(edu.ncsu.csc.itrust.unit.HtmlEncoderTest)  Time elapsed: 0 sec  <<< FAILURE!
junit.framework.ComparisonFailure: expected:<[&lt;tag&gt;]> but was:<[<tag>]>
	at edu.ncsu.csc.itrust.unit.HtmlEncoderTest.testEscapeCharacters(HtmlEncoderTest.java:8)

Running edu.ncsu.csc.itrust.unit.ErrorListTest
Tests run: 1, Failures: 0, Errors: 0, Skipped: 0, Time elapsed: 0 sec - in edu.ncsu.csc.itrust.unit.ErrorListTest
Running edu.ncsu.csc.itrust.unit.LocalizationTest
Tests run: 1, Failures: 0, Errors: 1, Skipped: 0, Time elapsed: 0 sec <<< FAILURE! - in edu.ncsu.csc.itrust.unit.LocalizationTest
testLocalization(edu.ncsu.csc.itrust.unit.LocalizationTest)  Time elapsed: 0 sec  <<< ERROR!
java.lang.NullPointerException
	at edu.ncsu.csc.itrust.unit.LocalizationTest.testLocalization(LocalizationTest.java:11)

Running edu.ncsu.csc.itrust.unit.controller.hospital.HospitalControllerTest
Tests run: 1, Failures: 0, Errors: 1, Skipped: 0, Time elapsed: 0.007 sec <<< FAILURE! - in edu.ncsu.csc.itrust.unit.controller.hospital.HospitalControllerTest
testHospitalInList(edu.ncsu.csc.itrust.unit.controller.hospital.HospitalControllerTest)  Time elapsed: 0.007 sec  <<< ERROR!
java.lang.NullPointerException
	at edu.ncsu.csc.itrust.unit.controller.hospital.HospitalControllerTest.testHospitalInList(HospitalControllerTest.java:33)

Running edu.ncsu.csc.itrust.unit.controller.emergencyRecord.EmergencyRecordControllerTest
Tests run: 4, Failures: 0, Errors: 0, Skipped: 0, Time elapsed: 0.49 sec - in edu.ncsu.csc.itrust.unit.controller.emergencyRecord.EmergencyRecordControllerTest
Running edu.ncsu.csc.itrust.unit.controller.loincCode.LOINCCodeFormTest
Tests run: 1, Failures: 0, Errors: 1, Skipped: 0, Time elapsed: 0.134 sec <<< FAILURE! - in edu.ncsu.csc.itrust.unit.controller.loincCode.LOINCCodeFormTest
testForm(edu.ncsu.csc.itrust.unit.controller.loincCode.LOINCCodeFormTest)  Time elapsed: 0.134 sec  <<< ERROR!
java.lang.NullPointerException
	at edu.ncsu.csc.itrust.unit.controller.loincCode.LOINCCodeFormTest.testForm(LOINCCodeFormTest.java:74)

Running edu.ncsu.csc.itrust.unit.controller.loincCode.LOINCCodeControllerTest
Tests run: 5, Failures: 1, Errors: 0, Skipped: 0, Time elapsed: 0.525 sec <<< FAILURE! - in edu.ncsu.csc.itrust.unit.controller.loincCode.LOINCCodeControllerTest
testAdd(edu.ncsu.csc.itrust.unit.controller.loincCode.LOINCCodeControllerTest)  Time elapsed: 0.103 sec  <<< FAILURE!
java.lang.AssertionError: expected null, but was:<fda - name1 - kind - null - null - null - null>
	at edu.ncsu.csc.itrust.unit.controller.loincCode.LOINCCodeControllerTest.testAdd(LOINCCodeControllerTest.java:72)

Running edu.ncsu.csc.itrust.unit.controller.labProcedure.LabProcedureControllerTest
edu.ncsu.csc.itrust.exception.DBException: A database exception has occurred. Please see the log in the console for stacktrace
	at edu.ncsu.csc.itrust.model.labProcedure.LabProcedureMySQL.<init>(LabProcedureMySQL.java:34)
	at edu.ncsu.csc.itrust.controller.labProcedure.LabProcedureController.<init>(LabProcedureController.java:32)
	at edu.ncsu.csc.itrust.unit.controller.labProcedure.LabProcedureControllerTest.testLabProcedure(LabProcedureControllerTest.java:499)
	at sun.reflect.NativeMethodAccessorImpl.invoke0(Native Method)
	at sun.reflect.NativeMethodAccessorImpl.invoke(NativeMethodAccessorImpl.java:62)
	at sun.reflect.DelegatingMethodAccessorImpl.invoke(DelegatingMethodAccessorImpl.java:43)
	at java.lang.reflect.Method.invoke(Method.java:498)
	at org.junit.runners.model.FrameworkMethod$1.runReflectiveCall(FrameworkMethod.java:50)
	at org.junit.internal.runners.model.ReflectiveCallable.run(ReflectiveCallable.java:12)
	at org.junit.runners.model.FrameworkMethod.invokeExplosively(FrameworkMethod.java:47)
	at org.junit.internal.runners.statements.InvokeMethod.evaluate(InvokeMethod.java:17)
	at org.junit.internal.runners.statements.RunBefores.evaluate(RunBefores.java:26)
	at org.junit.internal.runners.statements.RunAfters.evaluate(RunAfters.java:27)
	at org.junit.runners.ParentRunner.runLeaf(ParentRunner.java:325)
	at org.junit.runners.BlockJUnit4ClassRunner.runChild(BlockJUnit4ClassRunner.java:78)
	at org.junit.runners.BlockJUnit4ClassRunner.runChild(BlockJUnit4ClassRunner.java:57)
	at org.junit.runners.ParentRunner$3.run(ParentRunner.java:290)
	at org.junit.runners.ParentRunner$1.schedule(ParentRunner.java:71)
	at org.junit.runners.ParentRunner.runChildren(ParentRunner.java:288)
	at org.junit.runners.ParentRunner.access$000(ParentRunner.java:58)
	at org.junit.runners.ParentRunner$2.evaluate(ParentRunner.java:268)
	at org.junit.runners.ParentRunner.run(ParentRunner.java:363)
	at org.apache.maven.surefire.junit4.JUnit4Provider.execute(JUnit4Provider.java:344)
	at org.apache.maven.surefire.junit4.JUnit4Provider.executeWithRerun(JUnit4Provider.java:269)
	at org.apache.maven.surefire.junit4.JUnit4Provider.executeTestSet(JUnit4Provider.java:240)
	at org.apache.maven.surefire.junit4.JUnit4Provider.invoke(JUnit4Provider.java:184)
	at org.apache.maven.surefire.booter.ForkedBooter.invokeProviderInSameClassLoader(ForkedBooter.java:286)
	at org.apache.maven.surefire.booter.ForkedBooter.runSuitesInProcess(ForkedBooter.java:240)
	at org.apache.maven.surefire.booter.ForkedBooter.main(ForkedBooter.java:121)
Tests run: 24, Failures: 5, Errors: 3, Skipped: 0, Time elapsed: 4.642 sec <<< FAILURE! - in edu.ncsu.csc.itrust.unit.controller.labProcedure.LabProcedureControllerTest
testGetLabProceduresByOfficeVisit(edu.ncsu.csc.itrust.unit.controller.labProcedure.LabProcedureControllerTest)  Time elapsed: 0.155 sec  <<< FAILURE!
java.lang.AssertionError
	at edu.ncsu.csc.itrust.unit.controller.labProcedure.LabProcedureControllerTest.testGetLabProceduresByOfficeVisit(LabProcedureControllerTest.java:159)

testEdit(edu.ncsu.csc.itrust.unit.controller.labProcedure.LabProcedureControllerTest)  Time elapsed: 0.152 sec  <<< ERROR!
java.lang.NullPointerException
	at edu.ncsu.csc.itrust.unit.controller.labProcedure.LabProcedureControllerTest.testEdit(LabProcedureControllerTest.java:435)

testGetCompletedLabProceduresByOfficeVisit(edu.ncsu.csc.itrust.unit.controller.labProcedure.LabProcedureControllerTest)  Time elapsed: 0.198 sec  <<< FAILURE!
java.lang.AssertionError: expected:<1> but was:<0>
	at edu.ncsu.csc.itrust.unit.controller.labProcedure.LabProcedureControllerTest.testGetCompletedLabProceduresByOfficeVisit(LabProcedureControllerTest.java:179)

testSetLabProcedureToReceivedStatus(edu.ncsu.csc.itrust.unit.controller.labProcedure.LabProcedureControllerTest)  Time elapsed: 0.19 sec  <<< FAILURE!
org.mockito.exceptions.verification.junit.ArgumentsAreDifferent: 

Argument(s) are different! Wanted:
labProcedureController.printFacesMessage(
    INFO 0,
    <any>,
    <any>,
    <any>
);
-> at edu.ncsu.csc.itrust.unit.controller.labProcedure.LabProcedureControllerTest.testSetLabProcedureToReceivedStatus(LabProcedureControllerTest.java:330)
Actual invocation has different arguments:
labProcedureController.printFacesMessage(
    ERROR 2,
    "Something went wrong and the action couldn't be completed.",
    "Something went wrong and the action couldn't be completed.",
    null
);
-> at edu.ncsu.csc.itrust.unit.controller.labProcedure.LabProcedureControllerTest.testSetLabProcedureToReceivedStatus(LabProcedureControllerTest.java:328)

	at edu.ncsu.csc.itrust.unit.controller.labProcedure.LabProcedureControllerTest.testSetLabProcedureToReceivedStatus(LabProcedureControllerTest.java:330)

testLogViewLabProcedure(edu.ncsu.csc.itrust.unit.controller.labProcedure.LabProcedureControllerTest)  Time elapsed: 0.2 sec  <<< FAILURE!
org.mockito.exceptions.verification.WantedButNotInvoked: 

Wanted but not invoked:
labProcedureController.logTransaction(
    <any>,
    <any>
);
-> at edu.ncsu.csc.itrust.unit.controller.labProcedure.LabProcedureControllerTest.testLogViewLabProcedure(LabProcedureControllerTest.java:543)

However, there were other interactions with this mock:
-> at edu.ncsu.csc.itrust.unit.controller.labProcedure.LabProcedureControllerTest.testLogViewLabProcedure(LabProcedureControllerTest.java:539)
-> at edu.ncsu.csc.itrust.unit.controller.labProcedure.LabProcedureControllerTest.testLogViewLabProcedure(LabProcedureControllerTest.java:540)
-> at edu.ncsu.csc.itrust.unit.controller.labProcedure.LabProcedureControllerTest.testLogViewLabProcedure(LabProcedureControllerTest.java:542)
-> at edu.ncsu.csc.itrust.unit.controller.labProcedure.LabProcedureControllerTest.testLogViewLabProcedure(LabProcedureControllerTest.java:542)

	at edu.ncsu.csc.itrust.unit.controller.labProcedure.LabProcedureControllerTest.testLogViewLabProcedure(LabProcedureControllerTest.java:543)

testGetNonCompletedLabProceduresByOfficeVisit(edu.ncsu.csc.itrust.unit.controller.labProcedure.LabProcedureControllerTest)  Time elapsed: 0.208 sec  <<< FAILURE!
java.lang.AssertionError: expected:<2> but was:<0>
	at edu.ncsu.csc.itrust.unit.controller.labProcedure.LabProcedureControllerTest.testGetNonCompletedLabProceduresByOfficeVisit(LabProcedureControllerTest.java:196)

testRemove(edu.ncsu.csc.itrust.unit.controller.labProcedure.LabProcedureControllerTest)  Time elapsed: 0.188 sec  <<< ERROR!
java.lang.NullPointerException
	at edu.ncsu.csc.itrust.unit.controller.labProcedure.LabProcedureControllerTest.testRemove(LabProcedureControllerTest.java:452)

testLogViewLabProcedureNoOfficeVisitSelected(edu.ncsu.csc.itrust.unit.controller.labProcedure.LabProcedureControllerTest)  Time elapsed: 0.222 sec  <<< ERROR!
java.lang.NullPointerException
	at edu.ncsu.csc.itrust.unit.controller.labProcedure.LabProcedureControllerTest.testLogViewLabProcedureNoOfficeVisitSelected(LabProcedureControllerTest.java:554)

Running edu.ncsu.csc.itrust.unit.controller.prescription.PrescriptionControllerTest
Tests run: 7, Failures: 2, Errors: 0, Skipped: 0, Time elapsed: 1.474 sec <<< FAILURE! - in edu.ncsu.csc.itrust.unit.controller.prescription.PrescriptionControllerTest
testGetPrescriptionsForCurrentPatient(edu.ncsu.csc.itrust.unit.controller.prescription.PrescriptionControllerTest)  Time elapsed: 0.173 sec  <<< FAILURE!
java.lang.AssertionError: expected:<3> but was:<0>
	at edu.ncsu.csc.itrust.unit.controller.prescription.PrescriptionControllerTest.testGetPrescriptionsForCurrentPatient(PrescriptionControllerTest.java:85)

testLogViewPrescriptionReport(edu.ncsu.csc.itrust.unit.controller.prescription.PrescriptionControllerTest)  Time elapsed: 0.202 sec  <<< FAILURE!
org.mockito.exceptions.verification.WantedButNotInvoked: 

Wanted but not invoked:
prescriptionController.logTransaction(
    PRESCRIPTION_REPORT_VIEW,
    null
);
-> at edu.ncsu.csc.itrust.unit.controller.prescription.PrescriptionControllerTest.testLogViewPrescriptionReport(PrescriptionControllerTest.java:137)

However, there were other interactions with this mock:
-> at edu.ncsu.csc.itrust.unit.controller.prescription.PrescriptionControllerTest.setUp(PrescriptionControllerTest.java:65)
-> at edu.ncsu.csc.itrust.unit.controller.prescription.PrescriptionControllerTest.testLogViewPrescriptionReport(PrescriptionControllerTest.java:136)
-> at edu.ncsu.csc.itrust.unit.controller.prescription.PrescriptionControllerTest.testLogViewPrescriptionReport(PrescriptionControllerTest.java:136)

	at edu.ncsu.csc.itrust.unit.controller.prescription.PrescriptionControllerTest.testLogViewPrescriptionReport(PrescriptionControllerTest.java:137)

Running edu.ncsu.csc.itrust.unit.controller.prescription.PrescriptionFormTest
Tests run: 1, Failures: 0, Errors: 1, Skipped: 0, Time elapsed: 0.09 sec <<< FAILURE! - in edu.ncsu.csc.itrust.unit.controller.prescription.PrescriptionFormTest
testEverything(edu.ncsu.csc.itrust.unit.controller.prescription.PrescriptionFormTest)  Time elapsed: 0.09 sec  <<< ERROR!
java.lang.NullPointerException
	at edu.ncsu.csc.itrust.unit.controller.prescription.PrescriptionFormTest.testEverything(PrescriptionFormTest.java:58)

Running edu.ncsu.csc.itrust.unit.controller.medicalProcedure.MedicalProcedureControllerTest
Tests run: 1, Failures: 0, Errors: 0, Skipped: 0, Time elapsed: 0.02 sec - in edu.ncsu.csc.itrust.unit.controller.medicalProcedure.MedicalProcedureControllerTest
Running edu.ncsu.csc.itrust.unit.controller.medicalProcedure.MedicalProcedureFormTest
Tests run: 1, Failures: 0, Errors: 1, Skipped: 0, Time elapsed: 0.114 sec <<< FAILURE! - in edu.ncsu.csc.itrust.unit.controller.medicalProcedure.MedicalProcedureFormTest
testForm(edu.ncsu.csc.itrust.unit.controller.medicalProcedure.MedicalProcedureFormTest)  Time elapsed: 0.114 sec  <<< ERROR!
java.lang.NullPointerException
	at edu.ncsu.csc.itrust.unit.controller.medicalProcedure.MedicalProcedureFormTest.testForm(MedicalProcedureFormTest.java:48)

Running edu.ncsu.csc.itrust.unit.controller.officeVisit.OfficeVisitFormTest
Tests run: 21, Failures: 3, Errors: 0, Skipped: 0, Time elapsed: 0.603 sec <<< FAILURE! - in edu.ncsu.csc.itrust.unit.controller.officeVisit.OfficeVisitFormTest
testIsPatientAChild(edu.ncsu.csc.itrust.unit.controller.officeVisit.OfficeVisitFormTest)  Time elapsed: 0.039 sec  <<< FAILURE!
java.lang.AssertionError
	at edu.ncsu.csc.itrust.unit.controller.officeVisit.OfficeVisitFormTest.testIsPatientAChild(OfficeVisitFormTest.java:310)

testIsPatientABaby(edu.ncsu.csc.itrust.unit.controller.officeVisit.OfficeVisitFormTest)  Time elapsed: 0.022 sec  <<< FAILURE!
java.lang.AssertionError
	at edu.ncsu.csc.itrust.unit.controller.officeVisit.OfficeVisitFormTest.testIsPatientABaby(OfficeVisitFormTest.java:300)

testIsPatientAnAdult(edu.ncsu.csc.itrust.unit.controller.officeVisit.OfficeVisitFormTest)  Time elapsed: 0.031 sec  <<< FAILURE!
java.lang.AssertionError
	at edu.ncsu.csc.itrust.unit.controller.officeVisit.OfficeVisitFormTest.testIsPatientAnAdult(OfficeVisitFormTest.java:320)

Running edu.ncsu.csc.itrust.unit.controller.officeVisit.OfficeVisitControllerTest
Tests run: 25, Failures: 7, Errors: 11, Skipped: 0, Time elapsed: 0.813 sec <<< FAILURE! - in edu.ncsu.csc.itrust.unit.controller.officeVisit.OfficeVisitControllerTest
testGetOfficeVisitsForPatientWithException(edu.ncsu.csc.itrust.unit.controller.officeVisit.OfficeVisitControllerTest)  Time elapsed: 0.044 sec  <<< ERROR!
java.lang.NullPointerException
	at edu.ncsu.csc.itrust.unit.controller.officeVisit.OfficeVisitControllerTest.testGetOfficeVisitsForPatientWithException(OfficeVisitControllerTest.java:190)

testGetSelectedVisitWithNullRequest(edu.ncsu.csc.itrust.unit.controller.officeVisit.OfficeVisitControllerTest)  Time elapsed: 0.024 sec  <<< ERROR!
java.lang.NullPointerException
	at edu.ncsu.csc.itrust.unit.controller.officeVisit.OfficeVisitControllerTest.testGetSelectedVisitWithNullRequest(OfficeVisitControllerTest.java:327)

testGetAdultOfficeVisitsForCurrentPatient(edu.ncsu.csc.itrust.unit.controller.officeVisit.OfficeVisitControllerTest)  Time elapsed: 0.039 sec  <<< FAILURE!
java.lang.AssertionError: expected:<3> but was:<0>
	at edu.ncsu.csc.itrust.unit.controller.officeVisit.OfficeVisitControllerTest.testGetAdultOfficeVisitsForCurrentPatient(OfficeVisitControllerTest.java:236)

testGetChildOfficeVisitsForCurrentPatient(edu.ncsu.csc.itrust.unit.controller.officeVisit.OfficeVisitControllerTest)  Time elapsed: 0.04 sec  <<< FAILURE!
java.lang.AssertionError: expected:<2> but was:<0>
	at edu.ncsu.csc.itrust.unit.controller.officeVisit.OfficeVisitControllerTest.testGetChildOfficeVisitsForCurrentPatient(OfficeVisitControllerTest.java:246)

testAddOfficeVisitWithInvalidDate(edu.ncsu.csc.itrust.unit.controller.officeVisit.OfficeVisitControllerTest)  Time elapsed: 0.031 sec  <<< ERROR!
java.lang.NullPointerException
	at edu.ncsu.csc.itrust.unit.controller.officeVisit.OfficeVisitControllerTest.testAddOfficeVisitWithInvalidDate(OfficeVisitControllerTest.java:161)

testRetrieveOfficeVisit(edu.ncsu.csc.itrust.unit.controller.officeVisit.OfficeVisitControllerTest)  Time elapsed: 0.024 sec  <<< ERROR!
java.lang.NullPointerException
	at edu.ncsu.csc.itrust.unit.controller.officeVisit.OfficeVisitControllerTest.testRetrieveOfficeVisit(OfficeVisitControllerTest.java:115)

testCalculatePatientAge(edu.ncsu.csc.itrust.unit.controller.officeVisit.OfficeVisitControllerTest)  Time elapsed: 0.025 sec  <<< FAILURE!
java.lang.AssertionError
	at edu.ncsu.csc.itrust.unit.controller.officeVisit.OfficeVisitControllerTest.testCalculatePatientAge(OfficeVisitControllerTest.java:271)

testGetSelectedVisit(edu.ncsu.csc.itrust.unit.controller.officeVisit.OfficeVisitControllerTest)  Time elapsed: 0.029 sec  <<< ERROR!
java.lang.NullPointerException
	at edu.ncsu.csc.itrust.unit.controller.officeVisit.OfficeVisitControllerTest.testGetSelectedVisit(OfficeVisitControllerTest.java:302)

testHasPatientVisitedWithNulls(edu.ncsu.csc.itrust.unit.controller.officeVisit.OfficeVisitControllerTest)  Time elapsed: 0.054 sec  <<< ERROR!
java.lang.NullPointerException
	at edu.ncsu.csc.itrust.unit.controller.officeVisit.OfficeVisitControllerTest.testHasPatientVisitedWithNulls(OfficeVisitControllerTest.java:347)

testLogViewOfficeVisit(edu.ncsu.csc.itrust.unit.controller.officeVisit.OfficeVisitControllerTest)  Time elapsed: 0.03 sec  <<< FAILURE!
org.mockito.exceptions.verification.WantedButNotInvoked: 

Wanted but not invoked:
officeVisitController.logTransaction(
    <any>,
    <any>
);
-> at edu.ncsu.csc.itrust.unit.controller.officeVisit.OfficeVisitControllerTest.testLogViewOfficeVisit(OfficeVisitControllerTest.java:376)

However, there were other interactions with this mock:
-> at edu.ncsu.csc.itrust.unit.controller.officeVisit.OfficeVisitControllerTest.setUp(OfficeVisitControllerTest.java:82)
-> at edu.ncsu.csc.itrust.unit.controller.officeVisit.OfficeVisitControllerTest.testLogViewOfficeVisit(OfficeVisitControllerTest.java:373)
-> at edu.ncsu.csc.itrust.unit.controller.officeVisit.OfficeVisitControllerTest.testLogViewOfficeVisit(OfficeVisitControllerTest.java:375)
-> at edu.ncsu.csc.itrust.unit.controller.officeVisit.OfficeVisitControllerTest.testLogViewOfficeVisit(OfficeVisitControllerTest.java:375)

	at edu.ncsu.csc.itrust.unit.controller.officeVisit.OfficeVisitControllerTest.testLogViewOfficeVisit(OfficeVisitControllerTest.java:376)

testAddOfficeVisitWithFacesContext(edu.ncsu.csc.itrust.unit.controller.officeVisit.OfficeVisitControllerTest)  Time elapsed: 0.031 sec  <<< ERROR!
java.lang.NullPointerException
	at edu.ncsu.csc.itrust.unit.controller.officeVisit.OfficeVisitControllerTest.testAddOfficeVisitWithFacesContext(OfficeVisitControllerTest.java:173)

testAddOfficeVisitWithInvalidDateAndFacesContext(edu.ncsu.csc.itrust.unit.controller.officeVisit.OfficeVisitControllerTest)  Time elapsed: 0.033 sec  <<< ERROR!
java.lang.NullPointerException
	at edu.ncsu.csc.itrust.unit.controller.officeVisit.OfficeVisitControllerTest.testAddOfficeVisitWithInvalidDateAndFacesContext(OfficeVisitControllerTest.java:168)

testHasPatientVisited(edu.ncsu.csc.itrust.unit.controller.officeVisit.OfficeVisitControllerTest)  Time elapsed: 0.029 sec  <<< FAILURE!
java.lang.AssertionError
	at edu.ncsu.csc.itrust.unit.controller.officeVisit.OfficeVisitControllerTest.testHasPatientVisited(OfficeVisitControllerTest.java:341)

testLogViewOfficeVisitNoneSelected(edu.ncsu.csc.itrust.unit.controller.officeVisit.OfficeVisitControllerTest)  Time elapsed: 0.028 sec  <<< ERROR!
java.lang.NullPointerException
	at edu.ncsu.csc.itrust.unit.controller.officeVisit.OfficeVisitControllerTest.testLogViewOfficeVisitNoneSelected(OfficeVisitControllerTest.java:383)

testAddReturnGeneratedId(edu.ncsu.csc.itrust.unit.controller.officeVisit.OfficeVisitControllerTest)  Time elapsed: 0.037 sec  <<< FAILURE!
org.mockito.exceptions.verification.WantedButNotInvoked: 

Wanted but not invoked:
officeVisitController.printFacesMessage(
    INFO 0,
    <any>,
    <any>,
    <any>
);
-> at edu.ncsu.csc.itrust.unit.controller.officeVisit.OfficeVisitControllerTest.testAddReturnGeneratedId(OfficeVisitControllerTest.java:366)

However, there were other interactions with this mock:
-> at edu.ncsu.csc.itrust.unit.controller.officeVisit.OfficeVisitControllerTest.setUp(OfficeVisitControllerTest.java:82)
-> at edu.ncsu.csc.itrust.unit.controller.officeVisit.OfficeVisitControllerTest.testAddReturnGeneratedId(OfficeVisitControllerTest.java:364)

	at edu.ncsu.csc.itrust.unit.controller.officeVisit.OfficeVisitControllerTest.testAddReturnGeneratedId(OfficeVisitControllerTest.java:366)

testGetSelectedVisitWithNullVisitId(edu.ncsu.csc.itrust.unit.controller.officeVisit.OfficeVisitControllerTest)  Time elapsed: 0.03 sec  <<< ERROR!
java.lang.NullPointerException
	at edu.ncsu.csc.itrust.unit.controller.officeVisit.OfficeVisitControllerTest.testGetSelectedVisitWithNullVisitId(OfficeVisitControllerTest.java:334)

testGetBabyOfficeVisitsForCurrentPatient(edu.ncsu.csc.itrust.unit.controller.officeVisit.OfficeVisitControllerTest)  Time elapsed: 0.036 sec  <<< FAILURE!
java.lang.AssertionError: expected:<5> but was:<0>
	at edu.ncsu.csc.itrust.unit.controller.officeVisit.OfficeVisitControllerTest.testGetBabyOfficeVisitsForCurrentPatient(OfficeVisitControllerTest.java:256)

testCalculatePatientAgeWithNulls(edu.ncsu.csc.itrust.unit.controller.officeVisit.OfficeVisitControllerTest)  Time elapsed: 0.036 sec  <<< ERROR!
java.lang.NullPointerException
	at edu.ncsu.csc.itrust.unit.controller.officeVisit.OfficeVisitControllerTest.testCalculatePatientAgeWithNulls(OfficeVisitControllerTest.java:296)

Running edu.ncsu.csc.itrust.unit.controller.icdCode.ICDCodeFormTest
Tests run: 1, Failures: 0, Errors: 1, Skipped: 0, Time elapsed: 0.758 sec <<< FAILURE! - in edu.ncsu.csc.itrust.unit.controller.icdCode.ICDCodeFormTest
testICDCodeForm(edu.ncsu.csc.itrust.unit.controller.icdCode.ICDCodeFormTest)  Time elapsed: 0.758 sec  <<< ERROR!
java.lang.NullPointerException
	at edu.ncsu.csc.itrust.unit.controller.icdCode.ICDCodeFormTest.testICDCodeForm(ICDCodeFormTest.java:64)

Running edu.ncsu.csc.itrust.unit.controller.icdCode.ICDCodeControllerTest
Tests run: 5, Failures: 0, Errors: 0, Skipped: 0, Time elapsed: 0.514 sec - in edu.ncsu.csc.itrust.unit.controller.icdCode.ICDCodeControllerTest
Running edu.ncsu.csc.itrust.unit.controller.ndcCode.NDCCodeControllerTest
Tests run: 5, Failures: 0, Errors: 0, Skipped: 0, Time elapsed: 0.498 sec - in edu.ncsu.csc.itrust.unit.controller.ndcCode.NDCCodeControllerTest
Running edu.ncsu.csc.itrust.unit.controller.ndcCode.NDCCodeFormTest
Tests run: 1, Failures: 0, Errors: 1, Skipped: 0, Time elapsed: 0.093 sec <<< FAILURE! - in edu.ncsu.csc.itrust.unit.controller.ndcCode.NDCCodeFormTest
testForm(edu.ncsu.csc.itrust.unit.controller.ndcCode.NDCCodeFormTest)  Time elapsed: 0.093 sec  <<< ERROR!
java.lang.NullPointerException
	at edu.ncsu.csc.itrust.unit.controller.ndcCode.NDCCodeFormTest.testForm(NDCCodeFormTest.java:60)

Running edu.ncsu.csc.itrust.unit.controller.immunization.ImmunizationFormTest
Tests run: 1, Failures: 0, Errors: 1, Skipped: 0, Time elapsed: 0.114 sec <<< FAILURE! - in edu.ncsu.csc.itrust.unit.controller.immunization.ImmunizationFormTest
testForm(edu.ncsu.csc.itrust.unit.controller.immunization.ImmunizationFormTest)  Time elapsed: 0.114 sec  <<< ERROR!
java.lang.NullPointerException
	at edu.ncsu.csc.itrust.unit.controller.immunization.ImmunizationFormTest.testForm(ImmunizationFormTest.java:46)

Running edu.ncsu.csc.itrust.unit.controller.immunization.ImmunizationControllerTest
Tests run: 1, Failures: 0, Errors: 0, Skipped: 0, Time elapsed: 0.02 sec - in edu.ncsu.csc.itrust.unit.controller.immunization.ImmunizationControllerTest
Running edu.ncsu.csc.itrust.unit.controller.cptcode.CPTCodeFormTest
Tests run: 1, Failures: 0, Errors: 1, Skipped: 0, Time elapsed: 0.109 sec <<< FAILURE! - in edu.ncsu.csc.itrust.unit.controller.cptcode.CPTCodeFormTest
testCPTCodeForm(edu.ncsu.csc.itrust.unit.controller.cptcode.CPTCodeFormTest)  Time elapsed: 0.109 sec  <<< ERROR!
java.lang.NullPointerException
	at edu.ncsu.csc.itrust.unit.controller.cptcode.CPTCodeFormTest.testCPTCodeForm(CPTCodeFormTest.java:63)

Running edu.ncsu.csc.itrust.unit.controller.cptcode.CPTCodeControllerTest
Tests run: 6, Failures: 0, Errors: 0, Skipped: 0, Time elapsed: 0.661 sec - in edu.ncsu.csc.itrust.unit.controller.cptcode.CPTCodeControllerTest
Running edu.ncsu.csc.itrust.unit.exception.FormValidationExceptionTest
Tests run: 1, Failures: 1, Errors: 0, Skipped: 0, Time elapsed: 0 sec <<< FAILURE! - in edu.ncsu.csc.itrust.unit.exception.FormValidationExceptionTest
testMessage(edu.ncsu.csc.itrust.unit.exception.FormValidationExceptionTest)  Time elapsed: 0 sec  <<< FAILURE!
junit.framework.ComparisonFailure: expected:<...roperly filled in: [[a]]> but was:<...roperly filled in: [[]]>
	at edu.ncsu.csc.itrust.unit.exception.FormValidationExceptionTest.testMessage(FormValidationExceptionTest.java:12)

Running edu.ncsu.csc.itrust.unit.exception.AddPatientFileExceptionTest
Tests run: 1, Failures: 0, Errors: 0, Skipped: 0, Time elapsed: 0 sec - in edu.ncsu.csc.itrust.unit.exception.AddPatientFileExceptionTest
Running edu.ncsu.csc.itrust.unit.ParameterUtilTest
Tests run: 1, Failures: 0, Errors: 1, Skipped: 0, Time elapsed: 0.001 sec <<< FAILURE! - in edu.ncsu.csc.itrust.unit.ParameterUtilTest
testConvertMap(edu.ncsu.csc.itrust.unit.ParameterUtilTest)  Time elapsed: 0.001 sec  <<< ERROR!
java.lang.NullPointerException
	at edu.ncsu.csc.itrust.unit.ParameterUtilTest.testConvertMap(ParameterUtilTest.java:17)

Running edu.ncsu.csc.itrust.unit.DateUtilTest
Tests run: 4, Failures: 0, Errors: 0, Skipped: 0, Time elapsed: 0.001 sec - in edu.ncsu.csc.itrust.unit.DateUtilTest
Running edu.ncsu.csc.itrust.unit.XmlGeneratorTest
PatientReport
2 Patient 
Tests run: 2, Failures: 0, Errors: 0, Skipped: 0, Time elapsed: 0.003 sec - in edu.ncsu.csc.itrust.unit.XmlGeneratorTest
Running edu.ncsu.csc.itrust.unit.dao.hospital.AssignHospitalDAOTest
Tests run: 3, Failures: 0, Errors: 0, Skipped: 0, Time elapsed: 0.291 sec - in edu.ncsu.csc.itrust.unit.dao.hospital.AssignHospitalDAOTest
Running edu.ncsu.csc.itrust.unit.dao.hospital.HospitalDAOExceptionTest
Tests run: 7, Failures: 0, Errors: 0, Skipped: 0, Time elapsed: 0 sec - in edu.ncsu.csc.itrust.unit.dao.hospital.HospitalDAOExceptionTest
Running edu.ncsu.csc.itrust.unit.dao.hospital.AddEditHospitalDAOTest
Tests run: 8, Failures: 0, Errors: 0, Skipped: 0, Time elapsed: 0.71 sec - in edu.ncsu.csc.itrust.unit.dao.hospital.AddEditHospitalDAOTest
Running edu.ncsu.csc.itrust.unit.dao.billing.BillingDAOTest
Tests run: 11, Failures: 0, Errors: 0, Skipped: 0, Time elapsed: 2.823 sec - in edu.ncsu.csc.itrust.unit.dao.billing.BillingDAOTest
Running edu.ncsu.csc.itrust.unit.dao.reportrequest.ReportRequestDAOTest
Tests run: 10, Failures: 0, Errors: 6, Skipped: 0, Time elapsed: 0.941 sec <<< FAILURE! - in edu.ncsu.csc.itrust.unit.dao.reportrequest.ReportRequestDAOTest
testGetReportsCheckListPatient(edu.ncsu.csc.itrust.unit.dao.reportrequest.ReportRequestDAOTest)  Time elapsed: 0.094 sec  <<< ERROR!
java.lang.NoClassDefFoundError: Could not initialize class edu.ncsu.csc.itrust.model.old.beans.ReportRequestBean
	at edu.ncsu.csc.itrust.unit.dao.reportrequest.ReportRequestDAOTest.testGetReportsCheckListPatient(ReportRequestDAOTest.java:47)

testAddThenRetrieveReport(edu.ncsu.csc.itrust.unit.dao.reportrequest.ReportRequestDAOTest)  Time elapsed: 0.1 sec  <<< ERROR!
java.lang.NoClassDefFoundError: Could not initialize class edu.ncsu.csc.itrust.model.old.beans.ReportRequestBean
	at edu.ncsu.csc.itrust.unit.dao.reportrequest.ReportRequestDAOTest.testAddThenRetrieveReport(ReportRequestDAOTest.java:91)

testGetSpecificReport4CheckDetails(edu.ncsu.csc.itrust.unit.dao.reportrequest.ReportRequestDAOTest)  Time elapsed: 0.087 sec  <<< ERROR!
java.lang.NoClassDefFoundError: Could not initialize class edu.ncsu.csc.itrust.model.old.beans.ReportRequestBean
	at edu.ncsu.csc.itrust.unit.dao.reportrequest.ReportRequestDAOTest.testGetSpecificReport4CheckDetails(ReportRequestDAOTest.java:70)

testGetSpecificReport3CheckDetails(edu.ncsu.csc.itrust.unit.dao.reportrequest.ReportRequestDAOTest)  Time elapsed: 0.083 sec  <<< ERROR!
java.lang.NoClassDefFoundError: Could not initialize class edu.ncsu.csc.itrust.model.old.beans.ReportRequestBean
	at edu.ncsu.csc.itrust.unit.dao.reportrequest.ReportRequestDAOTest.testGetSpecificReport3CheckDetails(ReportRequestDAOTest.java:62)

testGetReportsCheckListRequester(edu.ncsu.csc.itrust.unit.dao.reportrequest.ReportRequestDAOTest)  Time elapsed: 0.105 sec  <<< ERROR!
java.lang.NoClassDefFoundError: Could not initialize class edu.ncsu.csc.itrust.model.old.beans.ReportRequestBean
	at edu.ncsu.csc.itrust.unit.dao.reportrequest.ReportRequestDAOTest.testGetReportsCheckListRequester(ReportRequestDAOTest.java:41)

testAddThenSetViewed(edu.ncsu.csc.itrust.unit.dao.reportrequest.ReportRequestDAOTest)  Time elapsed: 0.105 sec  <<< ERROR!
java.lang.NoClassDefFoundError: Could not initialize class edu.ncsu.csc.itrust.model.old.beans.ReportRequestBean
	at edu.ncsu.csc.itrust.unit.dao.reportrequest.ReportRequestDAOTest.testAddThenSetViewed(ReportRequestDAOTest.java:111)

Running edu.ncsu.csc.itrust.unit.dao.family.FamilyMembersTest
Tests run: 5, Failures: 0, Errors: 0, Skipped: 0, Time elapsed: 0.519 sec - in edu.ncsu.csc.itrust.unit.dao.family.FamilyMembersTest
Running edu.ncsu.csc.itrust.unit.dao.family.FamilyDAOExceptionTest
Tests run: 1, Failures: 0, Errors: 0, Skipped: 0, Time elapsed: 0 sec - in edu.ncsu.csc.itrust.unit.dao.family.FamilyDAOExceptionTest
Running edu.ncsu.csc.itrust.unit.dao.personnel.PersonnelDAOExceptionTest
Tests run: 7, Failures: 0, Errors: 0, Skipped: 0, Time elapsed: 0 sec - in edu.ncsu.csc.itrust.unit.dao.personnel.PersonnelDAOExceptionTest
Running edu.ncsu.csc.itrust.unit.dao.personnel.PersonnelExistsTest
Tests run: 2, Failures: 0, Errors: 0, Skipped: 0, Time elapsed: 0.294 sec - in edu.ncsu.csc.itrust.unit.dao.personnel.PersonnelExistsTest
Running edu.ncsu.csc.itrust.unit.dao.personnel.AddPersonnelTest
Tests run: 4, Failures: 0, Errors: 0, Skipped: 0, Time elapsed: 0.349 sec - in edu.ncsu.csc.itrust.unit.dao.personnel.AddPersonnelTest
Running edu.ncsu.csc.itrust.unit.dao.personnel.EditPersonnelTest
Tests run: 6, Failures: 0, Errors: 0, Skipped: 0, Time elapsed: 0.54 sec - in edu.ncsu.csc.itrust.unit.dao.personnel.EditPersonnelTest
Running edu.ncsu.csc.itrust.unit.dao.allergies.GetAllergiesTest
Tests run: 2, Failures: 0, Errors: 0, Skipped: 0, Time elapsed: 0.201 sec - in edu.ncsu.csc.itrust.unit.dao.allergies.GetAllergiesTest
Running edu.ncsu.csc.itrust.unit.dao.allergies.AllergyDAOExceptionTest
Tests run: 2, Failures: 0, Errors: 0, Skipped: 0, Time elapsed: 0 sec - in edu.ncsu.csc.itrust.unit.dao.allergies.AllergyDAOExceptionTest
Running edu.ncsu.csc.itrust.unit.dao.allergies.AddAllergiesTest
Tests run: 1, Failures: 0, Errors: 0, Skipped: 0, Time elapsed: 0.09 sec - in edu.ncsu.csc.itrust.unit.dao.allergies.AddAllergiesTest
Running edu.ncsu.csc.itrust.unit.dao.DAOFactoryTest
Tests run: 1, Failures: 0, Errors: 0, Skipped: 0, Time elapsed: 0 sec - in edu.ncsu.csc.itrust.unit.dao.DAOFactoryTest
Running edu.ncsu.csc.itrust.unit.dao.fakeemail.EmailTest
Tests run: 3, Failures: 0, Errors: 0, Skipped: 0, Time elapsed: 0.005 sec - in edu.ncsu.csc.itrust.unit.dao.fakeemail.EmailTest
Running edu.ncsu.csc.itrust.unit.dao.fakeemail.EmailExceptionTest
Tests run: 3, Failures: 0, Errors: 0, Skipped: 0, Time elapsed: 0 sec - in edu.ncsu.csc.itrust.unit.dao.fakeemail.EmailExceptionTest
Running edu.ncsu.csc.itrust.unit.dao.standards.NDDAOExceptionTest
Tests run: 4, Failures: 0, Errors: 0, Skipped: 0, Time elapsed: 0 sec - in edu.ncsu.csc.itrust.unit.dao.standards.NDDAOExceptionTest
Running edu.ncsu.csc.itrust.unit.dao.standards.NDCodeTest
Tests run: 8, Failures: 0, Errors: 0, Skipped: 0, Time elapsed: 0.739 sec - in edu.ncsu.csc.itrust.unit.dao.standards.NDCodeTest
Running edu.ncsu.csc.itrust.unit.dao.druginteraction.DrugInteractionDAOTest
Tests run: 4, Failures: 0, Errors: 0, Skipped: 0, Time elapsed: 0.276 sec - in edu.ncsu.csc.itrust.unit.dao.druginteraction.DrugInteractionDAOTest
Running edu.ncsu.csc.itrust.unit.dao.patient.PatientDAOExceptionTest
Tests run: 13, Failures: 0, Errors: 0, Skipped: 0, Time elapsed: 0.001 sec - in edu.ncsu.csc.itrust.unit.dao.patient.PatientDAOExceptionTest
Running edu.ncsu.csc.itrust.unit.dao.patient.RepresentativeTest
Tests run: 10, Failures: 0, Errors: 0, Skipped: 0, Time elapsed: 1.013 sec - in edu.ncsu.csc.itrust.unit.dao.patient.RepresentativeTest
Running edu.ncsu.csc.itrust.unit.dao.patient.DeclareHCPTest
Tests run: 6, Failures: 0, Errors: 0, Skipped: 0, Time elapsed: 0.548 sec - in edu.ncsu.csc.itrust.unit.dao.patient.DeclareHCPTest
Running edu.ncsu.csc.itrust.unit.dao.patient.PatientExistsTest
Tests run: 3, Failures: 0, Errors: 0, Skipped: 0, Time elapsed: 0.294 sec - in edu.ncsu.csc.itrust.unit.dao.patient.PatientExistsTest
Running edu.ncsu.csc.itrust.unit.dao.patient.EditPatientTest
Tests run: 4, Failures: 0, Errors: 0, Skipped: 0, Time elapsed: 0.453 sec - in edu.ncsu.csc.itrust.unit.dao.patient.EditPatientTest
Running edu.ncsu.csc.itrust.unit.dao.patient.AddPatientTest
Tests run: 4, Failures: 0, Errors: 0, Skipped: 0, Time elapsed: 0.36 sec - in edu.ncsu.csc.itrust.unit.dao.patient.AddPatientTest
Running edu.ncsu.csc.itrust.unit.dao.remotemonitoring.PatientListTest
Tests run: 1, Failures: 0, Errors: 0, Skipped: 0, Time elapsed: 0.106 sec - in edu.ncsu.csc.itrust.unit.dao.remotemonitoring.PatientListTest
Running edu.ncsu.csc.itrust.unit.dao.remotemonitoring.PatientDataTest
Tests run: 9, Failures: 0, Errors: 0, Skipped: 0, Time elapsed: 0.86 sec - in edu.ncsu.csc.itrust.unit.dao.remotemonitoring.PatientDataTest
Running edu.ncsu.csc.itrust.unit.dao.WardDAOTest
Tests run: 16, Failures: 0, Errors: 0, Skipped: 0, Time elapsed: 0.017 sec - in edu.ncsu.csc.itrust.unit.dao.WardDAOTest
Running edu.ncsu.csc.itrust.unit.dao.transaction.LogTransactionTest
Tests run: 5, Failures: 0, Errors: 0, Skipped: 0, Time elapsed: 0.506 sec - in edu.ncsu.csc.itrust.unit.dao.transaction.LogTransactionTest
Running edu.ncsu.csc.itrust.unit.dao.transaction.TransactionDAOExceptionTest
Tests run: 3, Failures: 0, Errors: 0, Skipped: 0, Time elapsed: 0 sec - in edu.ncsu.csc.itrust.unit.dao.transaction.TransactionDAOExceptionTest
Running edu.ncsu.csc.itrust.unit.dao.transaction.AccessRecordTest
Tests run: 2, Failures: 0, Errors: 0, Skipped: 0, Time elapsed: 0.164 sec - in edu.ncsu.csc.itrust.unit.dao.transaction.AccessRecordTest
Running edu.ncsu.csc.itrust.unit.dao.transaction.OperationalProfileTest
Tests run: 2, Failures: 0, Errors: 1, Skipped: 0, Time elapsed: 0.199 sec <<< FAILURE! - in edu.ncsu.csc.itrust.unit.dao.transaction.OperationalProfileTest
testGetOperationalProfile(edu.ncsu.csc.itrust.unit.dao.transaction.OperationalProfileTest)  Time elapsed: 0.098 sec  <<< ERROR!
java.lang.NullPointerException
	at edu.ncsu.csc.itrust.unit.dao.transaction.OperationalProfileTest.testGetOperationalProfile(OperationalProfileTest.java:33)

Running edu.ncsu.csc.itrust.unit.dao.DBUtilTest
Error closing connections
java.sql.SQLException: Context Lookup Naming Exception: Need to specify class name in environment or system property, or as an applet parameter, or in an application resource file:  java.naming.factory.initial
Tests run: 3, Failures: 0, Errors: 0, Skipped: 0, Time elapsed: 0.007 sec - in edu.ncsu.csc.itrust.unit.dao.DBUtilTest
Running edu.ncsu.csc.itrust.unit.dao.appointment.ApptRequestDAOTest
Tests run: 5, Failures: 0, Errors: 0, Skipped: 0, Time elapsed: 0.999 sec - in edu.ncsu.csc.itrust.unit.dao.appointment.ApptRequestDAOTest
Running edu.ncsu.csc.itrust.unit.dao.appointment.ApptDAOTest
Tests run: 6, Failures: 0, Errors: 0, Skipped: 0, Time elapsed: 0.585 sec - in edu.ncsu.csc.itrust.unit.dao.appointment.ApptDAOTest
Running edu.ncsu.csc.itrust.unit.dao.auth.GetUserRoleTest
Tests run: 1, Failures: 0, Errors: 0, Skipped: 0, Time elapsed: 0.094 sec - in edu.ncsu.csc.itrust.unit.dao.auth.GetUserRoleTest
Running edu.ncsu.csc.itrust.unit.dao.auth.GetUserNameTest
Tests run: 3, Failures: 0, Errors: 0, Skipped: 0, Time elapsed: 0.301 sec - in edu.ncsu.csc.itrust.unit.dao.auth.GetUserNameTest
Running edu.ncsu.csc.itrust.unit.dao.auth.RecordLoginFailureTest
Tests run: 2, Failures: 0, Errors: 0, Skipped: 0, Time elapsed: 0.007 sec - in edu.ncsu.csc.itrust.unit.dao.auth.RecordLoginFailureTest
Running edu.ncsu.csc.itrust.unit.dao.auth.CheckUserActivatedTest
Tests run: 2, Failures: 0, Errors: 0, Skipped: 0, Time elapsed: 0.382 sec - in edu.ncsu.csc.itrust.unit.dao.auth.CheckUserActivatedTest
Running edu.ncsu.csc.itrust.unit.dao.auth.UserExistsTest
Tests run: 1, Failures: 0, Errors: 0, Skipped: 0, Time elapsed: 0.084 sec - in edu.ncsu.csc.itrust.unit.dao.auth.UserExistsTest
Running edu.ncsu.csc.itrust.unit.dao.auth.GetLoginFailureTest
Tests run: 3, Failures: 0, Errors: 0, Skipped: 0, Time elapsed: 0.005 sec - in edu.ncsu.csc.itrust.unit.dao.auth.GetLoginFailureTest
Running edu.ncsu.csc.itrust.unit.dao.auth.ResetPasswordTest
Tests run: 5, Failures: 0, Errors: 0, Skipped: 0, Time elapsed: 0.492 sec - in edu.ncsu.csc.itrust.unit.dao.auth.ResetPasswordTest
Running edu.ncsu.csc.itrust.unit.dao.auth.AuthDAOExceptionTest
Tests run: 13, Failures: 0, Errors: 0, Skipped: 0, Time elapsed: 0.003 sec - in edu.ncsu.csc.itrust.unit.dao.auth.AuthDAOExceptionTest
Running edu.ncsu.csc.itrust.unit.dao.auth.AddUserTest
Tests run: 3, Failures: 0, Errors: 0, Skipped: 0, Time elapsed: 0.279 sec - in edu.ncsu.csc.itrust.unit.dao.auth.AddUserTest
Running edu.ncsu.csc.itrust.unit.dao.recordsrelease.RecordsReleaseDAOTest
Tests run: 6, Failures: 0, Errors: 0, Skipped: 0, Time elapsed: 0.608 sec - in edu.ncsu.csc.itrust.unit.dao.recordsrelease.RecordsReleaseDAOTest
Running edu.ncsu.csc.itrust.unit.dao.reviews.ReviewsDAOTest
Tests run: 9, Failures: 0, Errors: 0, Skipped: 0, Time elapsed: 1.713 sec - in edu.ncsu.csc.itrust.unit.dao.reviews.ReviewsDAOTest
Running edu.ncsu.csc.itrust.unit.dao.access.GetSessionTimeoutTest
Tests run: 2, Failures: 0, Errors: 0, Skipped: 0, Time elapsed: 0.004 sec - in edu.ncsu.csc.itrust.unit.dao.access.GetSessionTimeoutTest
Running edu.ncsu.csc.itrust.unit.dao.access.AccessDAOExceptionTest
Tests run: 4, Failures: 0, Errors: 0, Skipped: 0, Time elapsed: 0 sec - in edu.ncsu.csc.itrust.unit.dao.access.AccessDAOExceptionTest
Running edu.ncsu.csc.itrust.unit.dao.AutoIncrementTest
Tests run: 1, Failures: 0, Errors: 0, Skipped: 0, Time elapsed: 0.028 sec - in edu.ncsu.csc.itrust.unit.dao.AutoIncrementTest
Running edu.ncsu.csc.itrust.unit.EmailUtilTest
Tests run: 1, Failures: 0, Errors: 0, Skipped: 0, Time elapsed: 0 sec - in edu.ncsu.csc.itrust.unit.EmailUtilTest
Running edu.ncsu.csc.itrust.unit.serverutils.ProductionConnectionDriverTest
Tests run: 1, Failures: 0, Errors: 0, Skipped: 0, Time elapsed: 0.012 sec - in edu.ncsu.csc.itrust.unit.serverutils.ProductionConnectionDriverTest
Running edu.ncsu.csc.itrust.unit.serverutils.GroupReportGeneratorTest
Tests run: 1, Failures: 0, Errors: 1, Skipped: 0, Time elapsed: 0.019 sec <<< FAILURE! - in edu.ncsu.csc.itrust.unit.serverutils.GroupReportGeneratorTest
testGroupReportGeneratorServletPost(edu.ncsu.csc.itrust.unit.serverutils.GroupReportGeneratorTest)  Time elapsed: 0.019 sec  <<< ERROR!
java.lang.NullPointerException
	at edu.ncsu.csc.itrust.unit.serverutils.GroupReportGeneratorTest.testGroupReportGeneratorServletPost(GroupReportGeneratorTest.java:75)

Running edu.ncsu.csc.itrust.unit.serverutils.FindExpertServletTest
Tests run: 1, Failures: 1, Errors: 0, Skipped: 0, Time elapsed: 0.177 sec <<< FAILURE! - in edu.ncsu.csc.itrust.unit.serverutils.FindExpertServletTest
testDoGetHttpServletRequestHttpServletResponse(edu.ncsu.csc.itrust.unit.serverutils.FindExpertServletTest)  Time elapsed: 0.177 sec  <<< FAILURE!
java.lang.AssertionError
	at edu.ncsu.csc.itrust.unit.serverutils.FindExpertServletTest.testDoGetHttpServletRequestHttpServletResponse(FindExpertServletTest.java:50)

Running edu.ncsu.csc.itrust.unit.serverutils.SessionTimeoutListenerTest
Unable to set session timeout, defaulting to 21 minutes
Tests run: 3, Failures: 0, Errors: 1, Skipped: 0, Time elapsed: 0.008 sec <<< FAILURE! - in edu.ncsu.csc.itrust.unit.serverutils.SessionTimeoutListenerTest
testSessionDestroyed(edu.ncsu.csc.itrust.unit.serverutils.SessionTimeoutListenerTest)  Time elapsed: 0.005 sec  <<< ERROR!
java.lang.NullPointerException
	at edu.ncsu.csc.itrust.unit.serverutils.SessionTimeoutListenerTest.testSessionDestroyed(SessionTimeoutListenerTest.java:42)

Running edu.ncsu.csc.itrust.unit.serverutils.CustomJSPTagsTest
Tests run: 4, Failures: 0, Errors: 0, Skipped: 0, Time elapsed: 0.021 sec - in edu.ncsu.csc.itrust.unit.serverutils.CustomJSPTagsTest
Running edu.ncsu.csc.itrust.unit.serverutils.WardCRUDServletTest
Tests run: 6, Failures: 2, Errors: 0, Skipped: 0, Time elapsed: 0.005 sec <<< FAILURE! - in edu.ncsu.csc.itrust.unit.serverutils.WardCRUDServletTest
testWardCRUDServletPut(edu.ncsu.csc.itrust.unit.serverutils.WardCRUDServletTest)  Time elapsed: 0.001 sec  <<< FAILURE!
java.lang.AssertionError: 

  Unexpected method call getParameter("T556YmtW5X"):
    getParameter("wardID"): expected: 1, actual: 0
    getParameter("requiredSpecialty"): expected: 1, actual: 0
    getParameter("inHospital"): expected: 1, actual: 0
    sendRedirect(""): expected: 1, actual: 0
	at edu.ncsu.csc.itrust.unit.serverutils.WardCRUDServletTest.testWardCRUDServletPut(WardCRUDServletTest.java:69)

testWardCRUDServletPutFail(edu.ncsu.csc.itrust.unit.serverutils.WardCRUDServletTest)  Time elapsed: 0 sec  <<< FAILURE!
java.lang.AssertionError: 

  Unexpected method call getParameter("T556YmtW5X"):
    getParameter("wardID"): expected: 1, actual: 0
    getParameter("requiredSpecialty"): expected: 1, actual: 0
    getParameter("inHospital"): expected: 1, actual: 0
    sendRedirect(""): expected: 1, actual: 0
	at edu.ncsu.csc.itrust.unit.serverutils.WardCRUDServletTest.testWardCRUDServletPutFail(WardCRUDServletTest.java:83)

Running edu.ncsu.csc.itrust.unit.serverutils.PateintSearchServletTest
Tests run: 3, Failures: 1, Errors: 0, Skipped: 0, Time elapsed: 0.568 sec <<< FAILURE! - in edu.ncsu.csc.itrust.unit.serverutils.PateintSearchServletTest
testEmptyAuditSearch(edu.ncsu.csc.itrust.unit.serverutils.PateintSearchServletTest)  Time elapsed: 0.171 sec  <<< FAILURE!
java.lang.AssertionError
	at edu.ncsu.csc.itrust.unit.serverutils.PateintSearchServletTest.testEmptyAuditSearch(PateintSearchServletTest.java:76)

Running edu.ncsu.csc.itrust.unit.serverutils.WardRoomCRUDServletTest
Tests run: 6, Failures: 0, Errors: 0, Skipped: 0, Time elapsed: 0.005 sec - in edu.ncsu.csc.itrust.unit.serverutils.WardRoomCRUDServletTest

Results :

Failed tests: 
  BeanBuilderTest.testEqualsOkayToBeOverloaded:59 expected:<[test text]> but was:<[]>
  CSVParserTest.testCSVEndsWhileInQuote:102 expected:<[[Line ended while inside quotes on line 2]]> but was:<[[]]>
  CSVParserTest.testWrongNumberFields:72 null
  HtmlEncoderTest.testEscapeCharacters:8 expected:<[&lt;tag&gt;]> but was:<[<tag>]>
  AddRemoteMonitoringDataActionTest.testAddBadRemoteMonitoringData:209 null
  ChangeSessionTimeoutActionTest.testBadNumber:27 expected:<1> but was:<0>
  ChangeSessionTimeoutActionTest.testNotANumber:17 expected:<1> but was:<0>
  DeclareHCPActionTest.testDeclareAdmin:76 exception should have been thrown
  DeclareHCPActionTest.testDeclareAlreadyDeclared:53 expected:<[HCP 9000000003 has already been declared for patient 2]> but was:<[This user is not a licensed healthcare professional!]>
  EditPersonnelActionTest.testNotAuthorized:28 expected:<[You can only edit your own demographics!]> but was:<[prPeI8cFYQ]>
  GroupReportGeneratorActionTest.testParseFilters:73 
  Unexpected method call getParameter("1pUEnetDu6"):
  ManageHospitalAssignmentsActionTest.testCheckLTHospital:274 null
  SearchUsersActionTest.testFuzzySearchForExpert:159 expected:<1> but was:<0>
  UpdateNDCodeListActionTest.testUpdateNDInformation0:113 expected:<[Success: 1 row(s) updated]> but was:<[Error: Code not found.]>
  UpdateNDCodeListActionTest.testUpdateNonExistent:126 expected:<[Error: Code not found.]> but was:<[Success: 0 row(s) updated]>
  UpdateReasonCodeListActionTest.testUpdateNDInformation0:106 expected:<[Success: 1 row(s) updated]> but was:<[Error: Code not found.]>
  UpdateReasonCodeListActionTest.testUpdateNonExistent:119 expected:<[Error: Code not found.]> but was:<[Success: 0 row(s) updated]>
  ViewMyAccessLogActionTest.testGetAccessesBadData:77 expected:<1> but was:<0>
  ViewMyAccessLogActionTest.testGetAccessesIllegalUser:57 expected:<1> but was:<0>
  LabProcedureControllerTest.testGetCompletedLabProceduresByOfficeVisit:179 expected:<1> but was:<0>
  LabProcedureControllerTest.testGetLabProceduresByOfficeVisit:159 null
  LabProcedureControllerTest.testGetNonCompletedLabProceduresByOfficeVisit:196 expected:<2> but was:<0>
  LabProcedureControllerTest.testLogViewLabProcedure:543 
Wanted but not invoked:
labProcedureController.logTransaction(
    <any>,
    <any>
);
-> at edu.ncsu.csc.itrust.unit.controller.labProcedure.LabProcedureControllerTest.testLogViewLabProcedure(LabProcedureControllerTest.java:543)

However, there were other interactions with this mock:
-> at edu.ncsu.csc.itrust.unit.controller.labProcedure.LabProcedureControllerTest.testLogViewLabProcedure(LabProcedureControllerTest.java:539)
-> at edu.ncsu.csc.itrust.unit.controller.labProcedure.LabProcedureControllerTest.testLogViewLabProcedure(LabProcedureControllerTest.java:540)
-> at edu.ncsu.csc.itrust.unit.controller.labProcedure.LabProcedureControllerTest.testLogViewLabProcedure(LabProcedureControllerTest.java:542)
-> at edu.ncsu.csc.itrust.unit.controller.labProcedure.LabProcedureControllerTest.testLogViewLabProcedure(LabProcedureControllerTest.java:542)

  LabProcedureControllerTest.testSetLabProcedureToReceivedStatus:330 
Argument(s) are different! Wanted:
labProcedureController.printFacesMessage(
    INFO 0,
    <any>,
    <any>,
    <any>
);
-> at edu.ncsu.csc.itrust.unit.controller.labProcedure.LabProcedureControllerTest.testSetLabProcedureToReceivedStatus(LabProcedureControllerTest.java:330)
Actual invocation has different arguments:
labProcedureController.printFacesMessage(
    ERROR 2,
    "Something went wrong and the action couldn't be completed.",
    "Something went wrong and the action couldn't be completed.",
    null
);
-> at edu.ncsu.csc.itrust.unit.controller.labProcedure.LabProcedureControllerTest.testSetLabProcedureToReceivedStatus(LabProcedureControllerTest.java:328)

  LOINCCodeControllerTest.testAdd:72 expected null, but was:<fda - name1 - kind - null - null - null - null>
  OfficeVisitControllerTest.testAddReturnGeneratedId:366 
Wanted but not invoked:
officeVisitController.printFacesMessage(
    INFO 0,
    <any>,
    <any>,
    <any>
);
-> at edu.ncsu.csc.itrust.unit.controller.officeVisit.OfficeVisitControllerTest.testAddReturnGeneratedId(OfficeVisitControllerTest.java:366)

However, there were other interactions with this mock:
-> at edu.ncsu.csc.itrust.unit.controller.officeVisit.OfficeVisitControllerTest.setUp(OfficeVisitControllerTest.java:82)
-> at edu.ncsu.csc.itrust.unit.controller.officeVisit.OfficeVisitControllerTest.testAddReturnGeneratedId(OfficeVisitControllerTest.java:364)

  OfficeVisitControllerTest.testCalculatePatientAge:271 null
  OfficeVisitControllerTest.testGetAdultOfficeVisitsForCurrentPatient:236 expected:<3> but was:<0>
  OfficeVisitControllerTest.testGetBabyOfficeVisitsForCurrentPatient:256 expected:<5> but was:<0>
  OfficeVisitControllerTest.testGetChildOfficeVisitsForCurrentPatient:246 expected:<2> but was:<0>
  OfficeVisitControllerTest.testHasPatientVisited:341 null
  OfficeVisitControllerTest.testLogViewOfficeVisit:376 
Wanted but not invoked:
officeVisitController.logTransaction(
    <any>,
    <any>
);
-> at edu.ncsu.csc.itrust.unit.controller.officeVisit.OfficeVisitControllerTest.testLogViewOfficeVisit(OfficeVisitControllerTest.java:376)

However, there were other interactions with this mock:
-> at edu.ncsu.csc.itrust.unit.controller.officeVisit.OfficeVisitControllerTest.setUp(OfficeVisitControllerTest.java:82)
-> at edu.ncsu.csc.itrust.unit.controller.officeVisit.OfficeVisitControllerTest.testLogViewOfficeVisit(OfficeVisitControllerTest.java:373)
-> at edu.ncsu.csc.itrust.unit.controller.officeVisit.OfficeVisitControllerTest.testLogViewOfficeVisit(OfficeVisitControllerTest.java:375)
-> at edu.ncsu.csc.itrust.unit.controller.officeVisit.OfficeVisitControllerTest.testLogViewOfficeVisit(OfficeVisitControllerTest.java:375)

  OfficeVisitFormTest.testIsPatientABaby:300 null
  OfficeVisitFormTest.testIsPatientAChild:310 null
  OfficeVisitFormTest.testIsPatientAnAdult:320 null
  PrescriptionControllerTest.testGetPrescriptionsForCurrentPatient:85 expected:<3> but was:<0>
  PrescriptionControllerTest.testLogViewPrescriptionReport:137 
Wanted but not invoked:
prescriptionController.logTransaction(
    PRESCRIPTION_REPORT_VIEW,
    null
);
-> at edu.ncsu.csc.itrust.unit.controller.prescription.PrescriptionControllerTest.testLogViewPrescriptionReport(PrescriptionControllerTest.java:137)

However, there were other interactions with this mock:
-> at edu.ncsu.csc.itrust.unit.controller.prescription.PrescriptionControllerTest.setUp(PrescriptionControllerTest.java:65)
-> at edu.ncsu.csc.itrust.unit.controller.prescription.PrescriptionControllerTest.testLogViewPrescriptionReport(PrescriptionControllerTest.java:136)
-> at edu.ncsu.csc.itrust.unit.controller.prescription.PrescriptionControllerTest.testLogViewPrescriptionReport(PrescriptionControllerTest.java:136)

  FormValidationExceptionTest.testMessage:12 expected:<...roperly filled in: [[a]]> but was:<...roperly filled in: [[]]>
  CPTCodeMySQLTest.testDiabolicals:111 null
  DiagnosisMySQLTest.testAdd:64 Cannot add null ICDCode
  DiagnosisMySQLTest.testUpdate:84 Cannot update null ICDCode
  ICDCodeMySQLTest.testDiabolicals:111 null
  ImmunizationMySQLTest.testUpdate:149 Exception should be thrown
  ImmunizationValidatorTest.testValidationBadCodeLength:49 null
  ImmunizationValidatorTest.testValidationBadCodeZeroLength:62 null
  LabProcedureFormTest.testGetSelectedLabProcedure:129 null
  LabProcedureFormTest.testRemoveLabProcedure:210 
Wanted but not invoked:
labProcedureController.remove("8");
-> at edu.ncsu.csc.itrust.unit.model.labProcedure.LabProcedureFormTest.testRemoveLabProcedure(LabProcedureFormTest.java:210)

However, there were other interactions with this mock:
-> at edu.ncsu.csc.itrust.unit.model.labProcedure.LabProcedureFormTest.setUp(LabProcedureFormTest.java:72)

  LabProcedureMySQLTest.testUpdateInvalid:253 Should throw exception when updating invalid lab procedure
  LabProcedureValidatorTest.testInvalidCommentary:74->tryValidateWithInvalidField:203 Validator should catch invalid field commentary
  LabProcedureValidatorTest.testInvalidConfidenceIntervalLower:80->tryValidateWithInvalidField:203 Validator should catch invalid field confidence interval lower
  LabProcedureValidatorTest.testInvalidConfidenceIntervalUpper:88->tryValidateWithInvalidField:203 Validator should catch invalid field confidence interval upper
  LabProcedureValidatorTest.testInvalidHcpMID:180->tryValidateWithInvalidField:203 Validator should catch invalid field HCP MID
  LabProcedureValidatorTest.testInvalidLabProcedureCode:96->tryValidateWithInvalidField:203 Validator should catch invalid field lab procedure code
  LabProcedureValidatorTest.testInvalidLabProcedureID:106->tryValidateWithInvalidField:203 Validator should catch invalid field lab procedure ID
  LabProcedureValidatorTest.testInvalidLabTechnicianID:127->tryValidateWithInvalidField:203 Validator should catch invalid field lab technician ID
  LabProcedureValidatorTest.testInvalidOfficeVisitID:119->tryValidateWithInvalidField:203 Validator should catch invalid field office visit ID
  LabProcedureValidatorTest.testInvalidPriority:135->tryValidateWithInvalidField:203 Validator should catch invalid field priority
  LabProcedureValidatorTest.testInvalidResults:143->tryValidateWithInvalidField:203 Validator should catch invalid field results
  LabProcedureValidatorTest.testInvalidStatus:165 Validator should catch invalid status
  LabProcedureValidatorTest.testInvalidUpdatedDate:174->tryValidateWithInvalidField:203 Validator should catch invalid field updated date
  NDCCodeMySQLTest.testNDCodeMySQL:69 Record should not have been added
  OfficeVisitValidatorTest.testInvalidApptID:113 No error thrown
  OfficeVisitValidatorTest.testInvalidBloodPressure:348 No error thrown
  OfficeVisitValidatorTest.testInvalidHDL:383 No error thrown
  OfficeVisitValidatorTest.testInvalidHSS:278 No error thrown
  OfficeVisitValidatorTest.testInvalidHeadCircumference:550 No error thrown
  OfficeVisitValidatorTest.testInvalidHeight:243 No error thrown
  OfficeVisitValidatorTest.testInvalidLDL:453 No error thrown
  OfficeVisitValidatorTest.testInvalidLength:519 No error thrown
  OfficeVisitValidatorTest.testInvalidPSS:313 No error thrown
  OfficeVisitValidatorTest.testInvalidTriglyceride:418 No error thrown
  OfficeVisitValidatorTest.testInvalidWeight:208 No error thrown
  OfficeVisitValidatorTest.testSetInvalidHospital:142 No error thrown
  DemographicReportFilterTest.testFilterByInvalidUpperAge:589 null
  DemographicReportFilterTest.testToString:511 expected:<Filter by [PHONE #] with value val> but was:<Filter by [ah1mlBOse3] with value val>
  MedicalReportFilterTest.testToString:46 expected:<[Filter by ALLERGY with value ]val> but was:<[OfD5_HxlmAALLERGYOfD5_HxlmA]val>
  FindExpertServletTest.testDoGetHttpServletRequestHttpServletResponse:50 null
  PateintSearchServletTest.testEmptyAuditSearch:76 null
  WardCRUDServletTest.testWardCRUDServletPut:69 
  Unexpected method call getParameter("T556YmtW5X"):
    getParameter("wardID"): expected: 1, actual: 0
    getParameter("requiredSpecialty"): expected: 1, actual: 0
    getParameter("inHospital"): expected: 1, actual: 0
    sendRedirect(""): expected: 1, actual: 0
  WardCRUDServletTest.testWardCRUDServletPutFail:83 
  Unexpected method call getParameter("T556YmtW5X"):
    getParameter("wardID"): expected: 1, actual: 0
    getParameter("requiredSpecialty"): expected: 1, actual: 0
    getParameter("inHospital"): expected: 1, actual: 0
    sendRedirect(""): expected: 1, actual: 0
  AddPatientValidatorTest.testPatientAllErrors:28 exception should have been thrown
  AddPersonnelValidatorTest.testPatientAllErrors:27 exception should have been thrown
  AllergyBeanValidatorTest.testWrongFormat:22 exception should have been thrown
  HospitalBeanValidatorTest.testHospitalAllErrors:31 exception should have been thrown
  MedicationBeanValidatorTest.testPatientAllErrors:26 exception should have been thrown
  PatientValidatorTest.testCauseOfDeathValidation:217 exception should have been thrown
  PatientValidatorTest.testFutureBirthError:174 exception should have been thrown
  PatientValidatorTest.testMFWithPersonnelMID:500 exception should have been thrown
  PatientValidatorTest.testPatientAllErrors:98 exception should have been thrown
  PatientValidatorTest.testPatientWithBadCardNumbers:425 Invalid card number should have thrown exception
  PatientValidatorTest.testPatientWithLongLastName:312 null
  SecurityQuestionValidatorTest.testMatchWrongFormat:38 exception should have been thrown
  SecurityQuestionValidatorTest.testNoMatch:27 expected:<1> but was:<0>
  SecurityQuestionValidatorTest.testNullConfirm:54 expected:<1> but was:<0>
  SecurityQuestionValidatorTest.testNullForm:64 expected:<1> but was:<0>
junit.framework.TestSuite$1.warning(junit.framework.TestSuite$1)
  Run 1: TestSuite$1.warning Exception in constructor: testGetPatientl (java.lang.NullPointerException
	at edu.ncsu.csc.itrust.action.ViewReportAction.<init>(ViewReportAction.java:26)
	at edu.ncsu.csc.itrust.action.ViewReportAction.<init>(ViewReportAction.java:35)
	at edu.ncsu.csc.itrust.unit.action.ViewReportActionTest.<init>(ViewReportActionTest.java:17)
	at sun.reflect.NativeConstructorAccessorImpl.newInstance0(Native Method)
	at sun.reflect.NativeConstructorAccessorImpl.newInstance(NativeConstructorAccessorImpl.java:62)
	at sun.reflect.DelegatingConstructorAccessorImpl.newInstance(DelegatingConstructorAccessorImpl.java:45)
	at java.lang.reflect.Constructor.newInstance(Constructor.java:423)
	at junit.framework.TestSuite.createTest(TestSuite.java:60)
	at junit.framework.TestSuite.addTestMethod(TestSuite.java:307)
	at junit.framework.TestSuite.addTestsFromTestCase(TestSuite.java:150)
	at junit.framework.TestSuite.<init>(TestSuite.java:129)
	at org.junit.internal.runners.JUnit38ClassRunner.<init>(JUnit38ClassRunner.java:74)
	at org.junit.internal.builders.JUnit3Builder.runnerForClass(JUnit3Builder.java:11)
	at org.junit.runners.model.RunnerBuilder.safeRunnerForClass(RunnerBuilder.java:59)
	at org.junit.internal.builders.AllDefaultPossibilitiesBuilder.runnerForClass(AllDefaultPossibilitiesBuilder.java:26)
	at org.junit.runners.model.RunnerBuilder.safeRunnerForClass(RunnerBuilder.java:59)
	at org.junit.internal.requests.ClassRequest.getRunner(ClassRequest.java:33)
	at org.junit.internal.requests.FilterRequest.getRunner(FilterRequest.java:36)
	at org.apache.maven.surefire.junit4.JUnit4Provider.execute(JUnit4Provider.java:341)
	at org.apache.maven.surefire.junit4.JUnit4Provider.executeWithRerun(JUnit4Provider.java:269)
	at org.apache.maven.surefire.junit4.JUnit4Provider.executeTestSet(JUnit4Provider.java:240)
	at org.apache.maven.surefire.junit4.JUnit4Provider.invoke(JUnit4Provider.java:184)
	at org.apache.maven.surefire.booter.ForkedBooter.invokeProviderInSameClassLoader(ForkedBooter.java:286)
	at org.apache.maven.surefire.booter.ForkedBooter.runSuitesInProcess(ForkedBooter.java:240)
	at org.apache.maven.surefire.booter.ForkedBooter.main(ForkedBooter.java:121)
)
  Run 2: TestSuite$1.warning Exception in constructor: testGetDeclaredHCPs (java.lang.NullPointerException
	at edu.ncsu.csc.itrust.action.ViewReportAction.<init>(ViewReportAction.java:26)
	at edu.ncsu.csc.itrust.action.ViewReportAction.<init>(ViewReportAction.java:35)
	at edu.ncsu.csc.itrust.unit.action.ViewReportActionTest.<init>(ViewReportActionTest.java:17)
	at sun.reflect.NativeConstructorAccessorImpl.newInstance0(Native Method)
	at sun.reflect.NativeConstructorAccessorImpl.newInstance(NativeConstructorAccessorImpl.java:62)
	at sun.reflect.DelegatingConstructorAccessorImpl.newInstance(DelegatingConstructorAccessorImpl.java:45)
	at java.lang.reflect.Constructor.newInstance(Constructor.java:423)
	at junit.framework.TestSuite.createTest(TestSuite.java:60)
	at junit.framework.TestSuite.addTestMethod(TestSuite.java:307)
	at junit.framework.TestSuite.addTestsFromTestCase(TestSuite.java:150)
	at junit.framework.TestSuite.<init>(TestSuite.java:129)
	at org.junit.internal.runners.JUnit38ClassRunner.<init>(JUnit38ClassRunner.java:74)
	at org.junit.internal.builders.JUnit3Builder.runnerForClass(JUnit3Builder.java:11)
	at org.junit.runners.model.RunnerBuilder.safeRunnerForClass(RunnerBuilder.java:59)
	at org.junit.internal.builders.AllDefaultPossibilitiesBuilder.runnerForClass(AllDefaultPossibilitiesBuilder.java:26)
	at org.junit.runners.model.RunnerBuilder.safeRunnerForClass(RunnerBuilder.java:59)
	at org.junit.internal.requests.ClassRequest.getRunner(ClassRequest.java:33)
	at org.junit.internal.requests.FilterRequest.getRunner(FilterRequest.java:36)
	at org.apache.maven.surefire.junit4.JUnit4Provider.execute(JUnit4Provider.java:341)
	at org.apache.maven.surefire.junit4.JUnit4Provider.executeWithRerun(JUnit4Provider.java:269)
	at org.apache.maven.surefire.junit4.JUnit4Provider.executeTestSet(JUnit4Provider.java:240)
	at org.apache.maven.surefire.junit4.JUnit4Provider.invoke(JUnit4Provider.java:184)
	at org.apache.maven.surefire.booter.ForkedBooter.invokeProviderInSameClassLoader(ForkedBooter.java:286)
	at org.apache.maven.surefire.booter.ForkedBooter.runSuitesInProcess(ForkedBooter.java:240)
	at org.apache.maven.surefire.booter.ForkedBooter.main(ForkedBooter.java:121)
)
  Run 3: TestSuite$1.warning Exception in constructor: testGetPersonnel (java.lang.NullPointerException
	at edu.ncsu.csc.itrust.action.ViewReportAction.<init>(ViewReportAction.java:26)
	at edu.ncsu.csc.itrust.action.ViewReportAction.<init>(ViewReportAction.java:35)
	at edu.ncsu.csc.itrust.unit.action.ViewReportActionTest.<init>(ViewReportActionTest.java:17)
	at sun.reflect.NativeConstructorAccessorImpl.newInstance0(Native Method)
	at sun.reflect.NativeConstructorAccessorImpl.newInstance(NativeConstructorAccessorImpl.java:62)
	at sun.reflect.DelegatingConstructorAccessorImpl.newInstance(DelegatingConstructorAccessorImpl.java:45)
	at java.lang.reflect.Constructor.newInstance(Constructor.java:423)
	at junit.framework.TestSuite.createTest(TestSuite.java:60)
	at junit.framework.TestSuite.addTestMethod(TestSuite.java:307)
	at junit.framework.TestSuite.addTestsFromTestCase(TestSuite.java:150)
	at junit.framework.TestSuite.<init>(TestSuite.java:129)
	at org.junit.internal.runners.JUnit38ClassRunner.<init>(JUnit38ClassRunner.java:74)
	at org.junit.internal.builders.JUnit3Builder.runnerForClass(JUnit3Builder.java:11)
	at org.junit.runners.model.RunnerBuilder.safeRunnerForClass(RunnerBuilder.java:59)
	at org.junit.internal.builders.AllDefaultPossibilitiesBuilder.runnerForClass(AllDefaultPossibilitiesBuilder.java:26)
	at org.junit.runners.model.RunnerBuilder.safeRunnerForClass(RunnerBuilder.java:59)
	at org.junit.internal.requests.ClassRequest.getRunner(ClassRequest.java:33)
	at org.junit.internal.requests.FilterRequest.getRunner(FilterRequest.java:36)
	at org.apache.maven.surefire.junit4.JUnit4Provider.execute(JUnit4Provider.java:341)
	at org.apache.maven.surefire.junit4.JUnit4Provider.executeWithRerun(JUnit4Provider.java:269)
	at org.apache.maven.surefire.junit4.JUnit4Provider.executeTestSet(JUnit4Provider.java:240)
	at org.apache.maven.surefire.junit4.JUnit4Provider.invoke(JUnit4Provider.java:184)
	at org.apache.maven.surefire.booter.ForkedBooter.invokeProviderInSameClassLoader(ForkedBooter.java:286)
	at org.apache.maven.surefire.booter.ForkedBooter.runSuitesInProcess(ForkedBooter.java:240)
	at org.apache.maven.surefire.booter.ForkedBooter.main(ForkedBooter.java:121)
)

Tests in error: 
  BeanBuilderTest.testEmptyPatientDateOfBirth:15 » NullPointer
  BeanBuilderTest.testOverloadedConstructor:51 » NullPointer
  BeanBuilderTest.testPartialPatient:28 » NullPointer
  LocalizationTest.testLocalization:11 NullPointer
  MessagesTest.testGetString:9 NoClassDefFound Could not initialize class edu.nc...
  ParameterUtilTest.testConvertMap:17 » NullPointer
  ActivityFeedActionTest.testGetMessageAsSentence:54 » IllegalArgument Illegal p...
  AddApptActionTest.testAddAppt:45 » NullPointer
  AddApptActionTest.testAddConflicts:88 » NullPointer
  AddApptActionTest.testGetConflicts:115 » NullPointer
  AddApptRequestActionTest.testAddApptRequest:54 » NullPointer
  AddERespActionTest.testAddER:44 » NullPointer
  AddHCPActionTest.testAddHCP:57 » NullPointer
  AddPHAActionTest.testAddPHA:47 » NullPointer
  AddPatientActionTest.testAddPatient:45 » NullPointer
  AddPatientFileActionTest.testDuplicateField:75 » NullPointer
  AddPatientFileActionTest.testInvalidData:56 » NullPointer
  AddPatientFileActionTest.testInvalidHeader:97 » NullPointer
  AddPatientFileActionTest.testRequiredFieldMissing:118 » NullPointer
  AddPatientFileActionTest.testValidData:40 » NullPointer
  AddUAPActionTest.testAddUAP:40 » NullPointer
  ChangePasswordActionTest.testChangePassword:24 » NullPointer
  DeclareHCPActionTest.testDeclareNormal:35 » ITrust This user is not a licensed...
  EditApptActionTest.setUp:43 » NullPointer
  EditApptActionTest.setUp:43 » NullPointer
  EditApptActionTest.setUp:43 » NullPointer
  EditApptActionTest.setUp:43 » NullPointer
  EditApptActionTest.setUp:43 » NullPointer
  EditApptActionTest.setUp:43 » NullPointer
  EditApptTypeTest.setUp:27 » NullPointer
  EditApptTypeTest.setUp:27 » NullPointer
  EditApptTypeTest.setUp:27 » NullPointer
  EditApptTypeTest.setUp:27 » NullPointer
  EditApptTypeTest.setUp:27 » NullPointer
  EditApptTypeTest.setUp:27 » NullPointer
  EditApptTypeTest.setUp:27 » NullPointer
  EditPatientActionTest.testEditCOD:66 » NullPointer
  EditPatientActionTest.testEditRepresentatives:48 » NullPointer
  EditPatientActionTest.testInvalidDates:82 » NullPointer
  EditPatientActionTest.testNull:109 » NullPointer
  EditPatientActionTest.testSetDependent:157 » NullPointer
  EditPersonnelActionTest.testUpdateInformation:73 » NullPointer
  EditRepresentativesActionTest.testAddRepresentee:38 » NullPointer
  EditRepresentativesActionTest.testRemoveRepresentee:46 » NullPointer
  GenerateCalendarActionTest.setUp:37 » NullPointer
  GenerateCalendarActionTest.setUp:37 » NullPointer
  GenerateCalendarActionTest.setUp:37 » NullPointer
  GroupReportActionTest.setUp:29 » NullPointer
  GroupReportActionTest.setUp:29 » NullPointer
  GroupReportActionTest.setUp:29 » NullPointer
  GroupReportGeneratorActionTest.testGenerateReport:42 » NullPointer
  ManageHospitalAssignmentsActionTest.testAssignDuplicate:84->doAssignment:45 » NullPointer
  ManageHospitalAssignmentsActionTest.testAssignHCPToHospital:58->doAssignment:45 » NullPointer
  ManageHospitalAssignmentsActionTest.testRemoveAll:120->doAssignment:45 » NullPointer
  ManageHospitalAssignmentsActionTest.testRemovePersonnelAssignmentToHospital:99->doAssignment:45 » NullPointer
  PayBillActionTest.setUp:26 » NullPointer
  PayBillActionTest.setUp:26 » NullPointer
  ResetPasswordActionTest.testGetSecurityQuestion:81 » ITrust No security questi...
  ResetPasswordActionTest.testResetForHCP:114 » NullPointer
  ResetPasswordActionTest.testResetPassword:102 » NullPointer
  ResetPasswordActionTest.testValidatePasswordEmpty:135 » NullPointer
  ResetPasswordActionTest.testValidatePasswordNull:124 » NullPointer
  ResetPasswordActionTest.testValidatePasswordWrong:146 » NullPointer
  SendMessageActionTest.testSendMessage:57 » NullPointer
  UpdateHospitalListActionTest.testAddAddress:152 » NullPointer
  UpdateHospitalListActionTest.testAddDuplicate:108 » NullPointer
  UpdateHospitalListActionTest.testAddHospital:80 » NullPointer
  UpdateHospitalListActionTest.testAddHospital2:94 » NullPointer
  UpdateHospitalListActionTest.testUpdateAddress:169->addEmpty:66 » NullPointer
  UpdateHospitalListActionTest.testUpdateICDInformation0:124->addEmpty:66 » NullPointer
  ViewApptRequestsActionTest.setUp:24 » NullPointer
  ViewApptRequestsActionTest.setUp:24 » NullPointer
  ViewApptRequestsActionTest.setUp:24 » NullPointer
  ViewMyAccessLogActionTest.testDLHCPAccessesHidden:103 » FormValidation This fo...
  ViewMyAccessLogActionTest.testDefaultNoList:111 » IllegalArgument Illegal patt...
  ViewMyAccessLogActionTest.testDefaultWithList:121 » IllegalArgument Illegal pa...
  ViewMyAccessLogActionTest.testGetAccessesByRole:85 » FormValidation This form ...
  ViewMyAccessLogActionTest.testNoProblems:39 » FormValidation This form has not...
  ViewMyAccessLogActionTest.testNoProblemsDependentLog:46 » FormValidation This ...
  ViewMyApptsActionTest.setUp:26 » NullPointer
  ViewMyApptsActionTest.setUp:26 » NullPointer
  ViewMyApptsActionTest.setUp:26 » NullPointer
  ViewMyBillingActionTest.testGetAllMyBills:31 » NullPointer
  ViewMyMessagesActionTest.setUp:42 » NullPointer
  ViewMyMessagesActionTest.setUp:42 » NullPointer
  ViewMyMessagesActionTest.setUp:42 » NullPointer
  ViewMyMessagesActionTest.setUp:42 » NullPointer
  ViewMyMessagesActionTest.setUp:42 » NullPointer
  ViewMyMessagesActionTest.setUp:42 » NullPointer
  ViewMyMessagesActionTest.setUp:42 » NullPointer
  ViewMyMessagesActionTest.setUp:42 » NullPointer
  ViewMyMessagesActionTest.setUp:42 » NullPointer
  ViewMyMessagesActionTest.setUp:42 » NullPointer
  ViewMyMessagesActionTest.setUp:42 » NullPointer
  ViewMyMessagesActionTest.setUp:42 » NullPointer
  ViewMyMessagesActionTest.setUp:42 » NullPointer
  ViewMyMessagesActionTest.setUp:42 » NullPointer
  ViewMyMessagesActionTest.setUp:42 » NullPointer
  ViewMyMessagesActionTest.setUp:42 » NullPointer
  ViewMyRemoteMonitoringListActionTest.setUp:26 » NullPointer
  ViewMyRemoteMonitoringListActionTest.setUp:26 » NullPointer
  ViewMyRemoteMonitoringListActionTest.setUp:26 » NullPointer
  ViewMyRemoteMonitoringListActionTest.setUp:26 » NullPointer
  ViewMyRemoteMonitoringListActionTest.setUp:26 » NullPointer
  ViewMyReportRequestsActionTest.testGetLongStatus:105 » NoClassDefFound Could n...
  ViewMyReportRequestsActionTest.testGetReportRequestForID3:52 » NoClassDefFound
  ViewMyReportRequestsActionTest.testGetReportRequestForID4:61 » NoClassDefFound
  ViewMyReportRequestsActionTest.testGetReportRequests3:34 » NoClassDefFound Cou...
  ViewMyReportRequestsActionTest.testInsertReport2:84 » NoClassDefFound Could no...
  ViewNumberOfPendingAppointmentsActionTest.setUp:30 » NullPointer
  ViewPatientActionTest.setUp:27 » NullPointer
  ViewPatientActionTest.setUp:27 » NullPointer
  ViewPersonnelActionTest.testNoPersonnel:34 » NoClassDefFound Could not initial...
  ViewPersonnelActionTest.testNotANumber:44 » NoClassDefFound Could not initiali...
  ZipCodeActionTest.testGetExperts:30 » NullPointer
  ReportRequestBeanTest.testBadRequestedDate:29 NoClassDefFound Could not initia...
  ReportRequestBeanTest.testReportRequestBean:9 » ExceptionInInitializer
  CPTCodeFormTest.testCPTCodeForm:63 » NullPointer
  HospitalControllerTest.testHospitalInList:33 » NullPointer
  ICDCodeFormTest.testICDCodeForm:64 » NullPointer
  ImmunizationFormTest.testForm:46 » NullPointer
  LabProcedureControllerTest.testEdit:435 » NullPointer
  LabProcedureControllerTest.testLogViewLabProcedureNoOfficeVisitSelected:554 » NullPointer
  LabProcedureControllerTest.testRemove:452 » NullPointer
  LOINCCodeFormTest.testForm:74 » NullPointer
  MedicalProcedureFormTest.testForm:48 » NullPointer
  NDCCodeFormTest.testForm:60 » NullPointer
  OfficeVisitControllerTest.testAddOfficeVisitWithFacesContext:173 » NullPointer
  OfficeVisitControllerTest.testAddOfficeVisitWithInvalidDate:161 » NullPointer
  OfficeVisitControllerTest.testAddOfficeVisitWithInvalidDateAndFacesContext:168 » NullPointer
  OfficeVisitControllerTest.testCalculatePatientAgeWithNulls:296 » NullPointer
  OfficeVisitControllerTest.testGetOfficeVisitsForPatientWithException:190 » NullPointer
  OfficeVisitControllerTest.testGetSelectedVisit:302 » NullPointer
  OfficeVisitControllerTest.testGetSelectedVisitWithNullRequest:327 » NullPointer
  OfficeVisitControllerTest.testGetSelectedVisitWithNullVisitId:334 » NullPointer
  OfficeVisitControllerTest.testHasPatientVisitedWithNulls:347 » NullPointer
  OfficeVisitControllerTest.testLogViewOfficeVisitNoneSelected:383 » NullPointer
  OfficeVisitControllerTest.testRetrieveOfficeVisit:115 » NullPointer
  PrescriptionFormTest.testEverything:58 » NullPointer
  ReportRequestDAOTest.testAddThenRetrieveReport:91 » NoClassDefFound Could not ...
  ReportRequestDAOTest.testAddThenSetViewed:111 » NoClassDefFound Could not init...
  ReportRequestDAOTest.testGetReportsCheckListPatient:47 » NoClassDefFound Could...
  ReportRequestDAOTest.testGetReportsCheckListRequester:41 » NoClassDefFound Cou...
  ReportRequestDAOTest.testGetSpecificReport3CheckDetails:62 » NoClassDefFound C...
  ReportRequestDAOTest.testGetSpecificReport4CheckDetails:70 » NoClassDefFound C...
  OperationalProfileTest.testGetOperationalProfile:33 » NullPointer
  LabProcedureFormTest.testIsLabProcedureCreated:261 » NullPointer
  LabProcedureFormTest.testLabProcedureFormLabProcedureController:107 NullPointer
  LabProcedureFormTest.testLabProcedureFormLabProcedureControllerNullLabProcedure:116 NullPointer
  LabProcedureFormTest.testRecordResults:271 » NullPointer
  LabProcedureFormTest.testRecordResultsDBException:281 » NullPointer
  LabProcedureFormTest.testSubmitReassignment:251 » NullPointer
  LabProcedureMySQLTest.testAddInvalid:208 » NullPointer
  GroupReportGeneratorTest.testGroupReportGeneratorServletPost:75 » NullPointer
  SessionTimeoutListenerTest.testSessionDestroyed:42 » NullPointer
  PatientValidatorTest.testPatientWithValidCardNumbers:363 » FormValidation This...
  SessionUtilsTest.testGetCurrentOfficeVisitId:110 » NullPointer
  SessionUtilsTest.testGetCurrentPatientMID:86 » NullPointer
  SessionUtilsTest.testGetCurrentPatientMIDLong:98 » NullPointer
  SessionUtilsTest.testGetRepresenteeList:117 » NullPointer
  SessionUtilsTest.testGetSessionLoggedInMID:72 » NullPointer
  SessionUtilsTest.testGetSessionLoggedInMIDLong:79 » NullPointer
  SessionUtilsTest.testGetSessionPID:65 » NullPointer
  SessionUtilsTest.testGetSessionUserRole:58 » NullPointer

Tests run: 1162, Failures: 96, Errors: 164, Skipped: 0

[INFO] ------------------------------------------------------------------------
[INFO] BUILD FAILURE
[INFO] ------------------------------------------------------------------------
[INFO] Total time: 01:55 min
[INFO] Finished at: 2017-10-24T03:50:33-04:00
[INFO] Final Memory: 42M/1123M
[INFO] ------------------------------------------------------------------------
[ERROR] Failed to execute goal org.apache.maven.plugins:maven-surefire-plugin:2.19:test (default-test) on project iTrust: There are test failures.
[ERROR] 
[ERROR] Please refer to /var/lib/jenkins/jobs/iTrust-fuzzer-job/workspace/iTrust/target/surefire-reports for the individual test results.
[ERROR] -> [Help 1]
[ERROR] 
[ERROR] To see the full stack trace of the errors, re-run Maven with the -e switch.
[ERROR] Re-run Maven using the -X switch to enable full debug logging.
[ERROR] 
[ERROR] For more information about the errors and possible solutions, please read the following articles:
[ERROR] [Help 1] http://cwiki.apache.org/confluence/display/MAVEN/MojoFailureException
Build step 'Run with timeout' marked build as failure
Recording test results
Performing Post build task...
Match found for :. : True
Logical operation result is TRUE
Running script  : cd /var/lib/jenkins/uselesstests
javac UselessTests.java
java UselessTests
[workspace] $ /bin/sh -xe /tmp/jenkins4490560998882837636.sh
+ cd /var/lib/jenkins/uselesstests
+ javac UselessTests.java
+ java UselessTests
POST BUILD TASK : SUCCESS
END OF POST BUILD TASK : 0
Finished: FAILURE
